CRITICAL - 2020-08-21 08:59:41 --> Undefined property: stdClass::$contact_no_hp
#0 /media/egova/programming/htdocs/Pro-Profil-Dist-Rak/app/Views/layout-frontend/_partials/scripts.php(129): CodeIgniter\Debug\Exceptions->errorHandler()
#1 /media/egova/programming/htdocs/Pro-Profil-Dist-Rak/system/View/View.php(246): include('/media/egova/pr...')
#2 /media/egova/programming/htdocs/Pro-Profil-Dist-Rak/system/Common.php(1119): CodeIgniter\View\View->render()
#3 /media/egova/programming/htdocs/Pro-Profil-Dist-Rak/app/Views/index-frontend.php(16): view()
#4 /media/egova/programming/htdocs/Pro-Profil-Dist-Rak/system/View/View.php(246): include('/media/egova/pr...')
#5 /media/egova/programming/htdocs/Pro-Profil-Dist-Rak/system/Common.php(1119): CodeIgniter\View\View->render()
#6 /media/egova/programming/htdocs/Pro-Profil-Dist-Rak/app/Controllers/Home.php(44): view()
#7 /media/egova/programming/htdocs/Pro-Profil-Dist-Rak/system/CodeIgniter.php(918): App\Controllers\Home->index()
#8 /media/egova/programming/htdocs/Pro-Profil-Dist-Rak/system/CodeIgniter.php(404): CodeIgniter\CodeIgniter->runController()
#9 /media/egova/programming/htdocs/Pro-Profil-Dist-Rak/system/CodeIgniter.php(312): CodeIgniter\CodeIgniter->handleRequest()
#10 /media/egova/programming/htdocs/Pro-Profil-Dist-Rak/public/index.php(46): CodeIgniter\CodeIgniter->run()
#11 /media/egova/programming/htdocs/Pro-Profil-Dist-Rak/system/Commands/Server/rewrite.php(34): require_once('/media/egova/pr...')
#12 {main}
CRITICAL - 2020-08-21 14:25:58 --> Undefined property: App\Controllers\Slider::$Category
#0 /media/egova/programming/htdocs/Pro-Profil-Dist-Rak/app/Controllers/Slider.php(95): CodeIgniter\Debug\Exceptions->errorHandler()
#1 /media/egova/programming/htdocs/Pro-Profil-Dist-Rak/system/CodeIgniter.php(918): App\Controllers\Slider->create()
#2 /media/egova/programming/htdocs/Pro-Profil-Dist-Rak/system/CodeIgniter.php(404): CodeIgniter\CodeIgniter->runController()
#3 /media/egova/programming/htdocs/Pro-Profil-Dist-Rak/system/CodeIgniter.php(312): CodeIgniter\CodeIgniter->handleRequest()
#4 /media/egova/programming/htdocs/Pro-Profil-Dist-Rak/public/index.php(46): CodeIgniter\CodeIgniter->run()
#5 /media/egova/programming/htdocs/Pro-Profil-Dist-Rak/system/Commands/Server/rewrite.php(34): require_once('/media/egova/pr...')
#6 {main}
CRITICAL - 2020-08-21 15:16:45 --> Column 'gallery_nama' cannot be null
#0 /media/egova/programming/htdocs/Pro-Profil-Dist-Rak/system/Database/MySQLi/Connection.php(331): mysqli->query()
#1 /media/egova/programming/htdocs/Pro-Profil-Dist-Rak/system/Database/BaseConnection.php(741): CodeIgniter\Database\MySQLi\Connection->execute()
#2 /media/egova/programming/htdocs/Pro-Profil-Dist-Rak/system/Database/BaseConnection.php(669): CodeIgniter\Database\BaseConnection->simpleQuery()
#3 /media/egova/programming/htdocs/Pro-Profil-Dist-Rak/system/Database/BaseBuilder.php(2249): CodeIgniter\Database\BaseConnection->query()
#4 /media/egova/programming/htdocs/Pro-Profil-Dist-Rak/app/Models/GalleryModel.php(19): CodeIgniter\Database\BaseBuilder->insert()
#5 /media/egova/programming/htdocs/Pro-Profil-Dist-Rak/app/Controllers/Gallery.php(104): App\Models\GalleryModel->tambah()
#6 /media/egova/programming/htdocs/Pro-Profil-Dist-Rak/system/CodeIgniter.php(918): App\Controllers\Gallery->store()
#7 /media/egova/programming/htdocs/Pro-Profil-Dist-Rak/system/CodeIgniter.php(404): CodeIgniter\CodeIgniter->runController()
#8 /media/egova/programming/htdocs/Pro-Profil-Dist-Rak/system/CodeIgniter.php(312): CodeIgniter\CodeIgniter->handleRequest()
#9 /media/egova/programming/htdocs/Pro-Profil-Dist-Rak/public/index.php(46): CodeIgniter\CodeIgniter->run()
#10 /media/egova/programming/htdocs/Pro-Profil-Dist-Rak/system/Commands/Server/rewrite.php(34): require_once('/media/egova/pr...')
#11 {main}
CRITICAL - 2020-08-21 15:17:56 --> Undefined property: App\Controllers\Slider::$Category
#0 /media/egova/programming/htdocs/Pro-Profil-Dist-Rak/app/Controllers/Slider.php(83): CodeIgniter\Debug\Exceptions->errorHandler()
#1 /media/egova/programming/htdocs/Pro-Profil-Dist-Rak/system/CodeIgniter.php(918): App\Controllers\Slider->update()
#2 /media/egova/programming/htdocs/Pro-Profil-Dist-Rak/system/CodeIgniter.php(404): CodeIgniter\CodeIgniter->runController()
#3 /media/egova/programming/htdocs/Pro-Profil-Dist-Rak/system/CodeIgniter.php(312): CodeIgniter\CodeIgniter->handleRequest()
#4 /media/egova/programming/htdocs/Pro-Profil-Dist-Rak/public/index.php(46): CodeIgniter\CodeIgniter->run()
#5 /media/egova/programming/htdocs/Pro-Profil-Dist-Rak/system/Commands/Server/rewrite.php(34): require_once('/media/egova/pr...')
#6 {main}
CRITICAL - 2020-08-21 15:19:55 --> Undefined variable: rents
#0 /media/egova/programming/htdocs/Pro-Profil-Dist-Rak/app/Views/layout-backend/pages/slider/v_update.php(41): CodeIgniter\Debug\Exceptions->errorHandler()
#1 /media/egova/programming/htdocs/Pro-Profil-Dist-Rak/system/View/View.php(246): include('/media/egova/pr...')
#2 /media/egova/programming/htdocs/Pro-Profil-Dist-Rak/system/Common.php(1119): CodeIgniter\View\View->render()
#3 /media/egova/programming/htdocs/Pro-Profil-Dist-Rak/app/Views/index-backend.php(5): view()
#4 /media/egova/programming/htdocs/Pro-Profil-Dist-Rak/system/View/View.php(246): include('/media/egova/pr...')
#5 /media/egova/programming/htdocs/Pro-Profil-Dist-Rak/system/Common.php(1119): CodeIgniter\View\View->render()
#6 /media/egova/programming/htdocs/Pro-Profil-Dist-Rak/app/Controllers/Slider.php(84): view()
#7 /media/egova/programming/htdocs/Pro-Profil-Dist-Rak/system/CodeIgniter.php(918): App\Controllers\Slider->update()
#8 /media/egova/programming/htdocs/Pro-Profil-Dist-Rak/system/CodeIgniter.php(404): CodeIgniter\CodeIgniter->runController()
#9 /media/egova/programming/htdocs/Pro-Profil-Dist-Rak/system/CodeIgniter.php(312): CodeIgniter\CodeIgniter->handleRequest()
#10 /media/egova/programming/htdocs/Pro-Profil-Dist-Rak/public/index.php(46): CodeIgniter\CodeIgniter->run()
#11 /media/egova/programming/htdocs/Pro-Profil-Dist-Rak/system/Commands/Server/rewrite.php(34): require_once('/media/egova/pr...')
#12 {main}
CRITICAL - 2020-08-21 15:23:32 --> Undefined variable: slider
#0 /media/egova/programming/htdocs/Pro-Profil-Dist-Rak/app/Views/layout-backend/pages/slider/v_update.php(52): CodeIgniter\Debug\Exceptions->errorHandler()
#1 /media/egova/programming/htdocs/Pro-Profil-Dist-Rak/system/View/View.php(246): include('/media/egova/pr...')
#2 /media/egova/programming/htdocs/Pro-Profil-Dist-Rak/system/Common.php(1119): CodeIgniter\View\View->render()
#3 /media/egova/programming/htdocs/Pro-Profil-Dist-Rak/app/Views/index-backend.php(5): view()
#4 /media/egova/programming/htdocs/Pro-Profil-Dist-Rak/system/View/View.php(246): include('/media/egova/pr...')
#5 /media/egova/programming/htdocs/Pro-Profil-Dist-Rak/system/Common.php(1119): CodeIgniter\View\View->render()
#6 /media/egova/programming/htdocs/Pro-Profil-Dist-Rak/app/Controllers/Slider.php(84): view()
#7 /media/egova/programming/htdocs/Pro-Profil-Dist-Rak/system/CodeIgniter.php(918): App\Controllers\Slider->update()
#8 /media/egova/programming/htdocs/Pro-Profil-Dist-Rak/system/CodeIgniter.php(404): CodeIgniter\CodeIgniter->runController()
#9 /media/egova/programming/htdocs/Pro-Profil-Dist-Rak/system/CodeIgniter.php(312): CodeIgniter\CodeIgniter->handleRequest()
#10 /media/egova/programming/htdocs/Pro-Profil-Dist-Rak/public/index.php(46): CodeIgniter\CodeIgniter->run()
#11 /media/egova/programming/htdocs/Pro-Profil-Dist-Rak/system/Commands/Server/rewrite.php(34): require_once('/media/egova/pr...')
#12 {main}
CRITICAL - 2020-08-21 15:23:41 --> Undefined variable: slider
#0 /media/egova/programming/htdocs/Pro-Profil-Dist-Rak/app/Views/layout-backend/pages/slider/v_update.php(52): CodeIgniter\Debug\Exceptions->errorHandler()
#1 /media/egova/programming/htdocs/Pro-Profil-Dist-Rak/system/View/View.php(246): include('/media/egova/pr...')
#2 /media/egova/programming/htdocs/Pro-Profil-Dist-Rak/system/Common.php(1119): CodeIgniter\View\View->render()
#3 /media/egova/programming/htdocs/Pro-Profil-Dist-Rak/app/Views/index-backend.php(5): view()
#4 /media/egova/programming/htdocs/Pro-Profil-Dist-Rak/system/View/View.php(246): include('/media/egova/pr...')
#5 /media/egova/programming/htdocs/Pro-Profil-Dist-Rak/system/Common.php(1119): CodeIgniter\View\View->render()
#6 /media/egova/programming/htdocs/Pro-Profil-Dist-Rak/app/Controllers/Slider.php(84): view()
#7 /media/egova/programming/htdocs/Pro-Profil-Dist-Rak/system/CodeIgniter.php(918): App\Controllers\Slider->update()
#8 /media/egova/programming/htdocs/Pro-Profil-Dist-Rak/system/CodeIgniter.php(404): CodeIgniter\CodeIgniter->runController()
#9 /media/egova/programming/htdocs/Pro-Profil-Dist-Rak/system/CodeIgniter.php(312): CodeIgniter\CodeIgniter->handleRequest()
#10 /media/egova/programming/htdocs/Pro-Profil-Dist-Rak/public/index.php(46): CodeIgniter\CodeIgniter->run()
#11 /media/egova/programming/htdocs/Pro-Profil-Dist-Rak/system/Commands/Server/rewrite.php(34): require_once('/media/egova/pr...')
#12 {main}
CRITICAL - 2020-08-21 15:24:10 --> Undefined variable: slider
#0 /media/egova/programming/htdocs/Pro-Profil-Dist-Rak/app/Views/layout-backend/pages/slider/v_update.php(52): CodeIgniter\Debug\Exceptions->errorHandler()
#1 /media/egova/programming/htdocs/Pro-Profil-Dist-Rak/system/View/View.php(246): include('/media/egova/pr...')
#2 /media/egova/programming/htdocs/Pro-Profil-Dist-Rak/system/Common.php(1119): CodeIgniter\View\View->render()
#3 /media/egova/programming/htdocs/Pro-Profil-Dist-Rak/app/Views/index-backend.php(5): view()
#4 /media/egova/programming/htdocs/Pro-Profil-Dist-Rak/system/View/View.php(246): include('/media/egova/pr...')
#5 /media/egova/programming/htdocs/Pro-Profil-Dist-Rak/system/Common.php(1119): CodeIgniter\View\View->render()
#6 /media/egova/programming/htdocs/Pro-Profil-Dist-Rak/app/Controllers/Slider.php(84): view()
#7 /media/egova/programming/htdocs/Pro-Profil-Dist-Rak/system/CodeIgniter.php(918): App\Controllers\Slider->update()
#8 /media/egova/programming/htdocs/Pro-Profil-Dist-Rak/system/CodeIgniter.php(404): CodeIgniter\CodeIgniter->runController()
#9 /media/egova/programming/htdocs/Pro-Profil-Dist-Rak/system/CodeIgniter.php(312): CodeIgniter\CodeIgniter->handleRequest()
#10 /media/egova/programming/htdocs/Pro-Profil-Dist-Rak/public/index.php(46): CodeIgniter\CodeIgniter->run()
#11 /media/egova/programming/htdocs/Pro-Profil-Dist-Rak/system/Commands/Server/rewrite.php(34): require_once('/media/egova/pr...')
#12 {main}
CRITICAL - 2020-08-21 15:24:30 --> Undefined variable: slider
#0 /media/egova/programming/htdocs/Pro-Profil-Dist-Rak/app/Views/layout-backend/pages/slider/v_update.php(52): CodeIgniter\Debug\Exceptions->errorHandler()
#1 /media/egova/programming/htdocs/Pro-Profil-Dist-Rak/system/View/View.php(246): include('/media/egova/pr...')
#2 /media/egova/programming/htdocs/Pro-Profil-Dist-Rak/system/Common.php(1119): CodeIgniter\View\View->render()
#3 /media/egova/programming/htdocs/Pro-Profil-Dist-Rak/app/Views/index-backend.php(5): view()
#4 /media/egova/programming/htdocs/Pro-Profil-Dist-Rak/system/View/View.php(246): include('/media/egova/pr...')
#5 /media/egova/programming/htdocs/Pro-Profil-Dist-Rak/system/Common.php(1119): CodeIgniter\View\View->render()
#6 /media/egova/programming/htdocs/Pro-Profil-Dist-Rak/app/Controllers/Slider.php(84): view()
#7 /media/egova/programming/htdocs/Pro-Profil-Dist-Rak/system/CodeIgniter.php(918): App\Controllers\Slider->update()
#8 /media/egova/programming/htdocs/Pro-Profil-Dist-Rak/system/CodeIgniter.php(404): CodeIgniter\CodeIgniter->runController()
#9 /media/egova/programming/htdocs/Pro-Profil-Dist-Rak/system/CodeIgniter.php(312): CodeIgniter\CodeIgniter->handleRequest()
#10 /media/egova/programming/htdocs/Pro-Profil-Dist-Rak/public/index.php(46): CodeIgniter\CodeIgniter->run()
#11 /media/egova/programming/htdocs/Pro-Profil-Dist-Rak/system/Commands/Server/rewrite.php(34): require_once('/media/egova/pr...')
#12 {main}
CRITICAL - 2020-08-21 15:26:03 --> Unknown column 'product_foto' in 'field list'
#0 /media/egova/programming/htdocs/Pro-Profil-Dist-Rak/system/Database/MySQLi/Connection.php(331): mysqli->query()
#1 /media/egova/programming/htdocs/Pro-Profil-Dist-Rak/system/Database/BaseConnection.php(741): CodeIgniter\Database\MySQLi\Connection->execute()
#2 /media/egova/programming/htdocs/Pro-Profil-Dist-Rak/system/Database/BaseConnection.php(669): CodeIgniter\Database\BaseConnection->simpleQuery()
#3 /media/egova/programming/htdocs/Pro-Profil-Dist-Rak/system/Database/BaseBuilder.php(2456): CodeIgniter\Database\BaseConnection->query()
#4 /media/egova/programming/htdocs/Pro-Profil-Dist-Rak/app/Models/SliderModel.php(31): CodeIgniter\Database\BaseBuilder->update()
#5 /media/egova/programming/htdocs/Pro-Profil-Dist-Rak/app/Controllers/Slider.php(63): App\Models\SliderModel->edit()
#6 /media/egova/programming/htdocs/Pro-Profil-Dist-Rak/system/CodeIgniter.php(918): App\Controllers\Slider->update()
#7 /media/egova/programming/htdocs/Pro-Profil-Dist-Rak/system/CodeIgniter.php(404): CodeIgniter\CodeIgniter->runController()
#8 /media/egova/programming/htdocs/Pro-Profil-Dist-Rak/system/CodeIgniter.php(312): CodeIgniter\CodeIgniter->handleRequest()
#9 /media/egova/programming/htdocs/Pro-Profil-Dist-Rak/public/index.php(46): CodeIgniter\CodeIgniter->run()
#10 /media/egova/programming/htdocs/Pro-Profil-Dist-Rak/system/Commands/Server/rewrite.php(34): require_once('/media/egova/pr...')
#11 {main}
CRITICAL - 2020-08-21 15:30:57 --> Undefined variable: sliders
#0 /media/egova/programming/htdocs/Pro-Profil-Dist-Rak/app/Views/layout-frontend/_partials/banner.php(6): CodeIgniter\Debug\Exceptions->errorHandler()
#1 /media/egova/programming/htdocs/Pro-Profil-Dist-Rak/system/View/View.php(246): include('/media/egova/pr...')
#2 /media/egova/programming/htdocs/Pro-Profil-Dist-Rak/system/Common.php(1119): CodeIgniter\View\View->render()
#3 /media/egova/programming/htdocs/Pro-Profil-Dist-Rak/app/Views/index-frontend.php(9): view()
#4 /media/egova/programming/htdocs/Pro-Profil-Dist-Rak/system/View/View.php(246): include('/media/egova/pr...')
#5 /media/egova/programming/htdocs/Pro-Profil-Dist-Rak/system/Common.php(1119): CodeIgniter\View\View->render()
#6 /media/egova/programming/htdocs/Pro-Profil-Dist-Rak/app/Controllers/Home.php(46): view()
#7 /media/egova/programming/htdocs/Pro-Profil-Dist-Rak/system/CodeIgniter.php(918): App\Controllers\Home->index()
#8 /media/egova/programming/htdocs/Pro-Profil-Dist-Rak/system/CodeIgniter.php(404): CodeIgniter\CodeIgniter->runController()
#9 /media/egova/programming/htdocs/Pro-Profil-Dist-Rak/system/CodeIgniter.php(312): CodeIgniter\CodeIgniter->handleRequest()
#10 /media/egova/programming/htdocs/Pro-Profil-Dist-Rak/public/index.php(46): CodeIgniter\CodeIgniter->run()
#11 /media/egova/programming/htdocs/Pro-Profil-Dist-Rak/system/Commands/Server/rewrite.php(34): require_once('/media/egova/pr...')
#12 {main}
CRITICAL - 2020-08-21 15:43:57 --> Table 'dygaocom_db_rak.sliders' doesn't exist
#0 /home/dygaocom/frm_ci4/system/Database/MySQLi/Connection.php(331): mysqli->query('SELECT *\nFROM `...')
#1 /home/dygaocom/frm_ci4/system/Database/BaseConnection.php(741): CodeIgniter\Database\MySQLi\Connection->execute('SELECT *\nFROM `...')
#2 /home/dygaocom/frm_ci4/system/Database/BaseConnection.php(669): CodeIgniter\Database\BaseConnection->simpleQuery('SELECT *\nFROM `...')
#3 /home/dygaocom/frm_ci4/system/Database/BaseBuilder.php(1860): CodeIgniter\Database\BaseConnection->query('SELECT *\nFROM `...', Array, false)
#4 /home/dygaocom/frm_ci4/app/Models/SliderModel.php(23): CodeIgniter\Database\BaseBuilder->get()
#5 /home/dygaocom/frm_ci4/app/Controllers/Home.php(45): App\Models\SliderModel->get()
#6 /home/dygaocom/frm_ci4/system/CodeIgniter.php(918): App\Controllers\Home->index()
#7 /home/dygaocom/frm_ci4/system/CodeIgniter.php(404): CodeIgniter\CodeIgniter->runController(Object(App\Controllers\Home))
#8 /home/dygaocom/frm_ci4/system/CodeIgniter.php(312): CodeIgniter\CodeIgniter->handleRequest(NULL, Object(Config\Cache), false)
#9 /home/dygaocom/public_html/index.php(46): CodeIgniter\CodeIgniter->run()
#10 {main}
CRITICAL - 2020-08-21 15:58:44 --> Undefined variable: sliders
#0 /home/dygaocom/frm_ci4/app/Views/layout-frontend/_partials/banner.php(6): CodeIgniter\Debug\Exceptions->errorHandler(8, 'Undefined varia...', '/home/dygaocom/...', 6, Array)
#1 /home/dygaocom/frm_ci4/system/View/View.php(246): include('/home/dygaocom/...')
#2 /home/dygaocom/frm_ci4/system/Common.php(1119): CodeIgniter\View\View->render('layout-frontend...', Array, true)
#3 /home/dygaocom/frm_ci4/app/Views/index-frontend.php(9): view('layout-frontend...')
#4 /home/dygaocom/frm_ci4/system/View/View.php(246): include('/home/dygaocom/...')
#5 /home/dygaocom/frm_ci4/system/Common.php(1119): CodeIgniter\View\View->render('index-frontend', Array, true)
#6 /home/dygaocom/frm_ci4/app/Controllers/Home.php(138): view('index-frontend', Array)
#7 /home/dygaocom/frm_ci4/system/CodeIgniter.php(918): App\Controllers\Home->detail('17')
#8 /home/dygaocom/frm_ci4/system/CodeIgniter.php(404): CodeIgniter\CodeIgniter->runController(Object(App\Controllers\Home))
#9 /home/dygaocom/frm_ci4/system/CodeIgniter.php(312): CodeIgniter\CodeIgniter->handleRequest(NULL, Object(Config\Cache), false)
#10 /home/dygaocom/public_html/index.php(46): CodeIgniter\CodeIgniter->run()
#11 {main}
CRITICAL - 2020-08-21 16:03:46 --> Undefined variable: sliders
#0 /home/dygaocom/frm_ci4/app/Views/layout-frontend/_partials/banner.php(6): CodeIgniter\Debug\Exceptions->errorHandler(8, 'Undefined varia...', '/home/dygaocom/...', 6, Array)
#1 /home/dygaocom/frm_ci4/system/View/View.php(246): include('/home/dygaocom/...')
#2 /home/dygaocom/frm_ci4/system/Common.php(1119): CodeIgniter\View\View->render('layout-frontend...', Array, true)
#3 /home/dygaocom/frm_ci4/app/Views/index-frontend.php(9): view('layout-frontend...')
#4 /home/dygaocom/frm_ci4/system/View/View.php(246): include('/home/dygaocom/...')
#5 /home/dygaocom/frm_ci4/system/Common.php(1119): CodeIgniter\View\View->render('index-frontend', Array, true)
#6 /home/dygaocom/frm_ci4/app/Controllers/Home.php(138): view('index-frontend', Array)
#7 /home/dygaocom/frm_ci4/system/CodeIgniter.php(918): App\Controllers\Home->detail('16')
#8 /home/dygaocom/frm_ci4/system/CodeIgniter.php(404): CodeIgniter\CodeIgniter->runController(Object(App\Controllers\Home))
#9 /home/dygaocom/frm_ci4/system/CodeIgniter.php(312): CodeIgniter\CodeIgniter->handleRequest(NULL, Object(Config\Cache), false)
#10 /home/dygaocom/public_html/index.php(46): CodeIgniter\CodeIgniter->run()
#11 {main}
