CRITICAL - 2020-08-07 02:15:37 -->  filter must have a matching alias defined.
#0 /media/egova/programming/Local Server/Pro-Travel-PAI-Sumatera-Tours/system/Filters/Filters.php(150): CodeIgniter\Filters\Exceptions\FilterException::forNoAlias()
#1 /media/egova/programming/Local Server/Pro-Travel-PAI-Sumatera-Tours/system/CodeIgniter.php(382): CodeIgniter\Filters\Filters->run()
#2 /media/egova/programming/Local Server/Pro-Travel-PAI-Sumatera-Tours/system/CodeIgniter.php(312): CodeIgniter\CodeIgniter->handleRequest()
#3 /media/egova/programming/Local Server/Pro-Travel-PAI-Sumatera-Tours/public/index.php(45): CodeIgniter\CodeIgniter->run()
#4 /media/egova/programming/Local Server/Pro-Travel-PAI-Sumatera-Tours/system/Commands/Server/rewrite.php(34): require_once('/media/egova/pr...')
#5 {main}
CRITICAL - 2020-08-07 02:15:39 -->  filter must have a matching alias defined.
#0 /media/egova/programming/Local Server/Pro-Travel-PAI-Sumatera-Tours/system/Filters/Filters.php(150): CodeIgniter\Filters\Exceptions\FilterException::forNoAlias()
#1 /media/egova/programming/Local Server/Pro-Travel-PAI-Sumatera-Tours/system/CodeIgniter.php(382): CodeIgniter\Filters\Filters->run()
#2 /media/egova/programming/Local Server/Pro-Travel-PAI-Sumatera-Tours/system/CodeIgniter.php(312): CodeIgniter\CodeIgniter->handleRequest()
#3 /media/egova/programming/Local Server/Pro-Travel-PAI-Sumatera-Tours/public/index.php(45): CodeIgniter\CodeIgniter->run()
#4 /media/egova/programming/Local Server/Pro-Travel-PAI-Sumatera-Tours/system/Commands/Server/rewrite.php(34): require_once('/media/egova/pr...')
#5 {main}
CRITICAL - 2020-08-07 02:15:43 -->  filter must have a matching alias defined.
#0 /media/egova/programming/Local Server/Pro-Travel-PAI-Sumatera-Tours/system/Filters/Filters.php(150): CodeIgniter\Filters\Exceptions\FilterException::forNoAlias()
#1 /media/egova/programming/Local Server/Pro-Travel-PAI-Sumatera-Tours/system/CodeIgniter.php(382): CodeIgniter\Filters\Filters->run()
#2 /media/egova/programming/Local Server/Pro-Travel-PAI-Sumatera-Tours/system/CodeIgniter.php(312): CodeIgniter\CodeIgniter->handleRequest()
#3 /media/egova/programming/Local Server/Pro-Travel-PAI-Sumatera-Tours/public/index.php(45): CodeIgniter\CodeIgniter->run()
#4 /media/egova/programming/Local Server/Pro-Travel-PAI-Sumatera-Tours/system/Commands/Server/rewrite.php(34): require_once('/media/egova/pr...')
#5 {main}
CRITICAL - 2020-08-07 02:31:45 --> syntax error, unexpected 'if' (T_IF)
#0 /media/egova/programming/Local Server/Pro-Travel-PAI-Sumatera-Tours/system/CodeIgniter.php(364): CodeIgniter\CodeIgniter->tryToRouteIt()
#1 /media/egova/programming/Local Server/Pro-Travel-PAI-Sumatera-Tours/system/CodeIgniter.php(312): CodeIgniter\CodeIgniter->handleRequest()
#2 /media/egova/programming/Local Server/Pro-Travel-PAI-Sumatera-Tours/public/index.php(45): CodeIgniter\CodeIgniter->run()
#3 /media/egova/programming/Local Server/Pro-Travel-PAI-Sumatera-Tours/system/Commands/Server/rewrite.php(34): require_once('/media/egova/pr...')
#4 {main}
CRITICAL - 2020-08-07 02:54:08 --> login/admin filter must have a matching alias defined.
#0 /media/egova/programming/Local Server/Pro-Travel-PAI-Sumatera-Tours/system/Filters/Filters.php(150): CodeIgniter\Filters\Exceptions\FilterException::forNoAlias()
#1 /media/egova/programming/Local Server/Pro-Travel-PAI-Sumatera-Tours/system/CodeIgniter.php(382): CodeIgniter\Filters\Filters->run()
#2 /media/egova/programming/Local Server/Pro-Travel-PAI-Sumatera-Tours/system/CodeIgniter.php(312): CodeIgniter\CodeIgniter->handleRequest()
#3 /media/egova/programming/Local Server/Pro-Travel-PAI-Sumatera-Tours/public/index.php(45): CodeIgniter\CodeIgniter->run()
#4 /media/egova/programming/Local Server/Pro-Travel-PAI-Sumatera-Tours/system/Commands/Server/rewrite.php(34): require_once('/media/egova/pr...')
#5 {main}
CRITICAL - 2020-08-07 04:29:13 --> Call to undefined method App\Models\ContactModel::getRent
#0 /media/egova/programming/Local Server/Pro-Travel-PAI-Sumatera-Tours/app/Controllers/Home.php(28): CodeIgniter\Model->__call()
#1 /media/egova/programming/Local Server/Pro-Travel-PAI-Sumatera-Tours/system/CodeIgniter.php(918): App\Controllers\Home->index()
#2 /media/egova/programming/Local Server/Pro-Travel-PAI-Sumatera-Tours/system/CodeIgniter.php(404): CodeIgniter\CodeIgniter->runController()
#3 /media/egova/programming/Local Server/Pro-Travel-PAI-Sumatera-Tours/system/CodeIgniter.php(312): CodeIgniter\CodeIgniter->handleRequest()
#4 /media/egova/programming/Local Server/Pro-Travel-PAI-Sumatera-Tours/public/index.php(45): CodeIgniter\CodeIgniter->run()
#5 /media/egova/programming/Local Server/Pro-Travel-PAI-Sumatera-Tours/system/Commands/Server/rewrite.php(34): require_once('/media/egova/pr...')
#6 {main}
CRITICAL - 2020-08-07 04:35:02 --> Trying to get property 'contact_facebook' of non-object
#0 /media/egova/programming/Local Server/Pro-Travel-PAI-Sumatera-Tours/app/Views/layout-frontend/_partials/topbar.php(25): CodeIgniter\Debug\Exceptions->errorHandler()
#1 /media/egova/programming/Local Server/Pro-Travel-PAI-Sumatera-Tours/system/View/View.php(246): include('/media/egova/pr...')
#2 /media/egova/programming/Local Server/Pro-Travel-PAI-Sumatera-Tours/system/Common.php(1119): CodeIgniter\View\View->render()
#3 /media/egova/programming/Local Server/Pro-Travel-PAI-Sumatera-Tours/app/Views/index-frontend.php(4): view()
#4 /media/egova/programming/Local Server/Pro-Travel-PAI-Sumatera-Tours/system/View/View.php(246): include('/media/egova/pr...')
#5 /media/egova/programming/Local Server/Pro-Travel-PAI-Sumatera-Tours/system/Common.php(1119): CodeIgniter\View\View->render()
#6 /media/egova/programming/Local Server/Pro-Travel-PAI-Sumatera-Tours/app/Controllers/Home.php(32): view()
#7 /media/egova/programming/Local Server/Pro-Travel-PAI-Sumatera-Tours/system/CodeIgniter.php(918): App\Controllers\Home->index()
#8 /media/egova/programming/Local Server/Pro-Travel-PAI-Sumatera-Tours/system/CodeIgniter.php(404): CodeIgniter\CodeIgniter->runController()
#9 /media/egova/programming/Local Server/Pro-Travel-PAI-Sumatera-Tours/system/CodeIgniter.php(312): CodeIgniter\CodeIgniter->handleRequest()
#10 /media/egova/programming/Local Server/Pro-Travel-PAI-Sumatera-Tours/public/index.php(45): CodeIgniter\CodeIgniter->run()
#11 /media/egova/programming/Local Server/Pro-Travel-PAI-Sumatera-Tours/system/Commands/Server/rewrite.php(34): require_once('/media/egova/pr...')
#12 {main}
CRITICAL - 2020-08-07 04:35:10 --> Undefined variable: contacts
#0 /media/egova/programming/Local Server/Pro-Travel-PAI-Sumatera-Tours/app/Views/layout-frontend/_partials/topbar.php(25): CodeIgniter\Debug\Exceptions->errorHandler()
#1 /media/egova/programming/Local Server/Pro-Travel-PAI-Sumatera-Tours/system/View/View.php(246): include('/media/egova/pr...')
#2 /media/egova/programming/Local Server/Pro-Travel-PAI-Sumatera-Tours/system/Common.php(1119): CodeIgniter\View\View->render()
#3 /media/egova/programming/Local Server/Pro-Travel-PAI-Sumatera-Tours/app/Views/layout-frontend/pages/contact.php(4): view()
#4 /media/egova/programming/Local Server/Pro-Travel-PAI-Sumatera-Tours/system/View/View.php(246): include('/media/egova/pr...')
#5 /media/egova/programming/Local Server/Pro-Travel-PAI-Sumatera-Tours/system/Common.php(1119): CodeIgniter\View\View->render()
#6 /media/egova/programming/Local Server/Pro-Travel-PAI-Sumatera-Tours/app/Controllers/Home.php(37): view()
#7 /media/egova/programming/Local Server/Pro-Travel-PAI-Sumatera-Tours/system/CodeIgniter.php(918): App\Controllers\Home->contact()
#8 /media/egova/programming/Local Server/Pro-Travel-PAI-Sumatera-Tours/system/CodeIgniter.php(404): CodeIgniter\CodeIgniter->runController()
#9 /media/egova/programming/Local Server/Pro-Travel-PAI-Sumatera-Tours/system/CodeIgniter.php(312): CodeIgniter\CodeIgniter->handleRequest()
#10 /media/egova/programming/Local Server/Pro-Travel-PAI-Sumatera-Tours/public/index.php(45): CodeIgniter\CodeIgniter->run()
#11 /media/egova/programming/Local Server/Pro-Travel-PAI-Sumatera-Tours/system/Commands/Server/rewrite.php(34): require_once('/media/egova/pr...')
#12 {main}
CRITICAL - 2020-08-07 04:39:24 --> Undefined variable: contacts
#0 /media/egova/programming/Local Server/Pro-Travel-PAI-Sumatera-Tours/app/Views/layout-frontend/_partials/topbar.php(24): CodeIgniter\Debug\Exceptions->errorHandler()
#1 /media/egova/programming/Local Server/Pro-Travel-PAI-Sumatera-Tours/system/View/View.php(246): include('/media/egova/pr...')
#2 /media/egova/programming/Local Server/Pro-Travel-PAI-Sumatera-Tours/system/Common.php(1119): CodeIgniter\View\View->render()
#3 /media/egova/programming/Local Server/Pro-Travel-PAI-Sumatera-Tours/app/Views/layout-frontend/pages/contact.php(4): view()
#4 /media/egova/programming/Local Server/Pro-Travel-PAI-Sumatera-Tours/system/View/View.php(246): include('/media/egova/pr...')
#5 /media/egova/programming/Local Server/Pro-Travel-PAI-Sumatera-Tours/system/Common.php(1119): CodeIgniter\View\View->render()
#6 /media/egova/programming/Local Server/Pro-Travel-PAI-Sumatera-Tours/app/Controllers/Home.php(37): view()
#7 /media/egova/programming/Local Server/Pro-Travel-PAI-Sumatera-Tours/system/CodeIgniter.php(918): App\Controllers\Home->contact()
#8 /media/egova/programming/Local Server/Pro-Travel-PAI-Sumatera-Tours/system/CodeIgniter.php(404): CodeIgniter\CodeIgniter->runController()
#9 /media/egova/programming/Local Server/Pro-Travel-PAI-Sumatera-Tours/system/CodeIgniter.php(312): CodeIgniter\CodeIgniter->handleRequest()
#10 /media/egova/programming/Local Server/Pro-Travel-PAI-Sumatera-Tours/public/index.php(45): CodeIgniter\CodeIgniter->run()
#11 /media/egova/programming/Local Server/Pro-Travel-PAI-Sumatera-Tours/system/Commands/Server/rewrite.php(34): require_once('/media/egova/pr...')
#12 {main}
CRITICAL - 2020-08-07 04:39:54 --> Undefined variable: contacts
#0 /media/egova/programming/Local Server/Pro-Travel-PAI-Sumatera-Tours/app/Views/layout-frontend/_partials/topbar.php(24): CodeIgniter\Debug\Exceptions->errorHandler()
#1 /media/egova/programming/Local Server/Pro-Travel-PAI-Sumatera-Tours/system/View/View.php(246): include('/media/egova/pr...')
#2 /media/egova/programming/Local Server/Pro-Travel-PAI-Sumatera-Tours/system/Common.php(1119): CodeIgniter\View\View->render()
#3 /media/egova/programming/Local Server/Pro-Travel-PAI-Sumatera-Tours/app/Views/layout-frontend/pages/contact.php(4): view()
#4 /media/egova/programming/Local Server/Pro-Travel-PAI-Sumatera-Tours/system/View/View.php(246): include('/media/egova/pr...')
#5 /media/egova/programming/Local Server/Pro-Travel-PAI-Sumatera-Tours/system/Common.php(1119): CodeIgniter\View\View->render()
#6 /media/egova/programming/Local Server/Pro-Travel-PAI-Sumatera-Tours/app/Controllers/Home.php(37): view()
#7 /media/egova/programming/Local Server/Pro-Travel-PAI-Sumatera-Tours/system/CodeIgniter.php(918): App\Controllers\Home->contact()
#8 /media/egova/programming/Local Server/Pro-Travel-PAI-Sumatera-Tours/system/CodeIgniter.php(404): CodeIgniter\CodeIgniter->runController()
#9 /media/egova/programming/Local Server/Pro-Travel-PAI-Sumatera-Tours/system/CodeIgniter.php(312): CodeIgniter\CodeIgniter->handleRequest()
#10 /media/egova/programming/Local Server/Pro-Travel-PAI-Sumatera-Tours/public/index.php(45): CodeIgniter\CodeIgniter->run()
#11 /media/egova/programming/Local Server/Pro-Travel-PAI-Sumatera-Tours/system/Commands/Server/rewrite.php(34): require_once('/media/egova/pr...')
#12 {main}
CRITICAL - 2020-08-07 04:40:40 --> Undefined variable: contacts
#0 /media/egova/programming/Local Server/Pro-Travel-PAI-Sumatera-Tours/app/Views/layout-frontend/_partials/topbar.php(24): CodeIgniter\Debug\Exceptions->errorHandler()
#1 /media/egova/programming/Local Server/Pro-Travel-PAI-Sumatera-Tours/system/View/View.php(246): include('/media/egova/pr...')
#2 /media/egova/programming/Local Server/Pro-Travel-PAI-Sumatera-Tours/system/Common.php(1119): CodeIgniter\View\View->render()
#3 /media/egova/programming/Local Server/Pro-Travel-PAI-Sumatera-Tours/app/Views/layout-frontend/pages/contact.php(4): view()
#4 /media/egova/programming/Local Server/Pro-Travel-PAI-Sumatera-Tours/system/View/View.php(246): include('/media/egova/pr...')
#5 /media/egova/programming/Local Server/Pro-Travel-PAI-Sumatera-Tours/system/Common.php(1119): CodeIgniter\View\View->render()
#6 /media/egova/programming/Local Server/Pro-Travel-PAI-Sumatera-Tours/app/Controllers/Home.php(37): view()
#7 /media/egova/programming/Local Server/Pro-Travel-PAI-Sumatera-Tours/system/CodeIgniter.php(918): App\Controllers\Home->contact()
#8 /media/egova/programming/Local Server/Pro-Travel-PAI-Sumatera-Tours/system/CodeIgniter.php(404): CodeIgniter\CodeIgniter->runController()
#9 /media/egova/programming/Local Server/Pro-Travel-PAI-Sumatera-Tours/system/CodeIgniter.php(312): CodeIgniter\CodeIgniter->handleRequest()
#10 /media/egova/programming/Local Server/Pro-Travel-PAI-Sumatera-Tours/public/index.php(45): CodeIgniter\CodeIgniter->run()
#11 /media/egova/programming/Local Server/Pro-Travel-PAI-Sumatera-Tours/system/Commands/Server/rewrite.php(34): require_once('/media/egova/pr...')
#12 {main}
CRITICAL - 2020-08-07 04:40:41 --> Undefined variable: contacts
#0 /media/egova/programming/Local Server/Pro-Travel-PAI-Sumatera-Tours/app/Views/layout-frontend/_partials/topbar.php(24): CodeIgniter\Debug\Exceptions->errorHandler()
#1 /media/egova/programming/Local Server/Pro-Travel-PAI-Sumatera-Tours/system/View/View.php(246): include('/media/egova/pr...')
#2 /media/egova/programming/Local Server/Pro-Travel-PAI-Sumatera-Tours/system/Common.php(1119): CodeIgniter\View\View->render()
#3 /media/egova/programming/Local Server/Pro-Travel-PAI-Sumatera-Tours/app/Views/layout-frontend/pages/contact.php(4): view()
#4 /media/egova/programming/Local Server/Pro-Travel-PAI-Sumatera-Tours/system/View/View.php(246): include('/media/egova/pr...')
#5 /media/egova/programming/Local Server/Pro-Travel-PAI-Sumatera-Tours/system/Common.php(1119): CodeIgniter\View\View->render()
#6 /media/egova/programming/Local Server/Pro-Travel-PAI-Sumatera-Tours/app/Controllers/Home.php(37): view()
#7 /media/egova/programming/Local Server/Pro-Travel-PAI-Sumatera-Tours/system/CodeIgniter.php(918): App\Controllers\Home->contact()
#8 /media/egova/programming/Local Server/Pro-Travel-PAI-Sumatera-Tours/system/CodeIgniter.php(404): CodeIgniter\CodeIgniter->runController()
#9 /media/egova/programming/Local Server/Pro-Travel-PAI-Sumatera-Tours/system/CodeIgniter.php(312): CodeIgniter\CodeIgniter->handleRequest()
#10 /media/egova/programming/Local Server/Pro-Travel-PAI-Sumatera-Tours/public/index.php(45): CodeIgniter\CodeIgniter->run()
#11 /media/egova/programming/Local Server/Pro-Travel-PAI-Sumatera-Tours/system/Commands/Server/rewrite.php(34): require_once('/media/egova/pr...')
#12 {main}
CRITICAL - 2020-08-07 04:41:05 --> Undefined variable: contacts
#0 /media/egova/programming/Local Server/Pro-Travel-PAI-Sumatera-Tours/app/Views/layout-frontend/_partials/topbar.php(24): CodeIgniter\Debug\Exceptions->errorHandler()
#1 /media/egova/programming/Local Server/Pro-Travel-PAI-Sumatera-Tours/system/View/View.php(246): include('/media/egova/pr...')
#2 /media/egova/programming/Local Server/Pro-Travel-PAI-Sumatera-Tours/system/Common.php(1119): CodeIgniter\View\View->render()
#3 /media/egova/programming/Local Server/Pro-Travel-PAI-Sumatera-Tours/app/Views/layout-frontend/pages/contact.php(4): view()
#4 /media/egova/programming/Local Server/Pro-Travel-PAI-Sumatera-Tours/system/View/View.php(246): include('/media/egova/pr...')
#5 /media/egova/programming/Local Server/Pro-Travel-PAI-Sumatera-Tours/system/Common.php(1119): CodeIgniter\View\View->render()
#6 /media/egova/programming/Local Server/Pro-Travel-PAI-Sumatera-Tours/app/Controllers/Home.php(37): view()
#7 /media/egova/programming/Local Server/Pro-Travel-PAI-Sumatera-Tours/system/CodeIgniter.php(918): App\Controllers\Home->contact()
#8 /media/egova/programming/Local Server/Pro-Travel-PAI-Sumatera-Tours/system/CodeIgniter.php(404): CodeIgniter\CodeIgniter->runController()
#9 /media/egova/programming/Local Server/Pro-Travel-PAI-Sumatera-Tours/system/CodeIgniter.php(312): CodeIgniter\CodeIgniter->handleRequest()
#10 /media/egova/programming/Local Server/Pro-Travel-PAI-Sumatera-Tours/public/index.php(45): CodeIgniter\CodeIgniter->run()
#11 /media/egova/programming/Local Server/Pro-Travel-PAI-Sumatera-Tours/system/Commands/Server/rewrite.php(34): require_once('/media/egova/pr...')
#12 {main}
CRITICAL - 2020-08-07 09:45:00 --> Undefined variable: contacts
#0 /media/egova/programming/Local Server/Pro-Travel-PAI-Sumatera-Tours/app/Views/layout-frontend/_partials/topbar.php(24): CodeIgniter\Debug\Exceptions->errorHandler()
#1 /media/egova/programming/Local Server/Pro-Travel-PAI-Sumatera-Tours/system/View/View.php(246): include('/media/egova/pr...')
#2 /media/egova/programming/Local Server/Pro-Travel-PAI-Sumatera-Tours/system/Common.php(1119): CodeIgniter\View\View->render()
#3 /media/egova/programming/Local Server/Pro-Travel-PAI-Sumatera-Tours/app/Views/layout-frontend/pages/contact.php(4): view()
#4 /media/egova/programming/Local Server/Pro-Travel-PAI-Sumatera-Tours/system/View/View.php(246): include('/media/egova/pr...')
#5 /media/egova/programming/Local Server/Pro-Travel-PAI-Sumatera-Tours/system/Common.php(1119): CodeIgniter\View\View->render()
#6 /media/egova/programming/Local Server/Pro-Travel-PAI-Sumatera-Tours/app/Controllers/Home.php(37): view()
#7 /media/egova/programming/Local Server/Pro-Travel-PAI-Sumatera-Tours/system/CodeIgniter.php(918): App\Controllers\Home->contact()
#8 /media/egova/programming/Local Server/Pro-Travel-PAI-Sumatera-Tours/system/CodeIgniter.php(404): CodeIgniter\CodeIgniter->runController()
#9 /media/egova/programming/Local Server/Pro-Travel-PAI-Sumatera-Tours/system/CodeIgniter.php(312): CodeIgniter\CodeIgniter->handleRequest()
#10 /media/egova/programming/Local Server/Pro-Travel-PAI-Sumatera-Tours/public/index.php(45): CodeIgniter\CodeIgniter->run()
#11 /media/egova/programming/Local Server/Pro-Travel-PAI-Sumatera-Tours/system/Commands/Server/rewrite.php(34): require_once('/media/egova/pr...')
#12 {main}
CRITICAL - 2020-08-07 11:57:53 --> Undefined variable: contacts
#0 /media/egova/programming/Local Server/Pro-Travel-PAI-Sumatera-Tours/app/Views/layout-frontend/_partials/topbar.php(24): CodeIgniter\Debug\Exceptions->errorHandler()
#1 /media/egova/programming/Local Server/Pro-Travel-PAI-Sumatera-Tours/system/View/View.php(246): include('/media/egova/pr...')
#2 /media/egova/programming/Local Server/Pro-Travel-PAI-Sumatera-Tours/system/Common.php(1119): CodeIgniter\View\View->render()
#3 /media/egova/programming/Local Server/Pro-Travel-PAI-Sumatera-Tours/app/Views/layout-frontend/pages/contact.php(4): view()
#4 /media/egova/programming/Local Server/Pro-Travel-PAI-Sumatera-Tours/system/View/View.php(246): include('/media/egova/pr...')
#5 /media/egova/programming/Local Server/Pro-Travel-PAI-Sumatera-Tours/system/Common.php(1119): CodeIgniter\View\View->render()
#6 /media/egova/programming/Local Server/Pro-Travel-PAI-Sumatera-Tours/app/Controllers/Home.php(37): view()
#7 /media/egova/programming/Local Server/Pro-Travel-PAI-Sumatera-Tours/system/CodeIgniter.php(918): App\Controllers\Home->contact()
#8 /media/egova/programming/Local Server/Pro-Travel-PAI-Sumatera-Tours/system/CodeIgniter.php(404): CodeIgniter\CodeIgniter->runController()
#9 /media/egova/programming/Local Server/Pro-Travel-PAI-Sumatera-Tours/system/CodeIgniter.php(312): CodeIgniter\CodeIgniter->handleRequest()
#10 /media/egova/programming/Local Server/Pro-Travel-PAI-Sumatera-Tours/public/index.php(45): CodeIgniter\CodeIgniter->run()
#11 /media/egova/programming/Local Server/Pro-Travel-PAI-Sumatera-Tours/system/Commands/Server/rewrite.php(34): require_once('/media/egova/pr...')
#12 {main}
CRITICAL - 2020-08-07 12:04:38 --> Trying to get property 'no1' of non-object
#0 /media/egova/programming/Local Server/Pro-Travel-PAI-Sumatera-Tours/app/Views/layout-frontend/pages/contact.php(25): CodeIgniter\Debug\Exceptions->errorHandler()
#1 /media/egova/programming/Local Server/Pro-Travel-PAI-Sumatera-Tours/system/View/View.php(246): include('/media/egova/pr...')
#2 /media/egova/programming/Local Server/Pro-Travel-PAI-Sumatera-Tours/system/Common.php(1119): CodeIgniter\View\View->render()
#3 /media/egova/programming/Local Server/Pro-Travel-PAI-Sumatera-Tours/app/Controllers/Home.php(40): view()
#4 /media/egova/programming/Local Server/Pro-Travel-PAI-Sumatera-Tours/system/CodeIgniter.php(918): App\Controllers\Home->contact()
#5 /media/egova/programming/Local Server/Pro-Travel-PAI-Sumatera-Tours/system/CodeIgniter.php(404): CodeIgniter\CodeIgniter->runController()
#6 /media/egova/programming/Local Server/Pro-Travel-PAI-Sumatera-Tours/system/CodeIgniter.php(312): CodeIgniter\CodeIgniter->handleRequest()
#7 /media/egova/programming/Local Server/Pro-Travel-PAI-Sumatera-Tours/public/index.php(45): CodeIgniter\CodeIgniter->run()
#8 /media/egova/programming/Local Server/Pro-Travel-PAI-Sumatera-Tours/system/Commands/Server/rewrite.php(34): require_once('/media/egova/pr...')
#9 {main}
CRITICAL - 2020-08-07 12:05:24 --> Trying to get property 'profil_no2' of non-object
#0 /media/egova/programming/Local Server/Pro-Travel-PAI-Sumatera-Tours/app/Views/layout-frontend/pages/contact.php(26): CodeIgniter\Debug\Exceptions->errorHandler()
#1 /media/egova/programming/Local Server/Pro-Travel-PAI-Sumatera-Tours/system/View/View.php(246): include('/media/egova/pr...')
#2 /media/egova/programming/Local Server/Pro-Travel-PAI-Sumatera-Tours/system/Common.php(1119): CodeIgniter\View\View->render()
#3 /media/egova/programming/Local Server/Pro-Travel-PAI-Sumatera-Tours/app/Controllers/Home.php(40): view()
#4 /media/egova/programming/Local Server/Pro-Travel-PAI-Sumatera-Tours/system/CodeIgniter.php(918): App\Controllers\Home->contact()
#5 /media/egova/programming/Local Server/Pro-Travel-PAI-Sumatera-Tours/system/CodeIgniter.php(404): CodeIgniter\CodeIgniter->runController()
#6 /media/egova/programming/Local Server/Pro-Travel-PAI-Sumatera-Tours/system/CodeIgniter.php(312): CodeIgniter\CodeIgniter->handleRequest()
#7 /media/egova/programming/Local Server/Pro-Travel-PAI-Sumatera-Tours/public/index.php(45): CodeIgniter\CodeIgniter->run()
#8 /media/egova/programming/Local Server/Pro-Travel-PAI-Sumatera-Tours/system/Commands/Server/rewrite.php(34): require_once('/media/egova/pr...')
#9 {main}
CRITICAL - 2020-08-07 12:05:36 --> Trying to get property 'profil_no2' of non-object
#0 /media/egova/programming/Local Server/Pro-Travel-PAI-Sumatera-Tours/app/Views/layout-frontend/pages/contact.php(26): CodeIgniter\Debug\Exceptions->errorHandler()
#1 /media/egova/programming/Local Server/Pro-Travel-PAI-Sumatera-Tours/system/View/View.php(246): include('/media/egova/pr...')
#2 /media/egova/programming/Local Server/Pro-Travel-PAI-Sumatera-Tours/system/Common.php(1119): CodeIgniter\View\View->render()
#3 /media/egova/programming/Local Server/Pro-Travel-PAI-Sumatera-Tours/app/Controllers/Home.php(40): view()
#4 /media/egova/programming/Local Server/Pro-Travel-PAI-Sumatera-Tours/system/CodeIgniter.php(918): App\Controllers\Home->contact()
#5 /media/egova/programming/Local Server/Pro-Travel-PAI-Sumatera-Tours/system/CodeIgniter.php(404): CodeIgniter\CodeIgniter->runController()
#6 /media/egova/programming/Local Server/Pro-Travel-PAI-Sumatera-Tours/system/CodeIgniter.php(312): CodeIgniter\CodeIgniter->handleRequest()
#7 /media/egova/programming/Local Server/Pro-Travel-PAI-Sumatera-Tours/public/index.php(45): CodeIgniter\CodeIgniter->run()
#8 /media/egova/programming/Local Server/Pro-Travel-PAI-Sumatera-Tours/system/Commands/Server/rewrite.php(34): require_once('/media/egova/pr...')
#9 {main}
CRITICAL - 2020-08-07 12:05:50 --> Trying to get property 'profil_no2' of non-object
#0 /media/egova/programming/Local Server/Pro-Travel-PAI-Sumatera-Tours/app/Views/layout-frontend/pages/contact.php(26): CodeIgniter\Debug\Exceptions->errorHandler()
#1 /media/egova/programming/Local Server/Pro-Travel-PAI-Sumatera-Tours/system/View/View.php(246): include('/media/egova/pr...')
#2 /media/egova/programming/Local Server/Pro-Travel-PAI-Sumatera-Tours/system/Common.php(1119): CodeIgniter\View\View->render()
#3 /media/egova/programming/Local Server/Pro-Travel-PAI-Sumatera-Tours/app/Controllers/Home.php(40): view()
#4 /media/egova/programming/Local Server/Pro-Travel-PAI-Sumatera-Tours/system/CodeIgniter.php(918): App\Controllers\Home->contact()
#5 /media/egova/programming/Local Server/Pro-Travel-PAI-Sumatera-Tours/system/CodeIgniter.php(404): CodeIgniter\CodeIgniter->runController()
#6 /media/egova/programming/Local Server/Pro-Travel-PAI-Sumatera-Tours/system/CodeIgniter.php(312): CodeIgniter\CodeIgniter->handleRequest()
#7 /media/egova/programming/Local Server/Pro-Travel-PAI-Sumatera-Tours/public/index.php(45): CodeIgniter\CodeIgniter->run()
#8 /media/egova/programming/Local Server/Pro-Travel-PAI-Sumatera-Tours/system/Commands/Server/rewrite.php(34): require_once('/media/egova/pr...')
#9 {main}
CRITICAL - 2020-08-07 12:07:45 --> Trying to get property 'profil_no1' of non-object
#0 /media/egova/programming/Local Server/Pro-Travel-PAI-Sumatera-Tours/app/Views/layout-frontend/pages/contact.php(26): CodeIgniter\Debug\Exceptions->errorHandler()
#1 /media/egova/programming/Local Server/Pro-Travel-PAI-Sumatera-Tours/system/View/View.php(246): include('/media/egova/pr...')
#2 /media/egova/programming/Local Server/Pro-Travel-PAI-Sumatera-Tours/system/Common.php(1119): CodeIgniter\View\View->render()
#3 /media/egova/programming/Local Server/Pro-Travel-PAI-Sumatera-Tours/app/Controllers/Home.php(40): view()
#4 /media/egova/programming/Local Server/Pro-Travel-PAI-Sumatera-Tours/system/CodeIgniter.php(918): App\Controllers\Home->contact()
#5 /media/egova/programming/Local Server/Pro-Travel-PAI-Sumatera-Tours/system/CodeIgniter.php(404): CodeIgniter\CodeIgniter->runController()
#6 /media/egova/programming/Local Server/Pro-Travel-PAI-Sumatera-Tours/system/CodeIgniter.php(312): CodeIgniter\CodeIgniter->handleRequest()
#7 /media/egova/programming/Local Server/Pro-Travel-PAI-Sumatera-Tours/public/index.php(45): CodeIgniter\CodeIgniter->run()
#8 /media/egova/programming/Local Server/Pro-Travel-PAI-Sumatera-Tours/system/Commands/Server/rewrite.php(34): require_once('/media/egova/pr...')
#9 {main}
CRITICAL - 2020-08-07 13:04:24 --> Undefined variable: specials
#0 /media/egova/programming/Local Server/Pro-Travel-PAI-Sumatera-Tours/app/Views/index-frontend.php(14): CodeIgniter\Debug\Exceptions->errorHandler()
#1 /media/egova/programming/Local Server/Pro-Travel-PAI-Sumatera-Tours/system/View/View.php(246): include('/media/egova/pr...')
#2 /media/egova/programming/Local Server/Pro-Travel-PAI-Sumatera-Tours/system/Common.php(1119): CodeIgniter\View\View->render()
#3 /media/egova/programming/Local Server/Pro-Travel-PAI-Sumatera-Tours/app/Controllers/Home.php(32): view()
#4 /media/egova/programming/Local Server/Pro-Travel-PAI-Sumatera-Tours/system/CodeIgniter.php(918): App\Controllers\Home->index()
#5 /media/egova/programming/Local Server/Pro-Travel-PAI-Sumatera-Tours/system/CodeIgniter.php(404): CodeIgniter\CodeIgniter->runController()
#6 /media/egova/programming/Local Server/Pro-Travel-PAI-Sumatera-Tours/system/CodeIgniter.php(312): CodeIgniter\CodeIgniter->handleRequest()
#7 /media/egova/programming/Local Server/Pro-Travel-PAI-Sumatera-Tours/public/index.php(45): CodeIgniter\CodeIgniter->run()
#8 /media/egova/programming/Local Server/Pro-Travel-PAI-Sumatera-Tours/system/Commands/Server/rewrite.php(34): require_once('/media/egova/pr...')
#9 {main}
CRITICAL - 2020-08-07 13:04:59 --> Call to undefined method App\Models\SpecialModel::getSpecial
#0 /media/egova/programming/Local Server/Pro-Travel-PAI-Sumatera-Tours/app/Controllers/Home.php(34): CodeIgniter\Model->__call()
#1 /media/egova/programming/Local Server/Pro-Travel-PAI-Sumatera-Tours/system/CodeIgniter.php(918): App\Controllers\Home->index()
#2 /media/egova/programming/Local Server/Pro-Travel-PAI-Sumatera-Tours/system/CodeIgniter.php(404): CodeIgniter\CodeIgniter->runController()
#3 /media/egova/programming/Local Server/Pro-Travel-PAI-Sumatera-Tours/system/CodeIgniter.php(312): CodeIgniter\CodeIgniter->handleRequest()
#4 /media/egova/programming/Local Server/Pro-Travel-PAI-Sumatera-Tours/public/index.php(45): CodeIgniter\CodeIgniter->run()
#5 /media/egova/programming/Local Server/Pro-Travel-PAI-Sumatera-Tours/system/Commands/Server/rewrite.php(34): require_once('/media/egova/pr...')
#6 {main}
CRITICAL - 2020-08-07 13:10:45 --> Undefined variable: special
#0 /media/egova/programming/Local Server/Pro-Travel-PAI-Sumatera-Tours/app/Views/index-frontend.php(21): CodeIgniter\Debug\Exceptions->errorHandler()
#1 /media/egova/programming/Local Server/Pro-Travel-PAI-Sumatera-Tours/system/View/View.php(246): include('/media/egova/pr...')
#2 /media/egova/programming/Local Server/Pro-Travel-PAI-Sumatera-Tours/system/Common.php(1119): CodeIgniter\View\View->render()
#3 /media/egova/programming/Local Server/Pro-Travel-PAI-Sumatera-Tours/app/Controllers/Home.php(35): view()
#4 /media/egova/programming/Local Server/Pro-Travel-PAI-Sumatera-Tours/system/CodeIgniter.php(918): App\Controllers\Home->index()
#5 /media/egova/programming/Local Server/Pro-Travel-PAI-Sumatera-Tours/system/CodeIgniter.php(404): CodeIgniter\CodeIgniter->runController()
#6 /media/egova/programming/Local Server/Pro-Travel-PAI-Sumatera-Tours/system/CodeIgniter.php(312): CodeIgniter\CodeIgniter->handleRequest()
#7 /media/egova/programming/Local Server/Pro-Travel-PAI-Sumatera-Tours/public/index.php(45): CodeIgniter\CodeIgniter->run()
#8 /media/egova/programming/Local Server/Pro-Travel-PAI-Sumatera-Tours/system/Commands/Server/rewrite.php(34): require_once('/media/egova/pr...')
#9 {main}
CRITICAL - 2020-08-07 13:19:26 --> Class 'App\Controllers\GalleryModel' not found
#0 /media/egova/programming/Local Server/Pro-Travel-PAI-Sumatera-Tours/system/CodeIgniter.php(890): App\Controllers\Home->__construct()
#1 /media/egova/programming/Local Server/Pro-Travel-PAI-Sumatera-Tours/system/CodeIgniter.php(399): CodeIgniter\CodeIgniter->createController()
#2 /media/egova/programming/Local Server/Pro-Travel-PAI-Sumatera-Tours/system/CodeIgniter.php(312): CodeIgniter\CodeIgniter->handleRequest()
#3 /media/egova/programming/Local Server/Pro-Travel-PAI-Sumatera-Tours/public/index.php(45): CodeIgniter\CodeIgniter->run()
#4 /media/egova/programming/Local Server/Pro-Travel-PAI-Sumatera-Tours/system/Commands/Server/rewrite.php(34): require_once('/media/egova/pr...')
#5 {main}
CRITICAL - 2020-08-07 13:19:52 --> Class 'App\Controllers\GalleryModel' not found
#0 /media/egova/programming/Local Server/Pro-Travel-PAI-Sumatera-Tours/system/CodeIgniter.php(890): App\Controllers\Home->__construct()
#1 /media/egova/programming/Local Server/Pro-Travel-PAI-Sumatera-Tours/system/CodeIgniter.php(399): CodeIgniter\CodeIgniter->createController()
#2 /media/egova/programming/Local Server/Pro-Travel-PAI-Sumatera-Tours/system/CodeIgniter.php(312): CodeIgniter\CodeIgniter->handleRequest()
#3 /media/egova/programming/Local Server/Pro-Travel-PAI-Sumatera-Tours/public/index.php(45): CodeIgniter\CodeIgniter->run()
#4 /media/egova/programming/Local Server/Pro-Travel-PAI-Sumatera-Tours/system/Commands/Server/rewrite.php(34): require_once('/media/egova/pr...')
#5 {main}
CRITICAL - 2020-08-07 13:21:21 --> Undefined variable: row
#0 /media/egova/programming/Local Server/Pro-Travel-PAI-Sumatera-Tours/app/Views/layout-frontend/_partials/footer.php(55): CodeIgniter\Debug\Exceptions->errorHandler()
#1 /media/egova/programming/Local Server/Pro-Travel-PAI-Sumatera-Tours/system/View/View.php(246): include('/media/egova/pr...')
#2 /media/egova/programming/Local Server/Pro-Travel-PAI-Sumatera-Tours/system/Common.php(1119): CodeIgniter\View\View->render()
#3 /media/egova/programming/Local Server/Pro-Travel-PAI-Sumatera-Tours/app/Views/index-frontend.php(147): view()
#4 /media/egova/programming/Local Server/Pro-Travel-PAI-Sumatera-Tours/system/View/View.php(246): include('/media/egova/pr...')
#5 /media/egova/programming/Local Server/Pro-Travel-PAI-Sumatera-Tours/system/Common.php(1119): CodeIgniter\View\View->render()
#6 /media/egova/programming/Local Server/Pro-Travel-PAI-Sumatera-Tours/app/Controllers/Home.php(41): view()
#7 /media/egova/programming/Local Server/Pro-Travel-PAI-Sumatera-Tours/system/CodeIgniter.php(918): App\Controllers\Home->index()
#8 /media/egova/programming/Local Server/Pro-Travel-PAI-Sumatera-Tours/system/CodeIgniter.php(404): CodeIgniter\CodeIgniter->runController()
#9 /media/egova/programming/Local Server/Pro-Travel-PAI-Sumatera-Tours/system/CodeIgniter.php(312): CodeIgniter\CodeIgniter->handleRequest()
#10 /media/egova/programming/Local Server/Pro-Travel-PAI-Sumatera-Tours/public/index.php(45): CodeIgniter\CodeIgniter->run()
#11 /media/egova/programming/Local Server/Pro-Travel-PAI-Sumatera-Tours/system/Commands/Server/rewrite.php(34): require_once('/media/egova/pr...')
#12 {main}
CRITICAL - 2020-08-07 14:35:00 --> Undefined variable: specials
#0 /media/egova/programming/Local Server/Pro-Travel-PAI-Sumatera-Tours/app/Views/layout-frontend/pages/gallery.php(15): CodeIgniter\Debug\Exceptions->errorHandler()
#1 /media/egova/programming/Local Server/Pro-Travel-PAI-Sumatera-Tours/system/View/View.php(246): include('/media/egova/pr...')
#2 /media/egova/programming/Local Server/Pro-Travel-PAI-Sumatera-Tours/system/Common.php(1119): CodeIgniter\View\View->render()
#3 /media/egova/programming/Local Server/Pro-Travel-PAI-Sumatera-Tours/app/Controllers/Home.php(58): view()
#4 /media/egova/programming/Local Server/Pro-Travel-PAI-Sumatera-Tours/system/CodeIgniter.php(918): App\Controllers\Home->gallery()
#5 /media/egova/programming/Local Server/Pro-Travel-PAI-Sumatera-Tours/system/CodeIgniter.php(404): CodeIgniter\CodeIgniter->runController()
#6 /media/egova/programming/Local Server/Pro-Travel-PAI-Sumatera-Tours/system/CodeIgniter.php(312): CodeIgniter\CodeIgniter->handleRequest()
#7 /media/egova/programming/Local Server/Pro-Travel-PAI-Sumatera-Tours/public/index.php(45): CodeIgniter\CodeIgniter->run()
#8 /media/egova/programming/Local Server/Pro-Travel-PAI-Sumatera-Tours/system/Commands/Server/rewrite.php(34): require_once('/media/egova/pr...')
#9 {main}
CRITICAL - 2020-08-07 14:38:32 --> Undefined variable: gallery
#0 /media/egova/programming/Local Server/Pro-Travel-PAI-Sumatera-Tours/app/Views/layout-frontend/pages/gallery.php(10): CodeIgniter\Debug\Exceptions->errorHandler()
#1 /media/egova/programming/Local Server/Pro-Travel-PAI-Sumatera-Tours/system/View/View.php(246): include('/media/egova/pr...')
#2 /media/egova/programming/Local Server/Pro-Travel-PAI-Sumatera-Tours/system/Common.php(1119): CodeIgniter\View\View->render()
#3 /media/egova/programming/Local Server/Pro-Travel-PAI-Sumatera-Tours/app/Controllers/Home.php(59): view()
#4 /media/egova/programming/Local Server/Pro-Travel-PAI-Sumatera-Tours/system/CodeIgniter.php(918): App\Controllers\Home->gallery()
#5 /media/egova/programming/Local Server/Pro-Travel-PAI-Sumatera-Tours/system/CodeIgniter.php(404): CodeIgniter\CodeIgniter->runController()
#6 /media/egova/programming/Local Server/Pro-Travel-PAI-Sumatera-Tours/system/CodeIgniter.php(312): CodeIgniter\CodeIgniter->handleRequest()
#7 /media/egova/programming/Local Server/Pro-Travel-PAI-Sumatera-Tours/public/index.php(45): CodeIgniter\CodeIgniter->run()
#8 /media/egova/programming/Local Server/Pro-Travel-PAI-Sumatera-Tours/system/Commands/Server/rewrite.php(34): require_once('/media/egova/pr...')
#9 {main}
CRITICAL - 2020-08-07 14:40:08 --> Undefined variable: gallery
#0 /media/egova/programming/Local Server/Pro-Travel-PAI-Sumatera-Tours/app/Views/layout-frontend/pages/gallery.php(11): CodeIgniter\Debug\Exceptions->errorHandler()
#1 /media/egova/programming/Local Server/Pro-Travel-PAI-Sumatera-Tours/system/View/View.php(246): include('/media/egova/pr...')
#2 /media/egova/programming/Local Server/Pro-Travel-PAI-Sumatera-Tours/system/Common.php(1119): CodeIgniter\View\View->render()
#3 /media/egova/programming/Local Server/Pro-Travel-PAI-Sumatera-Tours/app/Controllers/Home.php(59): view()
#4 /media/egova/programming/Local Server/Pro-Travel-PAI-Sumatera-Tours/system/CodeIgniter.php(918): App\Controllers\Home->gallery()
#5 /media/egova/programming/Local Server/Pro-Travel-PAI-Sumatera-Tours/system/CodeIgniter.php(404): CodeIgniter\CodeIgniter->runController()
#6 /media/egova/programming/Local Server/Pro-Travel-PAI-Sumatera-Tours/system/CodeIgniter.php(312): CodeIgniter\CodeIgniter->handleRequest()
#7 /media/egova/programming/Local Server/Pro-Travel-PAI-Sumatera-Tours/public/index.php(45): CodeIgniter\CodeIgniter->run()
#8 /media/egova/programming/Local Server/Pro-Travel-PAI-Sumatera-Tours/system/Commands/Server/rewrite.php(34): require_once('/media/egova/pr...')
#9 {main}
CRITICAL - 2020-08-07 21:57:29 --> Undefined variable: gallery
#0 /media/egova/programming/Local Server/Pro-Travel-PAI-Sumatera-Tours/app/Views/layout-frontend/pages/gallery.php(11): CodeIgniter\Debug\Exceptions->errorHandler()
#1 /media/egova/programming/Local Server/Pro-Travel-PAI-Sumatera-Tours/system/View/View.php(246): include('/media/egova/pr...')
#2 /media/egova/programming/Local Server/Pro-Travel-PAI-Sumatera-Tours/system/Common.php(1119): CodeIgniter\View\View->render()
#3 /media/egova/programming/Local Server/Pro-Travel-PAI-Sumatera-Tours/app/Controllers/Home.php(59): view()
#4 /media/egova/programming/Local Server/Pro-Travel-PAI-Sumatera-Tours/system/CodeIgniter.php(918): App\Controllers\Home->gallery()
#5 /media/egova/programming/Local Server/Pro-Travel-PAI-Sumatera-Tours/system/CodeIgniter.php(404): CodeIgniter\CodeIgniter->runController()
#6 /media/egova/programming/Local Server/Pro-Travel-PAI-Sumatera-Tours/system/CodeIgniter.php(312): CodeIgniter\CodeIgniter->handleRequest()
#7 /media/egova/programming/Local Server/Pro-Travel-PAI-Sumatera-Tours/public/index.php(45): CodeIgniter\CodeIgniter->run()
#8 /media/egova/programming/Local Server/Pro-Travel-PAI-Sumatera-Tours/system/Commands/Server/rewrite.php(34): require_once('/media/egova/pr...')
#9 {main}
CRITICAL - 2020-08-07 22:34:50 --> Undefined variable: gallerys
#0 /media/egova/programming/Local Server/Pro-Travel-PAI-Sumatera-Tours/app/Views/layout-frontend/_partials/footer.php(54): CodeIgniter\Debug\Exceptions->errorHandler()
#1 /media/egova/programming/Local Server/Pro-Travel-PAI-Sumatera-Tours/system/View/View.php(246): include('/media/egova/pr...')
#2 /media/egova/programming/Local Server/Pro-Travel-PAI-Sumatera-Tours/system/Common.php(1119): CodeIgniter\View\View->render()
#3 /media/egova/programming/Local Server/Pro-Travel-PAI-Sumatera-Tours/app/Views/layout-frontend/pages/contact.php(133): view()
#4 /media/egova/programming/Local Server/Pro-Travel-PAI-Sumatera-Tours/system/View/View.php(246): include('/media/egova/pr...')
#5 /media/egova/programming/Local Server/Pro-Travel-PAI-Sumatera-Tours/system/Common.php(1119): CodeIgniter\View\View->render()
#6 /media/egova/programming/Local Server/Pro-Travel-PAI-Sumatera-Tours/app/Controllers/Home.php(49): view()
#7 /media/egova/programming/Local Server/Pro-Travel-PAI-Sumatera-Tours/system/CodeIgniter.php(918): App\Controllers\Home->contact()
#8 /media/egova/programming/Local Server/Pro-Travel-PAI-Sumatera-Tours/system/CodeIgniter.php(404): CodeIgniter\CodeIgniter->runController()
#9 /media/egova/programming/Local Server/Pro-Travel-PAI-Sumatera-Tours/system/CodeIgniter.php(312): CodeIgniter\CodeIgniter->handleRequest()
#10 /media/egova/programming/Local Server/Pro-Travel-PAI-Sumatera-Tours/public/index.php(45): CodeIgniter\CodeIgniter->run()
#11 /media/egova/programming/Local Server/Pro-Travel-PAI-Sumatera-Tours/system/Commands/Server/rewrite.php(34): require_once('/media/egova/pr...')
#12 {main}
CRITICAL - 2020-08-07 22:36:11 --> Undefined variable: gallerys
#0 /media/egova/programming/Local Server/Pro-Travel-PAI-Sumatera-Tours/app/Views/layout-frontend/_partials/footer.php(54): CodeIgniter\Debug\Exceptions->errorHandler()
#1 /media/egova/programming/Local Server/Pro-Travel-PAI-Sumatera-Tours/system/View/View.php(246): include('/media/egova/pr...')
#2 /media/egova/programming/Local Server/Pro-Travel-PAI-Sumatera-Tours/system/Common.php(1119): CodeIgniter\View\View->render()
#3 /media/egova/programming/Local Server/Pro-Travel-PAI-Sumatera-Tours/app/Views/layout-frontend/pages/contact.php(133): view()
#4 /media/egova/programming/Local Server/Pro-Travel-PAI-Sumatera-Tours/system/View/View.php(246): include('/media/egova/pr...')
#5 /media/egova/programming/Local Server/Pro-Travel-PAI-Sumatera-Tours/system/Common.php(1119): CodeIgniter\View\View->render()
#6 /media/egova/programming/Local Server/Pro-Travel-PAI-Sumatera-Tours/app/Controllers/Home.php(49): view()
#7 /media/egova/programming/Local Server/Pro-Travel-PAI-Sumatera-Tours/system/CodeIgniter.php(918): App\Controllers\Home->contact()
#8 /media/egova/programming/Local Server/Pro-Travel-PAI-Sumatera-Tours/system/CodeIgniter.php(404): CodeIgniter\CodeIgniter->runController()
#9 /media/egova/programming/Local Server/Pro-Travel-PAI-Sumatera-Tours/system/CodeIgniter.php(312): CodeIgniter\CodeIgniter->handleRequest()
#10 /media/egova/programming/Local Server/Pro-Travel-PAI-Sumatera-Tours/public/index.php(45): CodeIgniter\CodeIgniter->run()
#11 /media/egova/programming/Local Server/Pro-Travel-PAI-Sumatera-Tours/system/Commands/Server/rewrite.php(34): require_once('/media/egova/pr...')
#12 {main}
CRITICAL - 2020-08-07 22:36:34 --> Undefined variable: gallerys
#0 /media/egova/programming/Local Server/Pro-Travel-PAI-Sumatera-Tours/app/Views/layout-frontend/_partials/footer.php(54): CodeIgniter\Debug\Exceptions->errorHandler()
#1 /media/egova/programming/Local Server/Pro-Travel-PAI-Sumatera-Tours/system/View/View.php(246): include('/media/egova/pr...')
#2 /media/egova/programming/Local Server/Pro-Travel-PAI-Sumatera-Tours/system/Common.php(1119): CodeIgniter\View\View->render()
#3 /media/egova/programming/Local Server/Pro-Travel-PAI-Sumatera-Tours/app/Views/layout-frontend/pages/contact.php(133): view()
#4 /media/egova/programming/Local Server/Pro-Travel-PAI-Sumatera-Tours/system/View/View.php(246): include('/media/egova/pr...')
#5 /media/egova/programming/Local Server/Pro-Travel-PAI-Sumatera-Tours/system/Common.php(1119): CodeIgniter\View\View->render()
#6 /media/egova/programming/Local Server/Pro-Travel-PAI-Sumatera-Tours/app/Controllers/Home.php(49): view()
#7 /media/egova/programming/Local Server/Pro-Travel-PAI-Sumatera-Tours/system/CodeIgniter.php(918): App\Controllers\Home->contact()
#8 /media/egova/programming/Local Server/Pro-Travel-PAI-Sumatera-Tours/system/CodeIgniter.php(404): CodeIgniter\CodeIgniter->runController()
#9 /media/egova/programming/Local Server/Pro-Travel-PAI-Sumatera-Tours/system/CodeIgniter.php(312): CodeIgniter\CodeIgniter->handleRequest()
#10 /media/egova/programming/Local Server/Pro-Travel-PAI-Sumatera-Tours/public/index.php(45): CodeIgniter\CodeIgniter->run()
#11 /media/egova/programming/Local Server/Pro-Travel-PAI-Sumatera-Tours/system/Commands/Server/rewrite.php(34): require_once('/media/egova/pr...')
#12 {main}
CRITICAL - 2020-08-07 22:37:29 --> Undefined variable: gallerys
#0 /media/egova/programming/Local Server/Pro-Travel-PAI-Sumatera-Tours/app/Views/layout-frontend/_partials/footer.php(54): CodeIgniter\Debug\Exceptions->errorHandler()
#1 /media/egova/programming/Local Server/Pro-Travel-PAI-Sumatera-Tours/system/View/View.php(246): include('/media/egova/pr...')
#2 /media/egova/programming/Local Server/Pro-Travel-PAI-Sumatera-Tours/system/Common.php(1119): CodeIgniter\View\View->render()
#3 /media/egova/programming/Local Server/Pro-Travel-PAI-Sumatera-Tours/app/Views/layout-frontend/pages/contact.php(133): view()
#4 /media/egova/programming/Local Server/Pro-Travel-PAI-Sumatera-Tours/system/View/View.php(246): include('/media/egova/pr...')
#5 /media/egova/programming/Local Server/Pro-Travel-PAI-Sumatera-Tours/system/Common.php(1119): CodeIgniter\View\View->render()
#6 /media/egova/programming/Local Server/Pro-Travel-PAI-Sumatera-Tours/app/Controllers/Home.php(49): view()
#7 /media/egova/programming/Local Server/Pro-Travel-PAI-Sumatera-Tours/system/CodeIgniter.php(918): App\Controllers\Home->contact()
#8 /media/egova/programming/Local Server/Pro-Travel-PAI-Sumatera-Tours/system/CodeIgniter.php(404): CodeIgniter\CodeIgniter->runController()
#9 /media/egova/programming/Local Server/Pro-Travel-PAI-Sumatera-Tours/system/CodeIgniter.php(312): CodeIgniter\CodeIgniter->handleRequest()
#10 /media/egova/programming/Local Server/Pro-Travel-PAI-Sumatera-Tours/public/index.php(45): CodeIgniter\CodeIgniter->run()
#11 /media/egova/programming/Local Server/Pro-Travel-PAI-Sumatera-Tours/system/Commands/Server/rewrite.php(34): require_once('/media/egova/pr...')
#12 {main}
CRITICAL - 2020-08-07 23:56:16 --> Undefined variable: menu
#0 /media/egova/programming/Local Server/Pro-Travel-PAI-Sumatera-Tours/app/Views/layout-frontend/_partials/topbar.php(63): CodeIgniter\Debug\Exceptions->errorHandler()
#1 /media/egova/programming/Local Server/Pro-Travel-PAI-Sumatera-Tours/system/View/View.php(246): include('/media/egova/pr...')
#2 /media/egova/programming/Local Server/Pro-Travel-PAI-Sumatera-Tours/system/Common.php(1119): CodeIgniter\View\View->render()
#3 /media/egova/programming/Local Server/Pro-Travel-PAI-Sumatera-Tours/app/Views/layout-frontend/pages/contact.php(4): view()
#4 /media/egova/programming/Local Server/Pro-Travel-PAI-Sumatera-Tours/system/View/View.php(246): include('/media/egova/pr...')
#5 /media/egova/programming/Local Server/Pro-Travel-PAI-Sumatera-Tours/system/Common.php(1119): CodeIgniter\View\View->render()
#6 /media/egova/programming/Local Server/Pro-Travel-PAI-Sumatera-Tours/app/Controllers/Home.php(51): view()
#7 /media/egova/programming/Local Server/Pro-Travel-PAI-Sumatera-Tours/system/CodeIgniter.php(918): App\Controllers\Home->contact()
#8 /media/egova/programming/Local Server/Pro-Travel-PAI-Sumatera-Tours/system/CodeIgniter.php(404): CodeIgniter\CodeIgniter->runController()
#9 /media/egova/programming/Local Server/Pro-Travel-PAI-Sumatera-Tours/system/CodeIgniter.php(312): CodeIgniter\CodeIgniter->handleRequest()
#10 /media/egova/programming/Local Server/Pro-Travel-PAI-Sumatera-Tours/public/index.php(45): CodeIgniter\CodeIgniter->run()
#11 /media/egova/programming/Local Server/Pro-Travel-PAI-Sumatera-Tours/system/Commands/Server/rewrite.php(34): require_once('/media/egova/pr...')
#12 {main}
