CRITICAL - 2020-08-20 14:21:41 --> json_decode() expects parameter 1 to be string, array given
#0 [internal function]: CodeIgniter\Debug\Exceptions->errorHandler()
#1 /media/egova/programming/htdocs/Pro-Profil-Dist-Rak/app/Controllers/Home.php(49): json_decode()
#2 /media/egova/programming/htdocs/Pro-Profil-Dist-Rak/system/CodeIgniter.php(918): App\Controllers\Home->ajaxHome()
#3 /media/egova/programming/htdocs/Pro-Profil-Dist-Rak/system/CodeIgniter.php(404): CodeIgniter\CodeIgniter->runController()
#4 /media/egova/programming/htdocs/Pro-Profil-Dist-Rak/system/CodeIgniter.php(312): CodeIgniter\CodeIgniter->handleRequest()
#5 /media/egova/programming/htdocs/Pro-Profil-Dist-Rak/public/index.php(46): CodeIgniter\CodeIgniter->run()
#6 /media/egova/programming/htdocs/Pro-Profil-Dist-Rak/system/Commands/Server/rewrite.php(34): require_once('/media/egova/pr...')
#7 {main}
CRITICAL - 2020-08-20 14:24:02 --> json_encode() expects parameter 2 to be int, array given
#0 [internal function]: CodeIgniter\Debug\Exceptions->errorHandler()
#1 /media/egova/programming/htdocs/Pro-Profil-Dist-Rak/app/Controllers/Home.php(49): json_encode()
#2 /media/egova/programming/htdocs/Pro-Profil-Dist-Rak/system/CodeIgniter.php(918): App\Controllers\Home->ajaxHome()
#3 /media/egova/programming/htdocs/Pro-Profil-Dist-Rak/system/CodeIgniter.php(404): CodeIgniter\CodeIgniter->runController()
#4 /media/egova/programming/htdocs/Pro-Profil-Dist-Rak/system/CodeIgniter.php(312): CodeIgniter\CodeIgniter->handleRequest()
#5 /media/egova/programming/htdocs/Pro-Profil-Dist-Rak/public/index.php(46): CodeIgniter\CodeIgniter->run()
#6 /media/egova/programming/htdocs/Pro-Profil-Dist-Rak/system/Commands/Server/rewrite.php(34): require_once('/media/egova/pr...')
#7 {main}
CRITICAL - 2020-08-20 14:45:31 --> Undefined variable: row
#0 /media/egova/programming/htdocs/Pro-Profil-Dist-Rak/app/Views/layout-frontend/_partials/scripts.php(56): CodeIgniter\Debug\Exceptions->errorHandler()
#1 /media/egova/programming/htdocs/Pro-Profil-Dist-Rak/system/View/View.php(246): include('/media/egova/pr...')
#2 /media/egova/programming/htdocs/Pro-Profil-Dist-Rak/system/Common.php(1119): CodeIgniter\View\View->render()
#3 /media/egova/programming/htdocs/Pro-Profil-Dist-Rak/app/Views/index-frontend.php(16): view()
#4 /media/egova/programming/htdocs/Pro-Profil-Dist-Rak/system/View/View.php(246): include('/media/egova/pr...')
#5 /media/egova/programming/htdocs/Pro-Profil-Dist-Rak/system/Common.php(1119): CodeIgniter\View\View->render()
#6 /media/egova/programming/htdocs/Pro-Profil-Dist-Rak/app/Controllers/Home.php(44): view()
#7 /media/egova/programming/htdocs/Pro-Profil-Dist-Rak/system/CodeIgniter.php(918): App\Controllers\Home->index()
#8 /media/egova/programming/htdocs/Pro-Profil-Dist-Rak/system/CodeIgniter.php(404): CodeIgniter\CodeIgniter->runController()
#9 /media/egova/programming/htdocs/Pro-Profil-Dist-Rak/system/CodeIgniter.php(312): CodeIgniter\CodeIgniter->handleRequest()
#10 /media/egova/programming/htdocs/Pro-Profil-Dist-Rak/public/index.php(46): CodeIgniter\CodeIgniter->run()
#11 /media/egova/programming/htdocs/Pro-Profil-Dist-Rak/system/Commands/Server/rewrite.php(34): require_once('/media/egova/pr...')
#12 {main}
CRITICAL - 2020-08-20 14:46:01 --> Undefined variable: row
#0 /media/egova/programming/htdocs/Pro-Profil-Dist-Rak/app/Views/layout-frontend/_partials/scripts.php(56): CodeIgniter\Debug\Exceptions->errorHandler()
#1 /media/egova/programming/htdocs/Pro-Profil-Dist-Rak/system/View/View.php(246): include('/media/egova/pr...')
#2 /media/egova/programming/htdocs/Pro-Profil-Dist-Rak/system/Common.php(1119): CodeIgniter\View\View->render()
#3 /media/egova/programming/htdocs/Pro-Profil-Dist-Rak/app/Views/index-frontend.php(16): view()
#4 /media/egova/programming/htdocs/Pro-Profil-Dist-Rak/system/View/View.php(246): include('/media/egova/pr...')
#5 /media/egova/programming/htdocs/Pro-Profil-Dist-Rak/system/Common.php(1119): CodeIgniter\View\View->render()
#6 /media/egova/programming/htdocs/Pro-Profil-Dist-Rak/app/Controllers/Home.php(44): view()
#7 /media/egova/programming/htdocs/Pro-Profil-Dist-Rak/system/CodeIgniter.php(918): App\Controllers\Home->index()
#8 /media/egova/programming/htdocs/Pro-Profil-Dist-Rak/system/CodeIgniter.php(404): CodeIgniter\CodeIgniter->runController()
#9 /media/egova/programming/htdocs/Pro-Profil-Dist-Rak/system/CodeIgniter.php(312): CodeIgniter\CodeIgniter->handleRequest()
#10 /media/egova/programming/htdocs/Pro-Profil-Dist-Rak/public/index.php(46): CodeIgniter\CodeIgniter->run()
#11 /media/egova/programming/htdocs/Pro-Profil-Dist-Rak/system/Commands/Server/rewrite.php(34): require_once('/media/egova/pr...')
#12 {main}
CRITICAL - 2020-08-20 14:46:35 --> Undefined variable: row
#0 /media/egova/programming/htdocs/Pro-Profil-Dist-Rak/app/Views/layout-frontend/_partials/scripts.php(56): CodeIgniter\Debug\Exceptions->errorHandler()
#1 /media/egova/programming/htdocs/Pro-Profil-Dist-Rak/system/View/View.php(246): include('/media/egova/pr...')
#2 /media/egova/programming/htdocs/Pro-Profil-Dist-Rak/system/Common.php(1119): CodeIgniter\View\View->render()
#3 /media/egova/programming/htdocs/Pro-Profil-Dist-Rak/app/Views/index-frontend.php(16): view()
#4 /media/egova/programming/htdocs/Pro-Profil-Dist-Rak/system/View/View.php(246): include('/media/egova/pr...')
#5 /media/egova/programming/htdocs/Pro-Profil-Dist-Rak/system/Common.php(1119): CodeIgniter\View\View->render()
#6 /media/egova/programming/htdocs/Pro-Profil-Dist-Rak/app/Controllers/Home.php(44): view()
#7 /media/egova/programming/htdocs/Pro-Profil-Dist-Rak/system/CodeIgniter.php(918): App\Controllers\Home->index()
#8 /media/egova/programming/htdocs/Pro-Profil-Dist-Rak/system/CodeIgniter.php(404): CodeIgniter\CodeIgniter->runController()
#9 /media/egova/programming/htdocs/Pro-Profil-Dist-Rak/system/CodeIgniter.php(312): CodeIgniter\CodeIgniter->handleRequest()
#10 /media/egova/programming/htdocs/Pro-Profil-Dist-Rak/public/index.php(46): CodeIgniter\CodeIgniter->run()
#11 /media/egova/programming/htdocs/Pro-Profil-Dist-Rak/system/Commands/Server/rewrite.php(34): require_once('/media/egova/pr...')
#12 {main}
CRITICAL - 2020-08-20 14:47:18 --> Creating default object from empty value
#0 /media/egova/programming/htdocs/Pro-Profil-Dist-Rak/app/Views/layout-frontend/_partials/scripts.php(56): CodeIgniter\Debug\Exceptions->errorHandler()
#1 /media/egova/programming/htdocs/Pro-Profil-Dist-Rak/system/View/View.php(246): include('/media/egova/pr...')
#2 /media/egova/programming/htdocs/Pro-Profil-Dist-Rak/system/Common.php(1119): CodeIgniter\View\View->render()
#3 /media/egova/programming/htdocs/Pro-Profil-Dist-Rak/app/Views/index-frontend.php(16): view()
#4 /media/egova/programming/htdocs/Pro-Profil-Dist-Rak/system/View/View.php(246): include('/media/egova/pr...')
#5 /media/egova/programming/htdocs/Pro-Profil-Dist-Rak/system/Common.php(1119): CodeIgniter\View\View->render()
#6 /media/egova/programming/htdocs/Pro-Profil-Dist-Rak/app/Controllers/Home.php(44): view()
#7 /media/egova/programming/htdocs/Pro-Profil-Dist-Rak/system/CodeIgniter.php(918): App\Controllers\Home->index()
#8 /media/egova/programming/htdocs/Pro-Profil-Dist-Rak/system/CodeIgniter.php(404): CodeIgniter\CodeIgniter->runController()
#9 /media/egova/programming/htdocs/Pro-Profil-Dist-Rak/system/CodeIgniter.php(312): CodeIgniter\CodeIgniter->handleRequest()
#10 /media/egova/programming/htdocs/Pro-Profil-Dist-Rak/public/index.php(46): CodeIgniter\CodeIgniter->run()
#11 /media/egova/programming/htdocs/Pro-Profil-Dist-Rak/system/Commands/Server/rewrite.php(34): require_once('/media/egova/pr...')
#12 {main}
CRITICAL - 2020-08-20 14:51:39 --> Undefined variable: row
#0 /media/egova/programming/htdocs/Pro-Profil-Dist-Rak/app/Views/layout-frontend/_partials/scripts.php(48): CodeIgniter\Debug\Exceptions->errorHandler()
#1 /media/egova/programming/htdocs/Pro-Profil-Dist-Rak/system/View/View.php(246): include('/media/egova/pr...')
#2 /media/egova/programming/htdocs/Pro-Profil-Dist-Rak/system/Common.php(1119): CodeIgniter\View\View->render()
#3 /media/egova/programming/htdocs/Pro-Profil-Dist-Rak/app/Views/index-frontend.php(16): view()
#4 /media/egova/programming/htdocs/Pro-Profil-Dist-Rak/system/View/View.php(246): include('/media/egova/pr...')
#5 /media/egova/programming/htdocs/Pro-Profil-Dist-Rak/system/Common.php(1119): CodeIgniter\View\View->render()
#6 /media/egova/programming/htdocs/Pro-Profil-Dist-Rak/app/Controllers/Home.php(44): view()
#7 /media/egova/programming/htdocs/Pro-Profil-Dist-Rak/system/CodeIgniter.php(918): App\Controllers\Home->index()
#8 /media/egova/programming/htdocs/Pro-Profil-Dist-Rak/system/CodeIgniter.php(404): CodeIgniter\CodeIgniter->runController()
#9 /media/egova/programming/htdocs/Pro-Profil-Dist-Rak/system/CodeIgniter.php(312): CodeIgniter\CodeIgniter->handleRequest()
#10 /media/egova/programming/htdocs/Pro-Profil-Dist-Rak/public/index.php(46): CodeIgniter\CodeIgniter->run()
#11 /media/egova/programming/htdocs/Pro-Profil-Dist-Rak/system/Commands/Server/rewrite.php(34): require_once('/media/egova/pr...')
#12 {main}
CRITICAL - 2020-08-20 14:52:06 --> Use of undefined constant row - assumed 'row' (this will throw an Error in a future version of PHP)
#0 /media/egova/programming/htdocs/Pro-Profil-Dist-Rak/app/Views/layout-frontend/_partials/scripts.php(48): CodeIgniter\Debug\Exceptions->errorHandler()
#1 /media/egova/programming/htdocs/Pro-Profil-Dist-Rak/system/View/View.php(246): include('/media/egova/pr...')
#2 /media/egova/programming/htdocs/Pro-Profil-Dist-Rak/system/Common.php(1119): CodeIgniter\View\View->render()
#3 /media/egova/programming/htdocs/Pro-Profil-Dist-Rak/app/Views/index-frontend.php(16): view()
#4 /media/egova/programming/htdocs/Pro-Profil-Dist-Rak/system/View/View.php(246): include('/media/egova/pr...')
#5 /media/egova/programming/htdocs/Pro-Profil-Dist-Rak/system/Common.php(1119): CodeIgniter\View\View->render()
#6 /media/egova/programming/htdocs/Pro-Profil-Dist-Rak/app/Controllers/Home.php(44): view()
#7 /media/egova/programming/htdocs/Pro-Profil-Dist-Rak/system/CodeIgniter.php(918): App\Controllers\Home->index()
#8 /media/egova/programming/htdocs/Pro-Profil-Dist-Rak/system/CodeIgniter.php(404): CodeIgniter\CodeIgniter->runController()
#9 /media/egova/programming/htdocs/Pro-Profil-Dist-Rak/system/CodeIgniter.php(312): CodeIgniter\CodeIgniter->handleRequest()
#10 /media/egova/programming/htdocs/Pro-Profil-Dist-Rak/public/index.php(46): CodeIgniter\CodeIgniter->run()
#11 /media/egova/programming/htdocs/Pro-Profil-Dist-Rak/system/Commands/Server/rewrite.php(34): require_once('/media/egova/pr...')
#12 {main}
