CRITICAL - 2020-08-10 21:14:14 --> Undefined offset: 2
#0 /media/egova/programming/Local Server/Pro-Travel-PAI-Sumatera-Tours/app/Helpers/pembantu_helper.php(35): CodeIgniter\Debug\Exceptions->errorHandler()
#1 /media/egova/programming/Local Server/Pro-Travel-PAI-Sumatera-Tours/app/Views/index-frontend.php(60): tgl_indo()
#2 /media/egova/programming/Local Server/Pro-Travel-PAI-Sumatera-Tours/system/View/View.php(246): include('/media/egova/pr...')
#3 /media/egova/programming/Local Server/Pro-Travel-PAI-Sumatera-Tours/system/Common.php(1119): CodeIgniter\View\View->render()
#4 /media/egova/programming/Local Server/Pro-Travel-PAI-Sumatera-Tours/app/Controllers/Home.php(42): view()
#5 /media/egova/programming/Local Server/Pro-Travel-PAI-Sumatera-Tours/system/CodeIgniter.php(918): App\Controllers\Home->index()
#6 /media/egova/programming/Local Server/Pro-Travel-PAI-Sumatera-Tours/system/CodeIgniter.php(404): CodeIgniter\CodeIgniter->runController()
#7 /media/egova/programming/Local Server/Pro-Travel-PAI-Sumatera-Tours/system/CodeIgniter.php(312): CodeIgniter\CodeIgniter->handleRequest()
#8 /media/egova/programming/Local Server/Pro-Travel-PAI-Sumatera-Tours/public/index.php(45): CodeIgniter\CodeIgniter->run()
#9 /media/egova/programming/Local Server/Pro-Travel-PAI-Sumatera-Tours/system/Commands/Server/rewrite.php(34): require_once('/media/egova/pr...')
#10 {main}
CRITICAL - 2020-08-10 21:14:32 --> Undefined offset: 2
#0 /media/egova/programming/Local Server/Pro-Travel-PAI-Sumatera-Tours/app/Helpers/pembantu_helper.php(35): CodeIgniter\Debug\Exceptions->errorHandler()
#1 /media/egova/programming/Local Server/Pro-Travel-PAI-Sumatera-Tours/app/Views/index-frontend.php(60): tgl_indo()
#2 /media/egova/programming/Local Server/Pro-Travel-PAI-Sumatera-Tours/system/View/View.php(246): include('/media/egova/pr...')
#3 /media/egova/programming/Local Server/Pro-Travel-PAI-Sumatera-Tours/system/Common.php(1119): CodeIgniter\View\View->render()
#4 /media/egova/programming/Local Server/Pro-Travel-PAI-Sumatera-Tours/app/Controllers/Home.php(42): view()
#5 /media/egova/programming/Local Server/Pro-Travel-PAI-Sumatera-Tours/system/CodeIgniter.php(918): App\Controllers\Home->index()
#6 /media/egova/programming/Local Server/Pro-Travel-PAI-Sumatera-Tours/system/CodeIgniter.php(404): CodeIgniter\CodeIgniter->runController()
#7 /media/egova/programming/Local Server/Pro-Travel-PAI-Sumatera-Tours/system/CodeIgniter.php(312): CodeIgniter\CodeIgniter->handleRequest()
#8 /media/egova/programming/Local Server/Pro-Travel-PAI-Sumatera-Tours/public/index.php(45): CodeIgniter\CodeIgniter->run()
#9 /media/egova/programming/Local Server/Pro-Travel-PAI-Sumatera-Tours/system/Commands/Server/rewrite.php(34): require_once('/media/egova/pr...')
#10 {main}
CRITICAL - 2020-08-10 22:12:56 --> Unable to connect to the database.
#0 /media/egova/programming/Local Server/Pro-Travel-PAI-Sumatera-Tours/system/Database/BaseConnection.php(646): CodeIgniter\Database\BaseConnection->initialize()
#1 /media/egova/programming/Local Server/Pro-Travel-PAI-Sumatera-Tours/system/Database/BaseBuilder.php(2019): CodeIgniter\Database\BaseConnection->query()
#2 /media/egova/programming/Local Server/Pro-Travel-PAI-Sumatera-Tours/app/Models/ContactModel.php(32): CodeIgniter\Database\BaseBuilder->getWhere()
#3 /media/egova/programming/Local Server/Pro-Travel-PAI-Sumatera-Tours/app/Controllers/Home.php(35): App\Models\ContactModel->get()
#4 /media/egova/programming/Local Server/Pro-Travel-PAI-Sumatera-Tours/system/CodeIgniter.php(918): App\Controllers\Home->index()
#5 /media/egova/programming/Local Server/Pro-Travel-PAI-Sumatera-Tours/system/CodeIgniter.php(404): CodeIgniter\CodeIgniter->runController()
#6 /media/egova/programming/Local Server/Pro-Travel-PAI-Sumatera-Tours/system/CodeIgniter.php(312): CodeIgniter\CodeIgniter->handleRequest()
#7 /media/egova/programming/Local Server/Pro-Travel-PAI-Sumatera-Tours/public/index.php(45): CodeIgniter\CodeIgniter->run()
#8 /media/egova/programming/Local Server/Pro-Travel-PAI-Sumatera-Tours/system/Commands/Server/rewrite.php(34): require_once('/media/egova/pr...')
#9 {main}
CRITICAL - 2020-08-10 22:34:59 --> The original file is not a valid file.
#0 /media/egova/programming/Local Server/Pro-Travel-PAI-Sumatera-Tours/system/HTTP/Files/UploadedFile.php(172): CodeIgniter\HTTP\Exceptions\HTTPException::forInvalidFile()
#1 /media/egova/programming/Local Server/Pro-Travel-PAI-Sumatera-Tours/app/Controllers/Trip.php(102): CodeIgniter\HTTP\Files\UploadedFile->move()
#2 /media/egova/programming/Local Server/Pro-Travel-PAI-Sumatera-Tours/system/CodeIgniter.php(918): App\Controllers\Trip->store()
#3 /media/egova/programming/Local Server/Pro-Travel-PAI-Sumatera-Tours/system/CodeIgniter.php(404): CodeIgniter\CodeIgniter->runController()
#4 /media/egova/programming/Local Server/Pro-Travel-PAI-Sumatera-Tours/system/CodeIgniter.php(312): CodeIgniter\CodeIgniter->handleRequest()
#5 /media/egova/programming/Local Server/Pro-Travel-PAI-Sumatera-Tours/public/index.php(45): CodeIgniter\CodeIgniter->run()
#6 /media/egova/programming/Local Server/Pro-Travel-PAI-Sumatera-Tours/system/Commands/Server/rewrite.php(34): require_once('/media/egova/pr...')
#7 {main}
CRITICAL - 2020-08-10 22:58:31 --> Unable to connect to the database.
#0 /media/egova/programming/Local Server/Pro-Travel-PAI-Sumatera-Tours/system/Database/BaseConnection.php(646): CodeIgniter\Database\BaseConnection->initialize()
#1 /media/egova/programming/Local Server/Pro-Travel-PAI-Sumatera-Tours/system/Database/BaseBuilder.php(2019): CodeIgniter\Database\BaseConnection->query()
#2 /media/egova/programming/Local Server/Pro-Travel-PAI-Sumatera-Tours/app/Models/ContactModel.php(32): CodeIgniter\Database\BaseBuilder->getWhere()
#3 /media/egova/programming/Local Server/Pro-Travel-PAI-Sumatera-Tours/app/Controllers/Home.php(35): App\Models\ContactModel->get()
#4 /media/egova/programming/Local Server/Pro-Travel-PAI-Sumatera-Tours/system/CodeIgniter.php(918): App\Controllers\Home->index()
#5 /media/egova/programming/Local Server/Pro-Travel-PAI-Sumatera-Tours/system/CodeIgniter.php(404): CodeIgniter\CodeIgniter->runController()
#6 /media/egova/programming/Local Server/Pro-Travel-PAI-Sumatera-Tours/system/CodeIgniter.php(312): CodeIgniter\CodeIgniter->handleRequest()
#7 /media/egova/programming/Local Server/Pro-Travel-PAI-Sumatera-Tours/public/index.php(45): CodeIgniter\CodeIgniter->run()
#8 /media/egova/programming/Local Server/Pro-Travel-PAI-Sumatera-Tours/system/Commands/Server/rewrite.php(34): require_once('/media/egova/pr...')
#9 {main}
CRITICAL - 2020-08-10 23:36:28 --> Unable to connect to the database.
#0 /media/egova/programming/Local Server/Pro-Travel-PAI-Sumatera-Tours/system/Database/BaseConnection.php(646): CodeIgniter\Database\BaseConnection->initialize()
#1 /media/egova/programming/Local Server/Pro-Travel-PAI-Sumatera-Tours/system/Database/BaseBuilder.php(2019): CodeIgniter\Database\BaseConnection->query()
#2 /media/egova/programming/Local Server/Pro-Travel-PAI-Sumatera-Tours/app/Models/ContactModel.php(32): CodeIgniter\Database\BaseBuilder->getWhere()
#3 /media/egova/programming/Local Server/Pro-Travel-PAI-Sumatera-Tours/app/Controllers/Home.php(35): App\Models\ContactModel->get()
#4 /media/egova/programming/Local Server/Pro-Travel-PAI-Sumatera-Tours/system/CodeIgniter.php(918): App\Controllers\Home->index()
#5 /media/egova/programming/Local Server/Pro-Travel-PAI-Sumatera-Tours/system/CodeIgniter.php(404): CodeIgniter\CodeIgniter->runController()
#6 /media/egova/programming/Local Server/Pro-Travel-PAI-Sumatera-Tours/system/CodeIgniter.php(312): CodeIgniter\CodeIgniter->handleRequest()
#7 /media/egova/programming/Local Server/Pro-Travel-PAI-Sumatera-Tours/public/index.php(45): CodeIgniter\CodeIgniter->run()
#8 /media/egova/programming/Local Server/Pro-Travel-PAI-Sumatera-Tours/system/Commands/Server/rewrite.php(34): require_once('/media/egova/pr...')
#9 {main}
CRITICAL - 2020-08-10 23:36:51 --> Unable to connect to the database.
#0 /media/egova/programming/Local Server/Pro-Travel-PAI-Sumatera-Tours/system/Database/BaseConnection.php(646): CodeIgniter\Database\BaseConnection->initialize()
#1 /media/egova/programming/Local Server/Pro-Travel-PAI-Sumatera-Tours/system/Database/BaseBuilder.php(2019): CodeIgniter\Database\BaseConnection->query()
#2 /media/egova/programming/Local Server/Pro-Travel-PAI-Sumatera-Tours/app/Models/ContactModel.php(32): CodeIgniter\Database\BaseBuilder->getWhere()
#3 /media/egova/programming/Local Server/Pro-Travel-PAI-Sumatera-Tours/app/Controllers/Home.php(35): App\Models\ContactModel->get()
#4 /media/egova/programming/Local Server/Pro-Travel-PAI-Sumatera-Tours/system/CodeIgniter.php(918): App\Controllers\Home->index()
#5 /media/egova/programming/Local Server/Pro-Travel-PAI-Sumatera-Tours/system/CodeIgniter.php(404): CodeIgniter\CodeIgniter->runController()
#6 /media/egova/programming/Local Server/Pro-Travel-PAI-Sumatera-Tours/system/CodeIgniter.php(312): CodeIgniter\CodeIgniter->handleRequest()
#7 /media/egova/programming/Local Server/Pro-Travel-PAI-Sumatera-Tours/public/index.php(45): CodeIgniter\CodeIgniter->run()
#8 /media/egova/programming/Local Server/Pro-Travel-PAI-Sumatera-Tours/system/Commands/Server/rewrite.php(34): require_once('/media/egova/pr...')
#9 {main}
CRITICAL - 2020-08-10 23:37:26 --> Unable to connect to the database.
#0 /media/egova/programming/Local Server/Pro-Travel-PAI-Sumatera-Tours/system/Database/BaseConnection.php(646): CodeIgniter\Database\BaseConnection->initialize()
#1 /media/egova/programming/Local Server/Pro-Travel-PAI-Sumatera-Tours/system/Database/BaseBuilder.php(2019): CodeIgniter\Database\BaseConnection->query()
#2 /media/egova/programming/Local Server/Pro-Travel-PAI-Sumatera-Tours/app/Models/ContactModel.php(32): CodeIgniter\Database\BaseBuilder->getWhere()
#3 /media/egova/programming/Local Server/Pro-Travel-PAI-Sumatera-Tours/app/Controllers/Home.php(35): App\Models\ContactModel->get()
#4 /media/egova/programming/Local Server/Pro-Travel-PAI-Sumatera-Tours/system/CodeIgniter.php(918): App\Controllers\Home->index()
#5 /media/egova/programming/Local Server/Pro-Travel-PAI-Sumatera-Tours/system/CodeIgniter.php(404): CodeIgniter\CodeIgniter->runController()
#6 /media/egova/programming/Local Server/Pro-Travel-PAI-Sumatera-Tours/system/CodeIgniter.php(312): CodeIgniter\CodeIgniter->handleRequest()
#7 /media/egova/programming/Local Server/Pro-Travel-PAI-Sumatera-Tours/public/index.php(45): CodeIgniter\CodeIgniter->run()
#8 /media/egova/programming/Local Server/Pro-Travel-PAI-Sumatera-Tours/system/Commands/Server/rewrite.php(34): require_once('/media/egova/pr...')
#9 {main}
CRITICAL - 2020-08-10 23:37:27 --> Unable to connect to the database.
#0 /media/egova/programming/Local Server/Pro-Travel-PAI-Sumatera-Tours/system/Database/BaseConnection.php(646): CodeIgniter\Database\BaseConnection->initialize()
#1 /media/egova/programming/Local Server/Pro-Travel-PAI-Sumatera-Tours/system/Database/BaseBuilder.php(2019): CodeIgniter\Database\BaseConnection->query()
#2 /media/egova/programming/Local Server/Pro-Travel-PAI-Sumatera-Tours/app/Models/ContactModel.php(32): CodeIgniter\Database\BaseBuilder->getWhere()
#3 /media/egova/programming/Local Server/Pro-Travel-PAI-Sumatera-Tours/app/Controllers/Home.php(35): App\Models\ContactModel->get()
#4 /media/egova/programming/Local Server/Pro-Travel-PAI-Sumatera-Tours/system/CodeIgniter.php(918): App\Controllers\Home->index()
#5 /media/egova/programming/Local Server/Pro-Travel-PAI-Sumatera-Tours/system/CodeIgniter.php(404): CodeIgniter\CodeIgniter->runController()
#6 /media/egova/programming/Local Server/Pro-Travel-PAI-Sumatera-Tours/system/CodeIgniter.php(312): CodeIgniter\CodeIgniter->handleRequest()
#7 /media/egova/programming/Local Server/Pro-Travel-PAI-Sumatera-Tours/public/index.php(45): CodeIgniter\CodeIgniter->run()
#8 /media/egova/programming/Local Server/Pro-Travel-PAI-Sumatera-Tours/system/Commands/Server/rewrite.php(34): require_once('/media/egova/pr...')
#9 {main}
CRITICAL - 2020-08-10 23:37:28 --> Unable to connect to the database.
#0 /media/egova/programming/Local Server/Pro-Travel-PAI-Sumatera-Tours/system/Database/BaseConnection.php(646): CodeIgniter\Database\BaseConnection->initialize()
#1 /media/egova/programming/Local Server/Pro-Travel-PAI-Sumatera-Tours/system/Database/BaseBuilder.php(2019): CodeIgniter\Database\BaseConnection->query()
#2 /media/egova/programming/Local Server/Pro-Travel-PAI-Sumatera-Tours/app/Models/ContactModel.php(32): CodeIgniter\Database\BaseBuilder->getWhere()
#3 /media/egova/programming/Local Server/Pro-Travel-PAI-Sumatera-Tours/app/Controllers/Home.php(35): App\Models\ContactModel->get()
#4 /media/egova/programming/Local Server/Pro-Travel-PAI-Sumatera-Tours/system/CodeIgniter.php(918): App\Controllers\Home->index()
#5 /media/egova/programming/Local Server/Pro-Travel-PAI-Sumatera-Tours/system/CodeIgniter.php(404): CodeIgniter\CodeIgniter->runController()
#6 /media/egova/programming/Local Server/Pro-Travel-PAI-Sumatera-Tours/system/CodeIgniter.php(312): CodeIgniter\CodeIgniter->handleRequest()
#7 /media/egova/programming/Local Server/Pro-Travel-PAI-Sumatera-Tours/public/index.php(45): CodeIgniter\CodeIgniter->run()
#8 /media/egova/programming/Local Server/Pro-Travel-PAI-Sumatera-Tours/system/Commands/Server/rewrite.php(34): require_once('/media/egova/pr...')
#9 {main}
CRITICAL - 2020-08-10 23:37:28 --> Unable to connect to the database.
#0 /media/egova/programming/Local Server/Pro-Travel-PAI-Sumatera-Tours/system/Database/BaseConnection.php(646): CodeIgniter\Database\BaseConnection->initialize()
#1 /media/egova/programming/Local Server/Pro-Travel-PAI-Sumatera-Tours/system/Database/BaseBuilder.php(2019): CodeIgniter\Database\BaseConnection->query()
#2 /media/egova/programming/Local Server/Pro-Travel-PAI-Sumatera-Tours/app/Models/ContactModel.php(32): CodeIgniter\Database\BaseBuilder->getWhere()
#3 /media/egova/programming/Local Server/Pro-Travel-PAI-Sumatera-Tours/app/Controllers/Home.php(35): App\Models\ContactModel->get()
#4 /media/egova/programming/Local Server/Pro-Travel-PAI-Sumatera-Tours/system/CodeIgniter.php(918): App\Controllers\Home->index()
#5 /media/egova/programming/Local Server/Pro-Travel-PAI-Sumatera-Tours/system/CodeIgniter.php(404): CodeIgniter\CodeIgniter->runController()
#6 /media/egova/programming/Local Server/Pro-Travel-PAI-Sumatera-Tours/system/CodeIgniter.php(312): CodeIgniter\CodeIgniter->handleRequest()
#7 /media/egova/programming/Local Server/Pro-Travel-PAI-Sumatera-Tours/public/index.php(45): CodeIgniter\CodeIgniter->run()
#8 /media/egova/programming/Local Server/Pro-Travel-PAI-Sumatera-Tours/system/Commands/Server/rewrite.php(34): require_once('/media/egova/pr...')
#9 {main}
CRITICAL - 2020-08-10 23:37:28 --> Unable to connect to the database.
#0 /media/egova/programming/Local Server/Pro-Travel-PAI-Sumatera-Tours/system/Database/BaseConnection.php(646): CodeIgniter\Database\BaseConnection->initialize()
#1 /media/egova/programming/Local Server/Pro-Travel-PAI-Sumatera-Tours/system/Database/BaseBuilder.php(2019): CodeIgniter\Database\BaseConnection->query()
#2 /media/egova/programming/Local Server/Pro-Travel-PAI-Sumatera-Tours/app/Models/ContactModel.php(32): CodeIgniter\Database\BaseBuilder->getWhere()
#3 /media/egova/programming/Local Server/Pro-Travel-PAI-Sumatera-Tours/app/Controllers/Home.php(35): App\Models\ContactModel->get()
#4 /media/egova/programming/Local Server/Pro-Travel-PAI-Sumatera-Tours/system/CodeIgniter.php(918): App\Controllers\Home->index()
#5 /media/egova/programming/Local Server/Pro-Travel-PAI-Sumatera-Tours/system/CodeIgniter.php(404): CodeIgniter\CodeIgniter->runController()
#6 /media/egova/programming/Local Server/Pro-Travel-PAI-Sumatera-Tours/system/CodeIgniter.php(312): CodeIgniter\CodeIgniter->handleRequest()
#7 /media/egova/programming/Local Server/Pro-Travel-PAI-Sumatera-Tours/public/index.php(45): CodeIgniter\CodeIgniter->run()
#8 /media/egova/programming/Local Server/Pro-Travel-PAI-Sumatera-Tours/system/Commands/Server/rewrite.php(34): require_once('/media/egova/pr...')
#9 {main}
CRITICAL - 2020-08-10 23:37:29 --> Unable to connect to the database.
#0 /media/egova/programming/Local Server/Pro-Travel-PAI-Sumatera-Tours/system/Database/BaseConnection.php(646): CodeIgniter\Database\BaseConnection->initialize()
#1 /media/egova/programming/Local Server/Pro-Travel-PAI-Sumatera-Tours/system/Database/BaseBuilder.php(2019): CodeIgniter\Database\BaseConnection->query()
#2 /media/egova/programming/Local Server/Pro-Travel-PAI-Sumatera-Tours/app/Models/ContactModel.php(32): CodeIgniter\Database\BaseBuilder->getWhere()
#3 /media/egova/programming/Local Server/Pro-Travel-PAI-Sumatera-Tours/app/Controllers/Home.php(35): App\Models\ContactModel->get()
#4 /media/egova/programming/Local Server/Pro-Travel-PAI-Sumatera-Tours/system/CodeIgniter.php(918): App\Controllers\Home->index()
#5 /media/egova/programming/Local Server/Pro-Travel-PAI-Sumatera-Tours/system/CodeIgniter.php(404): CodeIgniter\CodeIgniter->runController()
#6 /media/egova/programming/Local Server/Pro-Travel-PAI-Sumatera-Tours/system/CodeIgniter.php(312): CodeIgniter\CodeIgniter->handleRequest()
#7 /media/egova/programming/Local Server/Pro-Travel-PAI-Sumatera-Tours/public/index.php(45): CodeIgniter\CodeIgniter->run()
#8 /media/egova/programming/Local Server/Pro-Travel-PAI-Sumatera-Tours/system/Commands/Server/rewrite.php(34): require_once('/media/egova/pr...')
#9 {main}
CRITICAL - 2020-08-10 23:37:29 --> Unable to connect to the database.
#0 /media/egova/programming/Local Server/Pro-Travel-PAI-Sumatera-Tours/system/Database/BaseConnection.php(646): CodeIgniter\Database\BaseConnection->initialize()
#1 /media/egova/programming/Local Server/Pro-Travel-PAI-Sumatera-Tours/system/Database/BaseBuilder.php(2019): CodeIgniter\Database\BaseConnection->query()
#2 /media/egova/programming/Local Server/Pro-Travel-PAI-Sumatera-Tours/app/Models/ContactModel.php(32): CodeIgniter\Database\BaseBuilder->getWhere()
#3 /media/egova/programming/Local Server/Pro-Travel-PAI-Sumatera-Tours/app/Controllers/Home.php(35): App\Models\ContactModel->get()
#4 /media/egova/programming/Local Server/Pro-Travel-PAI-Sumatera-Tours/system/CodeIgniter.php(918): App\Controllers\Home->index()
#5 /media/egova/programming/Local Server/Pro-Travel-PAI-Sumatera-Tours/system/CodeIgniter.php(404): CodeIgniter\CodeIgniter->runController()
#6 /media/egova/programming/Local Server/Pro-Travel-PAI-Sumatera-Tours/system/CodeIgniter.php(312): CodeIgniter\CodeIgniter->handleRequest()
#7 /media/egova/programming/Local Server/Pro-Travel-PAI-Sumatera-Tours/public/index.php(45): CodeIgniter\CodeIgniter->run()
#8 /media/egova/programming/Local Server/Pro-Travel-PAI-Sumatera-Tours/system/Commands/Server/rewrite.php(34): require_once('/media/egova/pr...')
#9 {main}
CRITICAL - 2020-08-10 23:37:29 --> Unable to connect to the database.
#0 /media/egova/programming/Local Server/Pro-Travel-PAI-Sumatera-Tours/system/Database/BaseConnection.php(646): CodeIgniter\Database\BaseConnection->initialize()
#1 /media/egova/programming/Local Server/Pro-Travel-PAI-Sumatera-Tours/system/Database/BaseBuilder.php(2019): CodeIgniter\Database\BaseConnection->query()
#2 /media/egova/programming/Local Server/Pro-Travel-PAI-Sumatera-Tours/app/Models/ContactModel.php(32): CodeIgniter\Database\BaseBuilder->getWhere()
#3 /media/egova/programming/Local Server/Pro-Travel-PAI-Sumatera-Tours/app/Controllers/Home.php(35): App\Models\ContactModel->get()
#4 /media/egova/programming/Local Server/Pro-Travel-PAI-Sumatera-Tours/system/CodeIgniter.php(918): App\Controllers\Home->index()
#5 /media/egova/programming/Local Server/Pro-Travel-PAI-Sumatera-Tours/system/CodeIgniter.php(404): CodeIgniter\CodeIgniter->runController()
#6 /media/egova/programming/Local Server/Pro-Travel-PAI-Sumatera-Tours/system/CodeIgniter.php(312): CodeIgniter\CodeIgniter->handleRequest()
#7 /media/egova/programming/Local Server/Pro-Travel-PAI-Sumatera-Tours/public/index.php(45): CodeIgniter\CodeIgniter->run()
#8 /media/egova/programming/Local Server/Pro-Travel-PAI-Sumatera-Tours/system/Commands/Server/rewrite.php(34): require_once('/media/egova/pr...')
#9 {main}
CRITICAL - 2020-08-10 23:37:29 --> Unable to connect to the database.
#0 /media/egova/programming/Local Server/Pro-Travel-PAI-Sumatera-Tours/system/Database/BaseConnection.php(646): CodeIgniter\Database\BaseConnection->initialize()
#1 /media/egova/programming/Local Server/Pro-Travel-PAI-Sumatera-Tours/system/Database/BaseBuilder.php(2019): CodeIgniter\Database\BaseConnection->query()
#2 /media/egova/programming/Local Server/Pro-Travel-PAI-Sumatera-Tours/app/Models/ContactModel.php(32): CodeIgniter\Database\BaseBuilder->getWhere()
#3 /media/egova/programming/Local Server/Pro-Travel-PAI-Sumatera-Tours/app/Controllers/Home.php(35): App\Models\ContactModel->get()
#4 /media/egova/programming/Local Server/Pro-Travel-PAI-Sumatera-Tours/system/CodeIgniter.php(918): App\Controllers\Home->index()
#5 /media/egova/programming/Local Server/Pro-Travel-PAI-Sumatera-Tours/system/CodeIgniter.php(404): CodeIgniter\CodeIgniter->runController()
#6 /media/egova/programming/Local Server/Pro-Travel-PAI-Sumatera-Tours/system/CodeIgniter.php(312): CodeIgniter\CodeIgniter->handleRequest()
#7 /media/egova/programming/Local Server/Pro-Travel-PAI-Sumatera-Tours/public/index.php(45): CodeIgniter\CodeIgniter->run()
#8 /media/egova/programming/Local Server/Pro-Travel-PAI-Sumatera-Tours/system/Commands/Server/rewrite.php(34): require_once('/media/egova/pr...')
#9 {main}
CRITICAL - 2020-08-10 23:37:57 --> Invalid file: layout-backend/pages/trips/v_update.php
#0 /media/egova/programming/Local Server/Pro-Travel-PAI-Sumatera-Tours/system/View/View.php(228): CodeIgniter\Exceptions\FrameworkException::forInvalidFile()
#1 /media/egova/programming/Local Server/Pro-Travel-PAI-Sumatera-Tours/system/Common.php(1119): CodeIgniter\View\View->render()
#2 /media/egova/programming/Local Server/Pro-Travel-PAI-Sumatera-Tours/app/Views/index-backend.php(5): view()
#3 /media/egova/programming/Local Server/Pro-Travel-PAI-Sumatera-Tours/system/View/View.php(246): include('/media/egova/pr...')
#4 /media/egova/programming/Local Server/Pro-Travel-PAI-Sumatera-Tours/system/Common.php(1119): CodeIgniter\View\View->render()
#5 /media/egova/programming/Local Server/Pro-Travel-PAI-Sumatera-Tours/app/Controllers/Trip.php(78): view()
#6 /media/egova/programming/Local Server/Pro-Travel-PAI-Sumatera-Tours/system/CodeIgniter.php(918): App\Controllers\Trip->update()
#7 /media/egova/programming/Local Server/Pro-Travel-PAI-Sumatera-Tours/system/CodeIgniter.php(404): CodeIgniter\CodeIgniter->runController()
#8 /media/egova/programming/Local Server/Pro-Travel-PAI-Sumatera-Tours/system/CodeIgniter.php(312): CodeIgniter\CodeIgniter->handleRequest()
#9 /media/egova/programming/Local Server/Pro-Travel-PAI-Sumatera-Tours/public/index.php(45): CodeIgniter\CodeIgniter->run()
#10 /media/egova/programming/Local Server/Pro-Travel-PAI-Sumatera-Tours/system/Commands/Server/rewrite.php(34): require_once('/media/egova/pr...')
#11 {main}
