CRITICAL - 2020-08-03 02:26:28 --> Undefined variable: child
#0 /media/egova/programming/Local Server/Pro-Travel-PAI-Sumatera-Tours/app/Views/layout-backend/v_sidebar.php(53): CodeIgniter\Debug\Exceptions->errorHandler()
#1 /media/egova/programming/Local Server/Pro-Travel-PAI-Sumatera-Tours/system/View/View.php(246): include('/media/egova/pr...')
#2 /media/egova/programming/Local Server/Pro-Travel-PAI-Sumatera-Tours/system/Common.php(1119): CodeIgniter\View\View->render()
#3 /media/egova/programming/Local Server/Pro-Travel-PAI-Sumatera-Tours/app/Views/index-backend.php(4): view()
#4 /media/egova/programming/Local Server/Pro-Travel-PAI-Sumatera-Tours/system/View/View.php(246): include('/media/egova/pr...')
#5 /media/egova/programming/Local Server/Pro-Travel-PAI-Sumatera-Tours/system/Common.php(1119): CodeIgniter\View\View->render()
#6 /media/egova/programming/Local Server/Pro-Travel-PAI-Sumatera-Tours/app/Controllers/Admin.php(13): view()
#7 /media/egova/programming/Local Server/Pro-Travel-PAI-Sumatera-Tours/system/CodeIgniter.php(918): App\Controllers\Admin->home()
#8 /media/egova/programming/Local Server/Pro-Travel-PAI-Sumatera-Tours/system/CodeIgniter.php(404): CodeIgniter\CodeIgniter->runController()
#9 /media/egova/programming/Local Server/Pro-Travel-PAI-Sumatera-Tours/system/CodeIgniter.php(312): CodeIgniter\CodeIgniter->handleRequest()
#10 /media/egova/programming/Local Server/Pro-Travel-PAI-Sumatera-Tours/public/index.php(45): CodeIgniter\CodeIgniter->run()
#11 /media/egova/programming/Local Server/Pro-Travel-PAI-Sumatera-Tours/system/Commands/Server/rewrite.php(34): require_once('/media/egova/pr...')
#12 {main}
CRITICAL - 2020-08-03 02:26:40 --> Undefined variable: child
#0 /media/egova/programming/Local Server/Pro-Travel-PAI-Sumatera-Tours/app/Views/layout-backend/v_sidebar.php(53): CodeIgniter\Debug\Exceptions->errorHandler()
#1 /media/egova/programming/Local Server/Pro-Travel-PAI-Sumatera-Tours/system/View/View.php(246): include('/media/egova/pr...')
#2 /media/egova/programming/Local Server/Pro-Travel-PAI-Sumatera-Tours/system/Common.php(1119): CodeIgniter\View\View->render()
#3 /media/egova/programming/Local Server/Pro-Travel-PAI-Sumatera-Tours/app/Views/index-backend.php(4): view()
#4 /media/egova/programming/Local Server/Pro-Travel-PAI-Sumatera-Tours/system/View/View.php(246): include('/media/egova/pr...')
#5 /media/egova/programming/Local Server/Pro-Travel-PAI-Sumatera-Tours/system/Common.php(1119): CodeIgniter\View\View->render()
#6 /media/egova/programming/Local Server/Pro-Travel-PAI-Sumatera-Tours/app/Controllers/Admin.php(13): view()
#7 /media/egova/programming/Local Server/Pro-Travel-PAI-Sumatera-Tours/system/CodeIgniter.php(918): App\Controllers\Admin->home()
#8 /media/egova/programming/Local Server/Pro-Travel-PAI-Sumatera-Tours/system/CodeIgniter.php(404): CodeIgniter\CodeIgniter->runController()
#9 /media/egova/programming/Local Server/Pro-Travel-PAI-Sumatera-Tours/system/CodeIgniter.php(312): CodeIgniter\CodeIgniter->handleRequest()
#10 /media/egova/programming/Local Server/Pro-Travel-PAI-Sumatera-Tours/public/index.php(45): CodeIgniter\CodeIgniter->run()
#11 /media/egova/programming/Local Server/Pro-Travel-PAI-Sumatera-Tours/system/Commands/Server/rewrite.php(34): require_once('/media/egova/pr...')
#12 {main}
CRITICAL - 2020-08-03 02:27:05 --> Undefined variable: child
#0 /media/egova/programming/Local Server/Pro-Travel-PAI-Sumatera-Tours/app/Views/layout-backend/v_sidebar.php(53): CodeIgniter\Debug\Exceptions->errorHandler()
#1 /media/egova/programming/Local Server/Pro-Travel-PAI-Sumatera-Tours/system/View/View.php(246): include('/media/egova/pr...')
#2 /media/egova/programming/Local Server/Pro-Travel-PAI-Sumatera-Tours/system/Common.php(1119): CodeIgniter\View\View->render()
#3 /media/egova/programming/Local Server/Pro-Travel-PAI-Sumatera-Tours/app/Views/index-backend.php(4): view()
#4 /media/egova/programming/Local Server/Pro-Travel-PAI-Sumatera-Tours/system/View/View.php(246): include('/media/egova/pr...')
#5 /media/egova/programming/Local Server/Pro-Travel-PAI-Sumatera-Tours/system/Common.php(1119): CodeIgniter\View\View->render()
#6 /media/egova/programming/Local Server/Pro-Travel-PAI-Sumatera-Tours/app/Controllers/Admin.php(13): view()
#7 /media/egova/programming/Local Server/Pro-Travel-PAI-Sumatera-Tours/system/CodeIgniter.php(918): App\Controllers\Admin->home()
#8 /media/egova/programming/Local Server/Pro-Travel-PAI-Sumatera-Tours/system/CodeIgniter.php(404): CodeIgniter\CodeIgniter->runController()
#9 /media/egova/programming/Local Server/Pro-Travel-PAI-Sumatera-Tours/system/CodeIgniter.php(312): CodeIgniter\CodeIgniter->handleRequest()
#10 /media/egova/programming/Local Server/Pro-Travel-PAI-Sumatera-Tours/public/index.php(45): CodeIgniter\CodeIgniter->run()
#11 /media/egova/programming/Local Server/Pro-Travel-PAI-Sumatera-Tours/system/Commands/Server/rewrite.php(34): require_once('/media/egova/pr...')
#12 {main}
CRITICAL - 2020-08-03 02:29:43 --> Call to undefined function form_open_multipart()
#0 /media/egova/programming/Local Server/Pro-Travel-PAI-Sumatera-Tours/system/View/View.php(246): include()
#1 /media/egova/programming/Local Server/Pro-Travel-PAI-Sumatera-Tours/system/Common.php(1119): CodeIgniter\View\View->render()
#2 /media/egova/programming/Local Server/Pro-Travel-PAI-Sumatera-Tours/app/Views/index-backend.php(5): view()
#3 /media/egova/programming/Local Server/Pro-Travel-PAI-Sumatera-Tours/system/View/View.php(246): include('/media/egova/pr...')
#4 /media/egova/programming/Local Server/Pro-Travel-PAI-Sumatera-Tours/system/Common.php(1119): CodeIgniter\View\View->render()
#5 /media/egova/programming/Local Server/Pro-Travel-PAI-Sumatera-Tours/app/Controllers/Rent.php(24): view()
#6 /media/egova/programming/Local Server/Pro-Travel-PAI-Sumatera-Tours/system/CodeIgniter.php(918): App\Controllers\Rent->tambah()
#7 /media/egova/programming/Local Server/Pro-Travel-PAI-Sumatera-Tours/system/CodeIgniter.php(404): CodeIgniter\CodeIgniter->runController()
#8 /media/egova/programming/Local Server/Pro-Travel-PAI-Sumatera-Tours/system/CodeIgniter.php(312): CodeIgniter\CodeIgniter->handleRequest()
#9 /media/egova/programming/Local Server/Pro-Travel-PAI-Sumatera-Tours/public/index.php(45): CodeIgniter\CodeIgniter->run()
#10 /media/egova/programming/Local Server/Pro-Travel-PAI-Sumatera-Tours/system/Commands/Server/rewrite.php(34): require_once('/media/egova/pr...')
#11 {main}
CRITICAL - 2020-08-03 03:37:01 --> Undefined property: App\Controllers\Rent::$Testimonial
#0 /media/egova/programming/Local Server/Pro-Travel-PAI-Sumatera-Tours/app/Controllers/Rent.php(60): CodeIgniter\Debug\Exceptions->errorHandler()
#1 /media/egova/programming/Local Server/Pro-Travel-PAI-Sumatera-Tours/system/CodeIgniter.php(918): App\Controllers\Rent->store()
#2 /media/egova/programming/Local Server/Pro-Travel-PAI-Sumatera-Tours/system/CodeIgniter.php(404): CodeIgniter\CodeIgniter->runController()
#3 /media/egova/programming/Local Server/Pro-Travel-PAI-Sumatera-Tours/system/CodeIgniter.php(312): CodeIgniter\CodeIgniter->handleRequest()
#4 /media/egova/programming/Local Server/Pro-Travel-PAI-Sumatera-Tours/public/index.php(45): CodeIgniter\CodeIgniter->run()
#5 /media/egova/programming/Local Server/Pro-Travel-PAI-Sumatera-Tours/system/Commands/Server/rewrite.php(34): require_once('/media/egova/pr...')
#6 {main}
CRITICAL - 2020-08-03 03:38:03 --> Column 'rent_nama_mobil' cannot be null
#0 /media/egova/programming/Local Server/Pro-Travel-PAI-Sumatera-Tours/system/Database/MySQLi/Connection.php(331): mysqli->query()
#1 /media/egova/programming/Local Server/Pro-Travel-PAI-Sumatera-Tours/system/Database/BaseConnection.php(741): CodeIgniter\Database\MySQLi\Connection->execute()
#2 /media/egova/programming/Local Server/Pro-Travel-PAI-Sumatera-Tours/system/Database/BaseConnection.php(669): CodeIgniter\Database\BaseConnection->simpleQuery()
#3 /media/egova/programming/Local Server/Pro-Travel-PAI-Sumatera-Tours/system/Database/BaseBuilder.php(2249): CodeIgniter\Database\BaseConnection->query()
#4 /media/egova/programming/Local Server/Pro-Travel-PAI-Sumatera-Tours/app/Models/RentModel.php(12): CodeIgniter\Database\BaseBuilder->insert()
#5 /media/egova/programming/Local Server/Pro-Travel-PAI-Sumatera-Tours/app/Controllers/Rent.php(60): App\Models\RentModel->insertRent()
#6 /media/egova/programming/Local Server/Pro-Travel-PAI-Sumatera-Tours/system/CodeIgniter.php(918): App\Controllers\Rent->store()
#7 /media/egova/programming/Local Server/Pro-Travel-PAI-Sumatera-Tours/system/CodeIgniter.php(404): CodeIgniter\CodeIgniter->runController()
#8 /media/egova/programming/Local Server/Pro-Travel-PAI-Sumatera-Tours/system/CodeIgniter.php(312): CodeIgniter\CodeIgniter->handleRequest()
#9 /media/egova/programming/Local Server/Pro-Travel-PAI-Sumatera-Tours/public/index.php(45): CodeIgniter\CodeIgniter->run()
#10 /media/egova/programming/Local Server/Pro-Travel-PAI-Sumatera-Tours/system/Commands/Server/rewrite.php(34): require_once('/media/egova/pr...')
#11 {main}
CRITICAL - 2020-08-03 03:38:18 --> Column 'rent_nama_mobil' cannot be null
#0 /media/egova/programming/Local Server/Pro-Travel-PAI-Sumatera-Tours/system/Database/MySQLi/Connection.php(331): mysqli->query()
#1 /media/egova/programming/Local Server/Pro-Travel-PAI-Sumatera-Tours/system/Database/BaseConnection.php(741): CodeIgniter\Database\MySQLi\Connection->execute()
#2 /media/egova/programming/Local Server/Pro-Travel-PAI-Sumatera-Tours/system/Database/BaseConnection.php(669): CodeIgniter\Database\BaseConnection->simpleQuery()
#3 /media/egova/programming/Local Server/Pro-Travel-PAI-Sumatera-Tours/system/Database/BaseBuilder.php(2249): CodeIgniter\Database\BaseConnection->query()
#4 /media/egova/programming/Local Server/Pro-Travel-PAI-Sumatera-Tours/app/Models/RentModel.php(12): CodeIgniter\Database\BaseBuilder->insert()
#5 /media/egova/programming/Local Server/Pro-Travel-PAI-Sumatera-Tours/app/Controllers/Rent.php(60): App\Models\RentModel->insertRent()
#6 /media/egova/programming/Local Server/Pro-Travel-PAI-Sumatera-Tours/system/CodeIgniter.php(918): App\Controllers\Rent->store()
#7 /media/egova/programming/Local Server/Pro-Travel-PAI-Sumatera-Tours/system/CodeIgniter.php(404): CodeIgniter\CodeIgniter->runController()
#8 /media/egova/programming/Local Server/Pro-Travel-PAI-Sumatera-Tours/system/CodeIgniter.php(312): CodeIgniter\CodeIgniter->handleRequest()
#9 /media/egova/programming/Local Server/Pro-Travel-PAI-Sumatera-Tours/public/index.php(45): CodeIgniter\CodeIgniter->run()
#10 /media/egova/programming/Local Server/Pro-Travel-PAI-Sumatera-Tours/system/Commands/Server/rewrite.php(34): require_once('/media/egova/pr...')
#11 {main}
CRITICAL - 2020-08-03 04:29:01 --> Unknown column 'id' in 'where clause'
#0 /media/egova/programming/Local Server/Pro-Travel-PAI-Sumatera-Tours/system/Database/MySQLi/Connection.php(331): mysqli->query()
#1 /media/egova/programming/Local Server/Pro-Travel-PAI-Sumatera-Tours/system/Database/BaseConnection.php(741): CodeIgniter\Database\MySQLi\Connection->execute()
#2 /media/egova/programming/Local Server/Pro-Travel-PAI-Sumatera-Tours/system/Database/BaseConnection.php(669): CodeIgniter\Database\BaseConnection->simpleQuery()
#3 /media/egova/programming/Local Server/Pro-Travel-PAI-Sumatera-Tours/system/Database/BaseBuilder.php(2853): CodeIgniter\Database\BaseConnection->query()
#4 /media/egova/programming/Local Server/Pro-Travel-PAI-Sumatera-Tours/system/Model.php(977): CodeIgniter\Database\BaseBuilder->delete()
#5 /media/egova/programming/Local Server/Pro-Travel-PAI-Sumatera-Tours/app/Controllers/Rent.php(67): CodeIgniter\Model->delete()
#6 /media/egova/programming/Local Server/Pro-Travel-PAI-Sumatera-Tours/system/CodeIgniter.php(918): App\Controllers\Rent->delete()
#7 /media/egova/programming/Local Server/Pro-Travel-PAI-Sumatera-Tours/system/CodeIgniter.php(404): CodeIgniter\CodeIgniter->runController()
#8 /media/egova/programming/Local Server/Pro-Travel-PAI-Sumatera-Tours/system/CodeIgniter.php(312): CodeIgniter\CodeIgniter->handleRequest()
#9 /media/egova/programming/Local Server/Pro-Travel-PAI-Sumatera-Tours/public/index.php(45): CodeIgniter\CodeIgniter->run()
#10 /media/egova/programming/Local Server/Pro-Travel-PAI-Sumatera-Tours/system/Commands/Server/rewrite.php(34): require_once('/media/egova/pr...')
#11 {main}
CRITICAL - 2020-08-03 04:34:51 --> Unknown column 'id' in 'where clause'
#0 /media/egova/programming/Local Server/Pro-Travel-PAI-Sumatera-Tours/system/Database/MySQLi/Connection.php(331): mysqli->query()
#1 /media/egova/programming/Local Server/Pro-Travel-PAI-Sumatera-Tours/system/Database/BaseConnection.php(741): CodeIgniter\Database\MySQLi\Connection->execute()
#2 /media/egova/programming/Local Server/Pro-Travel-PAI-Sumatera-Tours/system/Database/BaseConnection.php(669): CodeIgniter\Database\BaseConnection->simpleQuery()
#3 /media/egova/programming/Local Server/Pro-Travel-PAI-Sumatera-Tours/system/Database/BaseBuilder.php(2853): CodeIgniter\Database\BaseConnection->query()
#4 /media/egova/programming/Local Server/Pro-Travel-PAI-Sumatera-Tours/system/Model.php(977): CodeIgniter\Database\BaseBuilder->delete()
#5 /media/egova/programming/Local Server/Pro-Travel-PAI-Sumatera-Tours/app/Controllers/Rent.php(67): CodeIgniter\Model->delete()
#6 /media/egova/programming/Local Server/Pro-Travel-PAI-Sumatera-Tours/system/CodeIgniter.php(918): App\Controllers\Rent->delete()
#7 /media/egova/programming/Local Server/Pro-Travel-PAI-Sumatera-Tours/system/CodeIgniter.php(404): CodeIgniter\CodeIgniter->runController()
#8 /media/egova/programming/Local Server/Pro-Travel-PAI-Sumatera-Tours/system/CodeIgniter.php(312): CodeIgniter\CodeIgniter->handleRequest()
#9 /media/egova/programming/Local Server/Pro-Travel-PAI-Sumatera-Tours/public/index.php(45): CodeIgniter\CodeIgniter->run()
#10 /media/egova/programming/Local Server/Pro-Travel-PAI-Sumatera-Tours/system/Commands/Server/rewrite.php(34): require_once('/media/egova/pr...')
#11 {main}
CRITICAL - 2020-08-03 04:38:49 --> Unknown column 'id' in 'where clause'
#0 /media/egova/programming/Local Server/Pro-Travel-PAI-Sumatera-Tours/system/Database/MySQLi/Connection.php(331): mysqli->query()
#1 /media/egova/programming/Local Server/Pro-Travel-PAI-Sumatera-Tours/system/Database/BaseConnection.php(741): CodeIgniter\Database\MySQLi\Connection->execute()
#2 /media/egova/programming/Local Server/Pro-Travel-PAI-Sumatera-Tours/system/Database/BaseConnection.php(669): CodeIgniter\Database\BaseConnection->simpleQuery()
#3 /media/egova/programming/Local Server/Pro-Travel-PAI-Sumatera-Tours/system/Database/BaseBuilder.php(2853): CodeIgniter\Database\BaseConnection->query()
#4 /media/egova/programming/Local Server/Pro-Travel-PAI-Sumatera-Tours/system/Model.php(977): CodeIgniter\Database\BaseBuilder->delete()
#5 /media/egova/programming/Local Server/Pro-Travel-PAI-Sumatera-Tours/app/Controllers/Rent.php(67): CodeIgniter\Model->delete()
#6 /media/egova/programming/Local Server/Pro-Travel-PAI-Sumatera-Tours/system/CodeIgniter.php(918): App\Controllers\Rent->delete()
#7 /media/egova/programming/Local Server/Pro-Travel-PAI-Sumatera-Tours/system/CodeIgniter.php(404): CodeIgniter\CodeIgniter->runController()
#8 /media/egova/programming/Local Server/Pro-Travel-PAI-Sumatera-Tours/system/CodeIgniter.php(312): CodeIgniter\CodeIgniter->handleRequest()
#9 /media/egova/programming/Local Server/Pro-Travel-PAI-Sumatera-Tours/public/index.php(45): CodeIgniter\CodeIgniter->run()
#10 /media/egova/programming/Local Server/Pro-Travel-PAI-Sumatera-Tours/system/Commands/Server/rewrite.php(34): require_once('/media/egova/pr...')
#11 {main}
CRITICAL - 2020-08-03 04:48:26 --> Unknown column 'id' in 'where clause'
#0 /media/egova/programming/Local Server/Pro-Travel-PAI-Sumatera-Tours/system/Database/MySQLi/Connection.php(331): mysqli->query()
#1 /media/egova/programming/Local Server/Pro-Travel-PAI-Sumatera-Tours/system/Database/BaseConnection.php(741): CodeIgniter\Database\MySQLi\Connection->execute()
#2 /media/egova/programming/Local Server/Pro-Travel-PAI-Sumatera-Tours/system/Database/BaseConnection.php(669): CodeIgniter\Database\BaseConnection->simpleQuery()
#3 /media/egova/programming/Local Server/Pro-Travel-PAI-Sumatera-Tours/system/Database/BaseBuilder.php(2853): CodeIgniter\Database\BaseConnection->query()
#4 /media/egova/programming/Local Server/Pro-Travel-PAI-Sumatera-Tours/system/Model.php(977): CodeIgniter\Database\BaseBuilder->delete()
#5 /media/egova/programming/Local Server/Pro-Travel-PAI-Sumatera-Tours/app/Controllers/Rent.php(67): CodeIgniter\Model->delete()
#6 /media/egova/programming/Local Server/Pro-Travel-PAI-Sumatera-Tours/system/CodeIgniter.php(918): App\Controllers\Rent->delete()
#7 /media/egova/programming/Local Server/Pro-Travel-PAI-Sumatera-Tours/system/CodeIgniter.php(404): CodeIgniter\CodeIgniter->runController()
#8 /media/egova/programming/Local Server/Pro-Travel-PAI-Sumatera-Tours/system/CodeIgniter.php(312): CodeIgniter\CodeIgniter->handleRequest()
#9 /media/egova/programming/Local Server/Pro-Travel-PAI-Sumatera-Tours/public/index.php(45): CodeIgniter\CodeIgniter->run()
#10 /media/egova/programming/Local Server/Pro-Travel-PAI-Sumatera-Tours/system/Commands/Server/rewrite.php(34): require_once('/media/egova/pr...')
#11 {main}
CRITICAL - 2020-08-03 04:48:48 --> Unknown column 'id' in 'where clause'
#0 /media/egova/programming/Local Server/Pro-Travel-PAI-Sumatera-Tours/system/Database/MySQLi/Connection.php(331): mysqli->query()
#1 /media/egova/programming/Local Server/Pro-Travel-PAI-Sumatera-Tours/system/Database/BaseConnection.php(741): CodeIgniter\Database\MySQLi\Connection->execute()
#2 /media/egova/programming/Local Server/Pro-Travel-PAI-Sumatera-Tours/system/Database/BaseConnection.php(669): CodeIgniter\Database\BaseConnection->simpleQuery()
#3 /media/egova/programming/Local Server/Pro-Travel-PAI-Sumatera-Tours/system/Database/BaseBuilder.php(2853): CodeIgniter\Database\BaseConnection->query()
#4 /media/egova/programming/Local Server/Pro-Travel-PAI-Sumatera-Tours/system/Model.php(977): CodeIgniter\Database\BaseBuilder->delete()
#5 /media/egova/programming/Local Server/Pro-Travel-PAI-Sumatera-Tours/app/Controllers/Rent.php(67): CodeIgniter\Model->delete()
#6 /media/egova/programming/Local Server/Pro-Travel-PAI-Sumatera-Tours/system/CodeIgniter.php(918): App\Controllers\Rent->delete()
#7 /media/egova/programming/Local Server/Pro-Travel-PAI-Sumatera-Tours/system/CodeIgniter.php(404): CodeIgniter\CodeIgniter->runController()
#8 /media/egova/programming/Local Server/Pro-Travel-PAI-Sumatera-Tours/system/CodeIgniter.php(312): CodeIgniter\CodeIgniter->handleRequest()
#9 /media/egova/programming/Local Server/Pro-Travel-PAI-Sumatera-Tours/public/index.php(45): CodeIgniter\CodeIgniter->run()
#10 /media/egova/programming/Local Server/Pro-Travel-PAI-Sumatera-Tours/system/Commands/Server/rewrite.php(34): require_once('/media/egova/pr...')
#11 {main}
CRITICAL - 2020-08-03 04:49:19 --> Unknown column 'id' in 'where clause'
#0 /media/egova/programming/Local Server/Pro-Travel-PAI-Sumatera-Tours/system/Database/MySQLi/Connection.php(331): mysqli->query()
#1 /media/egova/programming/Local Server/Pro-Travel-PAI-Sumatera-Tours/system/Database/BaseConnection.php(741): CodeIgniter\Database\MySQLi\Connection->execute()
#2 /media/egova/programming/Local Server/Pro-Travel-PAI-Sumatera-Tours/system/Database/BaseConnection.php(669): CodeIgniter\Database\BaseConnection->simpleQuery()
#3 /media/egova/programming/Local Server/Pro-Travel-PAI-Sumatera-Tours/system/Database/BaseBuilder.php(2853): CodeIgniter\Database\BaseConnection->query()
#4 /media/egova/programming/Local Server/Pro-Travel-PAI-Sumatera-Tours/system/Model.php(977): CodeIgniter\Database\BaseBuilder->delete()
#5 /media/egova/programming/Local Server/Pro-Travel-PAI-Sumatera-Tours/app/Controllers/Rent.php(67): CodeIgniter\Model->delete()
#6 /media/egova/programming/Local Server/Pro-Travel-PAI-Sumatera-Tours/system/CodeIgniter.php(918): App\Controllers\Rent->delete()
#7 /media/egova/programming/Local Server/Pro-Travel-PAI-Sumatera-Tours/system/CodeIgniter.php(404): CodeIgniter\CodeIgniter->runController()
#8 /media/egova/programming/Local Server/Pro-Travel-PAI-Sumatera-Tours/system/CodeIgniter.php(312): CodeIgniter\CodeIgniter->handleRequest()
#9 /media/egova/programming/Local Server/Pro-Travel-PAI-Sumatera-Tours/public/index.php(45): CodeIgniter\CodeIgniter->run()
#10 /media/egova/programming/Local Server/Pro-Travel-PAI-Sumatera-Tours/system/Commands/Server/rewrite.php(34): require_once('/media/egova/pr...')
#11 {main}
CRITICAL - 2020-08-03 04:50:07 --> Unknown column 'id' in 'where clause'
#0 /media/egova/programming/Local Server/Pro-Travel-PAI-Sumatera-Tours/system/Database/MySQLi/Connection.php(331): mysqli->query()
#1 /media/egova/programming/Local Server/Pro-Travel-PAI-Sumatera-Tours/system/Database/BaseConnection.php(741): CodeIgniter\Database\MySQLi\Connection->execute()
#2 /media/egova/programming/Local Server/Pro-Travel-PAI-Sumatera-Tours/system/Database/BaseConnection.php(669): CodeIgniter\Database\BaseConnection->simpleQuery()
#3 /media/egova/programming/Local Server/Pro-Travel-PAI-Sumatera-Tours/system/Database/BaseBuilder.php(2853): CodeIgniter\Database\BaseConnection->query()
#4 /media/egova/programming/Local Server/Pro-Travel-PAI-Sumatera-Tours/system/Model.php(977): CodeIgniter\Database\BaseBuilder->delete()
#5 /media/egova/programming/Local Server/Pro-Travel-PAI-Sumatera-Tours/app/Controllers/Rent.php(67): CodeIgniter\Model->delete()
#6 /media/egova/programming/Local Server/Pro-Travel-PAI-Sumatera-Tours/system/CodeIgniter.php(918): App\Controllers\Rent->delete()
#7 /media/egova/programming/Local Server/Pro-Travel-PAI-Sumatera-Tours/system/CodeIgniter.php(404): CodeIgniter\CodeIgniter->runController()
#8 /media/egova/programming/Local Server/Pro-Travel-PAI-Sumatera-Tours/system/CodeIgniter.php(312): CodeIgniter\CodeIgniter->handleRequest()
#9 /media/egova/programming/Local Server/Pro-Travel-PAI-Sumatera-Tours/public/index.php(45): CodeIgniter\CodeIgniter->run()
#10 /media/egova/programming/Local Server/Pro-Travel-PAI-Sumatera-Tours/system/Commands/Server/rewrite.php(34): require_once('/media/egova/pr...')
#11 {main}
CRITICAL - 2020-08-03 04:51:04 --> Unknown column 'id' in 'where clause'
#0 /media/egova/programming/Local Server/Pro-Travel-PAI-Sumatera-Tours/system/Database/MySQLi/Connection.php(331): mysqli->query()
#1 /media/egova/programming/Local Server/Pro-Travel-PAI-Sumatera-Tours/system/Database/BaseConnection.php(741): CodeIgniter\Database\MySQLi\Connection->execute()
#2 /media/egova/programming/Local Server/Pro-Travel-PAI-Sumatera-Tours/system/Database/BaseConnection.php(669): CodeIgniter\Database\BaseConnection->simpleQuery()
#3 /media/egova/programming/Local Server/Pro-Travel-PAI-Sumatera-Tours/system/Database/BaseBuilder.php(2853): CodeIgniter\Database\BaseConnection->query()
#4 /media/egova/programming/Local Server/Pro-Travel-PAI-Sumatera-Tours/system/Model.php(977): CodeIgniter\Database\BaseBuilder->delete()
#5 /media/egova/programming/Local Server/Pro-Travel-PAI-Sumatera-Tours/app/Controllers/Rent.php(67): CodeIgniter\Model->delete()
#6 /media/egova/programming/Local Server/Pro-Travel-PAI-Sumatera-Tours/system/CodeIgniter.php(918): App\Controllers\Rent->delete()
#7 /media/egova/programming/Local Server/Pro-Travel-PAI-Sumatera-Tours/system/CodeIgniter.php(404): CodeIgniter\CodeIgniter->runController()
#8 /media/egova/programming/Local Server/Pro-Travel-PAI-Sumatera-Tours/system/CodeIgniter.php(312): CodeIgniter\CodeIgniter->handleRequest()
#9 /media/egova/programming/Local Server/Pro-Travel-PAI-Sumatera-Tours/public/index.php(45): CodeIgniter\CodeIgniter->run()
#10 /media/egova/programming/Local Server/Pro-Travel-PAI-Sumatera-Tours/system/Commands/Server/rewrite.php(34): require_once('/media/egova/pr...')
#11 {main}
CRITICAL - 2020-08-03 04:51:11 --> Unknown column 'id' in 'where clause'
#0 /media/egova/programming/Local Server/Pro-Travel-PAI-Sumatera-Tours/system/Database/MySQLi/Connection.php(331): mysqli->query()
#1 /media/egova/programming/Local Server/Pro-Travel-PAI-Sumatera-Tours/system/Database/BaseConnection.php(741): CodeIgniter\Database\MySQLi\Connection->execute()
#2 /media/egova/programming/Local Server/Pro-Travel-PAI-Sumatera-Tours/system/Database/BaseConnection.php(669): CodeIgniter\Database\BaseConnection->simpleQuery()
#3 /media/egova/programming/Local Server/Pro-Travel-PAI-Sumatera-Tours/system/Database/BaseBuilder.php(2853): CodeIgniter\Database\BaseConnection->query()
#4 /media/egova/programming/Local Server/Pro-Travel-PAI-Sumatera-Tours/system/Model.php(977): CodeIgniter\Database\BaseBuilder->delete()
#5 /media/egova/programming/Local Server/Pro-Travel-PAI-Sumatera-Tours/app/Controllers/Rent.php(67): CodeIgniter\Model->delete()
#6 /media/egova/programming/Local Server/Pro-Travel-PAI-Sumatera-Tours/system/CodeIgniter.php(918): App\Controllers\Rent->delete()
#7 /media/egova/programming/Local Server/Pro-Travel-PAI-Sumatera-Tours/system/CodeIgniter.php(404): CodeIgniter\CodeIgniter->runController()
#8 /media/egova/programming/Local Server/Pro-Travel-PAI-Sumatera-Tours/system/CodeIgniter.php(312): CodeIgniter\CodeIgniter->handleRequest()
#9 /media/egova/programming/Local Server/Pro-Travel-PAI-Sumatera-Tours/public/index.php(45): CodeIgniter\CodeIgniter->run()
#10 /media/egova/programming/Local Server/Pro-Travel-PAI-Sumatera-Tours/system/Commands/Server/rewrite.php(34): require_once('/media/egova/pr...')
#11 {main}
CRITICAL - 2020-08-03 04:51:19 --> Unknown column 'id' in 'where clause'
#0 /media/egova/programming/Local Server/Pro-Travel-PAI-Sumatera-Tours/system/Database/MySQLi/Connection.php(331): mysqli->query()
#1 /media/egova/programming/Local Server/Pro-Travel-PAI-Sumatera-Tours/system/Database/BaseConnection.php(741): CodeIgniter\Database\MySQLi\Connection->execute()
#2 /media/egova/programming/Local Server/Pro-Travel-PAI-Sumatera-Tours/system/Database/BaseConnection.php(669): CodeIgniter\Database\BaseConnection->simpleQuery()
#3 /media/egova/programming/Local Server/Pro-Travel-PAI-Sumatera-Tours/system/Database/BaseBuilder.php(2853): CodeIgniter\Database\BaseConnection->query()
#4 /media/egova/programming/Local Server/Pro-Travel-PAI-Sumatera-Tours/system/Model.php(977): CodeIgniter\Database\BaseBuilder->delete()
#5 /media/egova/programming/Local Server/Pro-Travel-PAI-Sumatera-Tours/app/Controllers/Rent.php(67): CodeIgniter\Model->delete()
#6 /media/egova/programming/Local Server/Pro-Travel-PAI-Sumatera-Tours/system/CodeIgniter.php(918): App\Controllers\Rent->delete()
#7 /media/egova/programming/Local Server/Pro-Travel-PAI-Sumatera-Tours/system/CodeIgniter.php(404): CodeIgniter\CodeIgniter->runController()
#8 /media/egova/programming/Local Server/Pro-Travel-PAI-Sumatera-Tours/system/CodeIgniter.php(312): CodeIgniter\CodeIgniter->handleRequest()
#9 /media/egova/programming/Local Server/Pro-Travel-PAI-Sumatera-Tours/public/index.php(45): CodeIgniter\CodeIgniter->run()
#10 /media/egova/programming/Local Server/Pro-Travel-PAI-Sumatera-Tours/system/Commands/Server/rewrite.php(34): require_once('/media/egova/pr...')
#11 {main}
CRITICAL - 2020-08-03 04:51:46 --> Unknown column 'id' in 'where clause'
#0 /media/egova/programming/Local Server/Pro-Travel-PAI-Sumatera-Tours/system/Database/MySQLi/Connection.php(331): mysqli->query()
#1 /media/egova/programming/Local Server/Pro-Travel-PAI-Sumatera-Tours/system/Database/BaseConnection.php(741): CodeIgniter\Database\MySQLi\Connection->execute()
#2 /media/egova/programming/Local Server/Pro-Travel-PAI-Sumatera-Tours/system/Database/BaseConnection.php(669): CodeIgniter\Database\BaseConnection->simpleQuery()
#3 /media/egova/programming/Local Server/Pro-Travel-PAI-Sumatera-Tours/system/Database/BaseBuilder.php(2853): CodeIgniter\Database\BaseConnection->query()
#4 /media/egova/programming/Local Server/Pro-Travel-PAI-Sumatera-Tours/system/Model.php(977): CodeIgniter\Database\BaseBuilder->delete()
#5 /media/egova/programming/Local Server/Pro-Travel-PAI-Sumatera-Tours/app/Controllers/Rent.php(67): CodeIgniter\Model->delete()
#6 /media/egova/programming/Local Server/Pro-Travel-PAI-Sumatera-Tours/system/CodeIgniter.php(918): App\Controllers\Rent->delete()
#7 /media/egova/programming/Local Server/Pro-Travel-PAI-Sumatera-Tours/system/CodeIgniter.php(404): CodeIgniter\CodeIgniter->runController()
#8 /media/egova/programming/Local Server/Pro-Travel-PAI-Sumatera-Tours/system/CodeIgniter.php(312): CodeIgniter\CodeIgniter->handleRequest()
#9 /media/egova/programming/Local Server/Pro-Travel-PAI-Sumatera-Tours/public/index.php(45): CodeIgniter\CodeIgniter->run()
#10 /media/egova/programming/Local Server/Pro-Travel-PAI-Sumatera-Tours/system/Commands/Server/rewrite.php(34): require_once('/media/egova/pr...')
#11 {main}
CRITICAL - 2020-08-03 04:52:10 --> Unknown column 'id' in 'where clause'
#0 /media/egova/programming/Local Server/Pro-Travel-PAI-Sumatera-Tours/system/Database/MySQLi/Connection.php(331): mysqli->query()
#1 /media/egova/programming/Local Server/Pro-Travel-PAI-Sumatera-Tours/system/Database/BaseConnection.php(741): CodeIgniter\Database\MySQLi\Connection->execute()
#2 /media/egova/programming/Local Server/Pro-Travel-PAI-Sumatera-Tours/system/Database/BaseConnection.php(669): CodeIgniter\Database\BaseConnection->simpleQuery()
#3 /media/egova/programming/Local Server/Pro-Travel-PAI-Sumatera-Tours/system/Database/BaseBuilder.php(2853): CodeIgniter\Database\BaseConnection->query()
#4 /media/egova/programming/Local Server/Pro-Travel-PAI-Sumatera-Tours/system/Model.php(977): CodeIgniter\Database\BaseBuilder->delete()
#5 /media/egova/programming/Local Server/Pro-Travel-PAI-Sumatera-Tours/app/Controllers/Rent.php(67): CodeIgniter\Model->delete()
#6 /media/egova/programming/Local Server/Pro-Travel-PAI-Sumatera-Tours/system/CodeIgniter.php(918): App\Controllers\Rent->delete()
#7 /media/egova/programming/Local Server/Pro-Travel-PAI-Sumatera-Tours/system/CodeIgniter.php(404): CodeIgniter\CodeIgniter->runController()
#8 /media/egova/programming/Local Server/Pro-Travel-PAI-Sumatera-Tours/system/CodeIgniter.php(312): CodeIgniter\CodeIgniter->handleRequest()
#9 /media/egova/programming/Local Server/Pro-Travel-PAI-Sumatera-Tours/public/index.php(45): CodeIgniter\CodeIgniter->run()
#10 /media/egova/programming/Local Server/Pro-Travel-PAI-Sumatera-Tours/system/Commands/Server/rewrite.php(34): require_once('/media/egova/pr...')
#11 {main}
CRITICAL - 2020-08-03 04:52:54 --> Unknown column 'id' in 'where clause'
#0 /media/egova/programming/Local Server/Pro-Travel-PAI-Sumatera-Tours/system/Database/MySQLi/Connection.php(331): mysqli->query()
#1 /media/egova/programming/Local Server/Pro-Travel-PAI-Sumatera-Tours/system/Database/BaseConnection.php(741): CodeIgniter\Database\MySQLi\Connection->execute()
#2 /media/egova/programming/Local Server/Pro-Travel-PAI-Sumatera-Tours/system/Database/BaseConnection.php(669): CodeIgniter\Database\BaseConnection->simpleQuery()
#3 /media/egova/programming/Local Server/Pro-Travel-PAI-Sumatera-Tours/system/Database/BaseBuilder.php(2853): CodeIgniter\Database\BaseConnection->query()
#4 /media/egova/programming/Local Server/Pro-Travel-PAI-Sumatera-Tours/system/Model.php(977): CodeIgniter\Database\BaseBuilder->delete()
#5 /media/egova/programming/Local Server/Pro-Travel-PAI-Sumatera-Tours/app/Controllers/Rent.php(67): CodeIgniter\Model->delete()
#6 /media/egova/programming/Local Server/Pro-Travel-PAI-Sumatera-Tours/system/CodeIgniter.php(918): App\Controllers\Rent->delete()
#7 /media/egova/programming/Local Server/Pro-Travel-PAI-Sumatera-Tours/system/CodeIgniter.php(404): CodeIgniter\CodeIgniter->runController()
#8 /media/egova/programming/Local Server/Pro-Travel-PAI-Sumatera-Tours/system/CodeIgniter.php(312): CodeIgniter\CodeIgniter->handleRequest()
#9 /media/egova/programming/Local Server/Pro-Travel-PAI-Sumatera-Tours/public/index.php(45): CodeIgniter\CodeIgniter->run()
#10 /media/egova/programming/Local Server/Pro-Travel-PAI-Sumatera-Tours/system/Commands/Server/rewrite.php(34): require_once('/media/egova/pr...')
#11 {main}
CRITICAL - 2020-08-03 04:54:42 --> Unknown column 'id' in 'where clause'
#0 /media/egova/programming/Local Server/Pro-Travel-PAI-Sumatera-Tours/system/Database/MySQLi/Connection.php(331): mysqli->query()
#1 /media/egova/programming/Local Server/Pro-Travel-PAI-Sumatera-Tours/system/Database/BaseConnection.php(741): CodeIgniter\Database\MySQLi\Connection->execute()
#2 /media/egova/programming/Local Server/Pro-Travel-PAI-Sumatera-Tours/system/Database/BaseConnection.php(669): CodeIgniter\Database\BaseConnection->simpleQuery()
#3 /media/egova/programming/Local Server/Pro-Travel-PAI-Sumatera-Tours/system/Database/BaseBuilder.php(2853): CodeIgniter\Database\BaseConnection->query()
#4 /media/egova/programming/Local Server/Pro-Travel-PAI-Sumatera-Tours/system/Model.php(977): CodeIgniter\Database\BaseBuilder->delete()
#5 /media/egova/programming/Local Server/Pro-Travel-PAI-Sumatera-Tours/app/Controllers/Rent.php(67): CodeIgniter\Model->delete()
#6 /media/egova/programming/Local Server/Pro-Travel-PAI-Sumatera-Tours/system/CodeIgniter.php(918): App\Controllers\Rent->delete()
#7 /media/egova/programming/Local Server/Pro-Travel-PAI-Sumatera-Tours/system/CodeIgniter.php(404): CodeIgniter\CodeIgniter->runController()
#8 /media/egova/programming/Local Server/Pro-Travel-PAI-Sumatera-Tours/system/CodeIgniter.php(312): CodeIgniter\CodeIgniter->handleRequest()
#9 /media/egova/programming/Local Server/Pro-Travel-PAI-Sumatera-Tours/public/index.php(45): CodeIgniter\CodeIgniter->run()
#10 /media/egova/programming/Local Server/Pro-Travel-PAI-Sumatera-Tours/system/Commands/Server/rewrite.php(34): require_once('/media/egova/pr...')
#11 {main}
CRITICAL - 2020-08-03 04:55:33 --> Unknown column 'id' in 'where clause'
#0 /media/egova/programming/Local Server/Pro-Travel-PAI-Sumatera-Tours/system/Database/MySQLi/Connection.php(331): mysqli->query()
#1 /media/egova/programming/Local Server/Pro-Travel-PAI-Sumatera-Tours/system/Database/BaseConnection.php(741): CodeIgniter\Database\MySQLi\Connection->execute()
#2 /media/egova/programming/Local Server/Pro-Travel-PAI-Sumatera-Tours/system/Database/BaseConnection.php(669): CodeIgniter\Database\BaseConnection->simpleQuery()
#3 /media/egova/programming/Local Server/Pro-Travel-PAI-Sumatera-Tours/system/Database/BaseBuilder.php(2853): CodeIgniter\Database\BaseConnection->query()
#4 /media/egova/programming/Local Server/Pro-Travel-PAI-Sumatera-Tours/system/Model.php(977): CodeIgniter\Database\BaseBuilder->delete()
#5 /media/egova/programming/Local Server/Pro-Travel-PAI-Sumatera-Tours/app/Controllers/Rent.php(67): CodeIgniter\Model->delete()
#6 /media/egova/programming/Local Server/Pro-Travel-PAI-Sumatera-Tours/system/CodeIgniter.php(918): App\Controllers\Rent->delete()
#7 /media/egova/programming/Local Server/Pro-Travel-PAI-Sumatera-Tours/system/CodeIgniter.php(404): CodeIgniter\CodeIgniter->runController()
#8 /media/egova/programming/Local Server/Pro-Travel-PAI-Sumatera-Tours/system/CodeIgniter.php(312): CodeIgniter\CodeIgniter->handleRequest()
#9 /media/egova/programming/Local Server/Pro-Travel-PAI-Sumatera-Tours/public/index.php(45): CodeIgniter\CodeIgniter->run()
#10 /media/egova/programming/Local Server/Pro-Travel-PAI-Sumatera-Tours/system/Commands/Server/rewrite.php(34): require_once('/media/egova/pr...')
#11 {main}
CRITICAL - 2020-08-03 04:56:46 --> Unknown column 'id' in 'where clause'
#0 /media/egova/programming/Local Server/Pro-Travel-PAI-Sumatera-Tours/system/Database/MySQLi/Connection.php(331): mysqli->query()
#1 /media/egova/programming/Local Server/Pro-Travel-PAI-Sumatera-Tours/system/Database/BaseConnection.php(741): CodeIgniter\Database\MySQLi\Connection->execute()
#2 /media/egova/programming/Local Server/Pro-Travel-PAI-Sumatera-Tours/system/Database/BaseConnection.php(669): CodeIgniter\Database\BaseConnection->simpleQuery()
#3 /media/egova/programming/Local Server/Pro-Travel-PAI-Sumatera-Tours/system/Database/BaseBuilder.php(2853): CodeIgniter\Database\BaseConnection->query()
#4 /media/egova/programming/Local Server/Pro-Travel-PAI-Sumatera-Tours/system/Model.php(977): CodeIgniter\Database\BaseBuilder->delete()
#5 /media/egova/programming/Local Server/Pro-Travel-PAI-Sumatera-Tours/app/Controllers/Rent.php(67): CodeIgniter\Model->delete()
#6 /media/egova/programming/Local Server/Pro-Travel-PAI-Sumatera-Tours/system/CodeIgniter.php(918): App\Controllers\Rent->delete()
#7 /media/egova/programming/Local Server/Pro-Travel-PAI-Sumatera-Tours/system/CodeIgniter.php(404): CodeIgniter\CodeIgniter->runController()
#8 /media/egova/programming/Local Server/Pro-Travel-PAI-Sumatera-Tours/system/CodeIgniter.php(312): CodeIgniter\CodeIgniter->handleRequest()
#9 /media/egova/programming/Local Server/Pro-Travel-PAI-Sumatera-Tours/public/index.php(45): CodeIgniter\CodeIgniter->run()
#10 /media/egova/programming/Local Server/Pro-Travel-PAI-Sumatera-Tours/system/Commands/Server/rewrite.php(34): require_once('/media/egova/pr...')
#11 {main}
CRITICAL - 2020-08-03 04:57:25 --> Unknown column 'id' in 'where clause'
#0 /media/egova/programming/Local Server/Pro-Travel-PAI-Sumatera-Tours/system/Database/MySQLi/Connection.php(331): mysqli->query()
#1 /media/egova/programming/Local Server/Pro-Travel-PAI-Sumatera-Tours/system/Database/BaseConnection.php(741): CodeIgniter\Database\MySQLi\Connection->execute()
#2 /media/egova/programming/Local Server/Pro-Travel-PAI-Sumatera-Tours/system/Database/BaseConnection.php(669): CodeIgniter\Database\BaseConnection->simpleQuery()
#3 /media/egova/programming/Local Server/Pro-Travel-PAI-Sumatera-Tours/system/Database/BaseBuilder.php(2853): CodeIgniter\Database\BaseConnection->query()
#4 /media/egova/programming/Local Server/Pro-Travel-PAI-Sumatera-Tours/system/Model.php(977): CodeIgniter\Database\BaseBuilder->delete()
#5 /media/egova/programming/Local Server/Pro-Travel-PAI-Sumatera-Tours/app/Controllers/Rent.php(67): CodeIgniter\Model->delete()
#6 /media/egova/programming/Local Server/Pro-Travel-PAI-Sumatera-Tours/system/CodeIgniter.php(918): App\Controllers\Rent->delete()
#7 /media/egova/programming/Local Server/Pro-Travel-PAI-Sumatera-Tours/system/CodeIgniter.php(404): CodeIgniter\CodeIgniter->runController()
#8 /media/egova/programming/Local Server/Pro-Travel-PAI-Sumatera-Tours/system/CodeIgniter.php(312): CodeIgniter\CodeIgniter->handleRequest()
#9 /media/egova/programming/Local Server/Pro-Travel-PAI-Sumatera-Tours/public/index.php(45): CodeIgniter\CodeIgniter->run()
#10 /media/egova/programming/Local Server/Pro-Travel-PAI-Sumatera-Tours/system/Commands/Server/rewrite.php(34): require_once('/media/egova/pr...')
#11 {main}
CRITICAL - 2020-08-03 04:58:52 --> Unknown column 'id' in 'where clause'
#0 /media/egova/programming/Local Server/Pro-Travel-PAI-Sumatera-Tours/system/Database/MySQLi/Connection.php(331): mysqli->query()
#1 /media/egova/programming/Local Server/Pro-Travel-PAI-Sumatera-Tours/system/Database/BaseConnection.php(741): CodeIgniter\Database\MySQLi\Connection->execute()
#2 /media/egova/programming/Local Server/Pro-Travel-PAI-Sumatera-Tours/system/Database/BaseConnection.php(669): CodeIgniter\Database\BaseConnection->simpleQuery()
#3 /media/egova/programming/Local Server/Pro-Travel-PAI-Sumatera-Tours/system/Database/BaseBuilder.php(2853): CodeIgniter\Database\BaseConnection->query()
#4 /media/egova/programming/Local Server/Pro-Travel-PAI-Sumatera-Tours/system/Model.php(977): CodeIgniter\Database\BaseBuilder->delete()
#5 /media/egova/programming/Local Server/Pro-Travel-PAI-Sumatera-Tours/app/Controllers/Rent.php(67): CodeIgniter\Model->delete()
#6 /media/egova/programming/Local Server/Pro-Travel-PAI-Sumatera-Tours/system/CodeIgniter.php(918): App\Controllers\Rent->delete()
#7 /media/egova/programming/Local Server/Pro-Travel-PAI-Sumatera-Tours/system/CodeIgniter.php(404): CodeIgniter\CodeIgniter->runController()
#8 /media/egova/programming/Local Server/Pro-Travel-PAI-Sumatera-Tours/system/CodeIgniter.php(312): CodeIgniter\CodeIgniter->handleRequest()
#9 /media/egova/programming/Local Server/Pro-Travel-PAI-Sumatera-Tours/public/index.php(45): CodeIgniter\CodeIgniter->run()
#10 /media/egova/programming/Local Server/Pro-Travel-PAI-Sumatera-Tours/system/Commands/Server/rewrite.php(34): require_once('/media/egova/pr...')
#11 {main}
CRITICAL - 2020-08-03 04:59:44 --> Unknown column 'id' in 'where clause'
#0 /media/egova/programming/Local Server/Pro-Travel-PAI-Sumatera-Tours/system/Database/MySQLi/Connection.php(331): mysqli->query()
#1 /media/egova/programming/Local Server/Pro-Travel-PAI-Sumatera-Tours/system/Database/BaseConnection.php(741): CodeIgniter\Database\MySQLi\Connection->execute()
#2 /media/egova/programming/Local Server/Pro-Travel-PAI-Sumatera-Tours/system/Database/BaseConnection.php(669): CodeIgniter\Database\BaseConnection->simpleQuery()
#3 /media/egova/programming/Local Server/Pro-Travel-PAI-Sumatera-Tours/system/Database/BaseBuilder.php(2853): CodeIgniter\Database\BaseConnection->query()
#4 /media/egova/programming/Local Server/Pro-Travel-PAI-Sumatera-Tours/system/Model.php(977): CodeIgniter\Database\BaseBuilder->delete()
#5 /media/egova/programming/Local Server/Pro-Travel-PAI-Sumatera-Tours/app/Controllers/Rent.php(67): CodeIgniter\Model->delete()
#6 /media/egova/programming/Local Server/Pro-Travel-PAI-Sumatera-Tours/system/CodeIgniter.php(918): App\Controllers\Rent->delete()
#7 /media/egova/programming/Local Server/Pro-Travel-PAI-Sumatera-Tours/system/CodeIgniter.php(404): CodeIgniter\CodeIgniter->runController()
#8 /media/egova/programming/Local Server/Pro-Travel-PAI-Sumatera-Tours/system/CodeIgniter.php(312): CodeIgniter\CodeIgniter->handleRequest()
#9 /media/egova/programming/Local Server/Pro-Travel-PAI-Sumatera-Tours/public/index.php(45): CodeIgniter\CodeIgniter->run()
#10 /media/egova/programming/Local Server/Pro-Travel-PAI-Sumatera-Tours/system/Commands/Server/rewrite.php(34): require_once('/media/egova/pr...')
#11 {main}
CRITICAL - 2020-08-03 04:59:53 --> Unknown column 'id' in 'where clause'
#0 /media/egova/programming/Local Server/Pro-Travel-PAI-Sumatera-Tours/system/Database/MySQLi/Connection.php(331): mysqli->query()
#1 /media/egova/programming/Local Server/Pro-Travel-PAI-Sumatera-Tours/system/Database/BaseConnection.php(741): CodeIgniter\Database\MySQLi\Connection->execute()
#2 /media/egova/programming/Local Server/Pro-Travel-PAI-Sumatera-Tours/system/Database/BaseConnection.php(669): CodeIgniter\Database\BaseConnection->simpleQuery()
#3 /media/egova/programming/Local Server/Pro-Travel-PAI-Sumatera-Tours/system/Database/BaseBuilder.php(2853): CodeIgniter\Database\BaseConnection->query()
#4 /media/egova/programming/Local Server/Pro-Travel-PAI-Sumatera-Tours/system/Model.php(977): CodeIgniter\Database\BaseBuilder->delete()
#5 /media/egova/programming/Local Server/Pro-Travel-PAI-Sumatera-Tours/app/Controllers/Rent.php(67): CodeIgniter\Model->delete()
#6 /media/egova/programming/Local Server/Pro-Travel-PAI-Sumatera-Tours/system/CodeIgniter.php(918): App\Controllers\Rent->delete()
#7 /media/egova/programming/Local Server/Pro-Travel-PAI-Sumatera-Tours/system/CodeIgniter.php(404): CodeIgniter\CodeIgniter->runController()
#8 /media/egova/programming/Local Server/Pro-Travel-PAI-Sumatera-Tours/system/CodeIgniter.php(312): CodeIgniter\CodeIgniter->handleRequest()
#9 /media/egova/programming/Local Server/Pro-Travel-PAI-Sumatera-Tours/public/index.php(45): CodeIgniter\CodeIgniter->run()
#10 /media/egova/programming/Local Server/Pro-Travel-PAI-Sumatera-Tours/system/Commands/Server/rewrite.php(34): require_once('/media/egova/pr...')
#11 {main}
CRITICAL - 2020-08-03 05:00:21 --> Unknown column 'id' in 'where clause'
#0 /media/egova/programming/Local Server/Pro-Travel-PAI-Sumatera-Tours/system/Database/MySQLi/Connection.php(331): mysqli->query()
#1 /media/egova/programming/Local Server/Pro-Travel-PAI-Sumatera-Tours/system/Database/BaseConnection.php(741): CodeIgniter\Database\MySQLi\Connection->execute()
#2 /media/egova/programming/Local Server/Pro-Travel-PAI-Sumatera-Tours/system/Database/BaseConnection.php(669): CodeIgniter\Database\BaseConnection->simpleQuery()
#3 /media/egova/programming/Local Server/Pro-Travel-PAI-Sumatera-Tours/system/Database/BaseBuilder.php(2853): CodeIgniter\Database\BaseConnection->query()
#4 /media/egova/programming/Local Server/Pro-Travel-PAI-Sumatera-Tours/system/Model.php(977): CodeIgniter\Database\BaseBuilder->delete()
#5 /media/egova/programming/Local Server/Pro-Travel-PAI-Sumatera-Tours/app/Controllers/Rent.php(67): CodeIgniter\Model->delete()
#6 /media/egova/programming/Local Server/Pro-Travel-PAI-Sumatera-Tours/system/CodeIgniter.php(918): App\Controllers\Rent->delete()
#7 /media/egova/programming/Local Server/Pro-Travel-PAI-Sumatera-Tours/system/CodeIgniter.php(404): CodeIgniter\CodeIgniter->runController()
#8 /media/egova/programming/Local Server/Pro-Travel-PAI-Sumatera-Tours/system/CodeIgniter.php(312): CodeIgniter\CodeIgniter->handleRequest()
#9 /media/egova/programming/Local Server/Pro-Travel-PAI-Sumatera-Tours/public/index.php(45): CodeIgniter\CodeIgniter->run()
#10 /media/egova/programming/Local Server/Pro-Travel-PAI-Sumatera-Tours/system/Commands/Server/rewrite.php(34): require_once('/media/egova/pr...')
#11 {main}
CRITICAL - 2020-08-03 05:00:40 --> Unknown column 'id' in 'where clause'
#0 /media/egova/programming/Local Server/Pro-Travel-PAI-Sumatera-Tours/system/Database/MySQLi/Connection.php(331): mysqli->query()
#1 /media/egova/programming/Local Server/Pro-Travel-PAI-Sumatera-Tours/system/Database/BaseConnection.php(741): CodeIgniter\Database\MySQLi\Connection->execute()
#2 /media/egova/programming/Local Server/Pro-Travel-PAI-Sumatera-Tours/system/Database/BaseConnection.php(669): CodeIgniter\Database\BaseConnection->simpleQuery()
#3 /media/egova/programming/Local Server/Pro-Travel-PAI-Sumatera-Tours/system/Database/BaseBuilder.php(2853): CodeIgniter\Database\BaseConnection->query()
#4 /media/egova/programming/Local Server/Pro-Travel-PAI-Sumatera-Tours/system/Model.php(977): CodeIgniter\Database\BaseBuilder->delete()
#5 /media/egova/programming/Local Server/Pro-Travel-PAI-Sumatera-Tours/app/Controllers/Rent.php(67): CodeIgniter\Model->delete()
#6 /media/egova/programming/Local Server/Pro-Travel-PAI-Sumatera-Tours/system/CodeIgniter.php(918): App\Controllers\Rent->delete()
#7 /media/egova/programming/Local Server/Pro-Travel-PAI-Sumatera-Tours/system/CodeIgniter.php(404): CodeIgniter\CodeIgniter->runController()
#8 /media/egova/programming/Local Server/Pro-Travel-PAI-Sumatera-Tours/system/CodeIgniter.php(312): CodeIgniter\CodeIgniter->handleRequest()
#9 /media/egova/programming/Local Server/Pro-Travel-PAI-Sumatera-Tours/public/index.php(45): CodeIgniter\CodeIgniter->run()
#10 /media/egova/programming/Local Server/Pro-Travel-PAI-Sumatera-Tours/system/Commands/Server/rewrite.php(34): require_once('/media/egova/pr...')
#11 {main}
CRITICAL - 2020-08-03 09:32:51 --> A non-numeric value encountered
#0 /media/egova/programming/Local Server/Pro-Travel-PAI-Sumatera-Tours/app/Views/layout-backend/pages/rent/v_edit.php(42): CodeIgniter\Debug\Exceptions->errorHandler()
#1 /media/egova/programming/Local Server/Pro-Travel-PAI-Sumatera-Tours/system/View/View.php(246): include('/media/egova/pr...')
#2 /media/egova/programming/Local Server/Pro-Travel-PAI-Sumatera-Tours/system/Common.php(1119): CodeIgniter\View\View->render()
#3 /media/egova/programming/Local Server/Pro-Travel-PAI-Sumatera-Tours/app/Views/index-backend.php(5): view()
#4 /media/egova/programming/Local Server/Pro-Travel-PAI-Sumatera-Tours/system/View/View.php(246): include('/media/egova/pr...')
#5 /media/egova/programming/Local Server/Pro-Travel-PAI-Sumatera-Tours/system/Common.php(1119): CodeIgniter\View\View->render()
#6 /media/egova/programming/Local Server/Pro-Travel-PAI-Sumatera-Tours/app/Controllers/Rent.php(36): view()
#7 /media/egova/programming/Local Server/Pro-Travel-PAI-Sumatera-Tours/system/CodeIgniter.php(918): App\Controllers\Rent->index()
#8 /media/egova/programming/Local Server/Pro-Travel-PAI-Sumatera-Tours/system/CodeIgniter.php(404): CodeIgniter\CodeIgniter->runController()
#9 /media/egova/programming/Local Server/Pro-Travel-PAI-Sumatera-Tours/system/CodeIgniter.php(312): CodeIgniter\CodeIgniter->handleRequest()
#10 /media/egova/programming/Local Server/Pro-Travel-PAI-Sumatera-Tours/public/index.php(45): CodeIgniter\CodeIgniter->run()
#11 /media/egova/programming/Local Server/Pro-Travel-PAI-Sumatera-Tours/system/Commands/Server/rewrite.php(34): require_once('/media/egova/pr...')
#12 {main}
CRITICAL - 2020-08-03 09:38:48 --> The original file is not a valid file.
#0 /media/egova/programming/Local Server/Pro-Travel-PAI-Sumatera-Tours/system/HTTP/Files/UploadedFile.php(172): CodeIgniter\HTTP\Exceptions\HTTPException::forInvalidFile()
#1 /media/egova/programming/Local Server/Pro-Travel-PAI-Sumatera-Tours/app/Controllers/Rent.php(67): CodeIgniter\HTTP\Files\UploadedFile->move()
#2 /media/egova/programming/Local Server/Pro-Travel-PAI-Sumatera-Tours/system/CodeIgniter.php(918): App\Controllers\Rent->store()
#3 /media/egova/programming/Local Server/Pro-Travel-PAI-Sumatera-Tours/system/CodeIgniter.php(404): CodeIgniter\CodeIgniter->runController()
#4 /media/egova/programming/Local Server/Pro-Travel-PAI-Sumatera-Tours/system/CodeIgniter.php(312): CodeIgniter\CodeIgniter->handleRequest()
#5 /media/egova/programming/Local Server/Pro-Travel-PAI-Sumatera-Tours/public/index.php(45): CodeIgniter\CodeIgniter->run()
#6 /media/egova/programming/Local Server/Pro-Travel-PAI-Sumatera-Tours/system/Commands/Server/rewrite.php(34): require_once('/media/egova/pr...')
#7 {main}
CRITICAL - 2020-08-03 09:38:58 --> The original file is not a valid file.
#0 /media/egova/programming/Local Server/Pro-Travel-PAI-Sumatera-Tours/system/HTTP/Files/UploadedFile.php(172): CodeIgniter\HTTP\Exceptions\HTTPException::forInvalidFile()
#1 /media/egova/programming/Local Server/Pro-Travel-PAI-Sumatera-Tours/app/Controllers/Rent.php(67): CodeIgniter\HTTP\Files\UploadedFile->move()
#2 /media/egova/programming/Local Server/Pro-Travel-PAI-Sumatera-Tours/system/CodeIgniter.php(918): App\Controllers\Rent->store()
#3 /media/egova/programming/Local Server/Pro-Travel-PAI-Sumatera-Tours/system/CodeIgniter.php(404): CodeIgniter\CodeIgniter->runController()
#4 /media/egova/programming/Local Server/Pro-Travel-PAI-Sumatera-Tours/system/CodeIgniter.php(312): CodeIgniter\CodeIgniter->handleRequest()
#5 /media/egova/programming/Local Server/Pro-Travel-PAI-Sumatera-Tours/public/index.php(45): CodeIgniter\CodeIgniter->run()
#6 /media/egova/programming/Local Server/Pro-Travel-PAI-Sumatera-Tours/system/Commands/Server/rewrite.php(34): require_once('/media/egova/pr...')
#7 {main}
CRITICAL - 2020-08-03 13:12:18 --> Invalid file: layout-backend/pages/rent/v_edit.php
#0 /media/egova/programming/Local Server/Pro-Travel-PAI-Sumatera-Tours/system/View/View.php(228): CodeIgniter\Exceptions\FrameworkException::forInvalidFile()
#1 /media/egova/programming/Local Server/Pro-Travel-PAI-Sumatera-Tours/system/Common.php(1119): CodeIgniter\View\View->render()
#2 /media/egova/programming/Local Server/Pro-Travel-PAI-Sumatera-Tours/app/Views/index-backend.php(5): view()
#3 /media/egova/programming/Local Server/Pro-Travel-PAI-Sumatera-Tours/system/View/View.php(246): include('/media/egova/pr...')
#4 /media/egova/programming/Local Server/Pro-Travel-PAI-Sumatera-Tours/system/Common.php(1119): CodeIgniter\View\View->render()
#5 /media/egova/programming/Local Server/Pro-Travel-PAI-Sumatera-Tours/app/Controllers/Rent.php(48): view()
#6 /media/egova/programming/Local Server/Pro-Travel-PAI-Sumatera-Tours/system/CodeIgniter.php(918): App\Controllers\Rent->update()
#7 /media/egova/programming/Local Server/Pro-Travel-PAI-Sumatera-Tours/system/CodeIgniter.php(404): CodeIgniter\CodeIgniter->runController()
#8 /media/egova/programming/Local Server/Pro-Travel-PAI-Sumatera-Tours/system/CodeIgniter.php(312): CodeIgniter\CodeIgniter->handleRequest()
#9 /media/egova/programming/Local Server/Pro-Travel-PAI-Sumatera-Tours/public/index.php(45): CodeIgniter\CodeIgniter->run()
#10 /media/egova/programming/Local Server/Pro-Travel-PAI-Sumatera-Tours/system/Commands/Server/rewrite.php(34): require_once('/media/egova/pr...')
#11 {main}
CRITICAL - 2020-08-03 13:17:17 --> Trying to get property 'rent_id' of non-object
#0 /media/egova/programming/Local Server/Pro-Travel-PAI-Sumatera-Tours/app/Views/layout-backend/pages/rent/v_update.php(41): CodeIgniter\Debug\Exceptions->errorHandler()
#1 /media/egova/programming/Local Server/Pro-Travel-PAI-Sumatera-Tours/system/View/View.php(246): include('/media/egova/pr...')
#2 /media/egova/programming/Local Server/Pro-Travel-PAI-Sumatera-Tours/system/Common.php(1119): CodeIgniter\View\View->render()
#3 /media/egova/programming/Local Server/Pro-Travel-PAI-Sumatera-Tours/app/Views/index-backend.php(5): view()
#4 /media/egova/programming/Local Server/Pro-Travel-PAI-Sumatera-Tours/system/View/View.php(246): include('/media/egova/pr...')
#5 /media/egova/programming/Local Server/Pro-Travel-PAI-Sumatera-Tours/system/Common.php(1119): CodeIgniter\View\View->render()
#6 /media/egova/programming/Local Server/Pro-Travel-PAI-Sumatera-Tours/app/Controllers/Rent.php(59): view()
#7 /media/egova/programming/Local Server/Pro-Travel-PAI-Sumatera-Tours/system/CodeIgniter.php(918): App\Controllers\Rent->update()
#8 /media/egova/programming/Local Server/Pro-Travel-PAI-Sumatera-Tours/system/CodeIgniter.php(404): CodeIgniter\CodeIgniter->runController()
#9 /media/egova/programming/Local Server/Pro-Travel-PAI-Sumatera-Tours/system/CodeIgniter.php(312): CodeIgniter\CodeIgniter->handleRequest()
#10 /media/egova/programming/Local Server/Pro-Travel-PAI-Sumatera-Tours/public/index.php(45): CodeIgniter\CodeIgniter->run()
#11 /media/egova/programming/Local Server/Pro-Travel-PAI-Sumatera-Tours/system/Commands/Server/rewrite.php(34): require_once('/media/egova/pr...')
#12 {main}
CRITICAL - 2020-08-03 13:17:21 --> Trying to get property 'rent_id' of non-object
#0 /media/egova/programming/Local Server/Pro-Travel-PAI-Sumatera-Tours/app/Views/layout-backend/pages/rent/v_update.php(41): CodeIgniter\Debug\Exceptions->errorHandler()
#1 /media/egova/programming/Local Server/Pro-Travel-PAI-Sumatera-Tours/system/View/View.php(246): include('/media/egova/pr...')
#2 /media/egova/programming/Local Server/Pro-Travel-PAI-Sumatera-Tours/system/Common.php(1119): CodeIgniter\View\View->render()
#3 /media/egova/programming/Local Server/Pro-Travel-PAI-Sumatera-Tours/app/Views/index-backend.php(5): view()
#4 /media/egova/programming/Local Server/Pro-Travel-PAI-Sumatera-Tours/system/View/View.php(246): include('/media/egova/pr...')
#5 /media/egova/programming/Local Server/Pro-Travel-PAI-Sumatera-Tours/system/Common.php(1119): CodeIgniter\View\View->render()
#6 /media/egova/programming/Local Server/Pro-Travel-PAI-Sumatera-Tours/app/Controllers/Rent.php(59): view()
#7 /media/egova/programming/Local Server/Pro-Travel-PAI-Sumatera-Tours/system/CodeIgniter.php(918): App\Controllers\Rent->update()
#8 /media/egova/programming/Local Server/Pro-Travel-PAI-Sumatera-Tours/system/CodeIgniter.php(404): CodeIgniter\CodeIgniter->runController()
#9 /media/egova/programming/Local Server/Pro-Travel-PAI-Sumatera-Tours/system/CodeIgniter.php(312): CodeIgniter\CodeIgniter->handleRequest()
#10 /media/egova/programming/Local Server/Pro-Travel-PAI-Sumatera-Tours/public/index.php(45): CodeIgniter\CodeIgniter->run()
#11 /media/egova/programming/Local Server/Pro-Travel-PAI-Sumatera-Tours/system/Commands/Server/rewrite.php(34): require_once('/media/egova/pr...')
#12 {main}
CRITICAL - 2020-08-03 13:17:36 --> Trying to get property 'rent_id' of non-object
#0 /media/egova/programming/Local Server/Pro-Travel-PAI-Sumatera-Tours/app/Views/layout-backend/pages/rent/v_update.php(41): CodeIgniter\Debug\Exceptions->errorHandler()
#1 /media/egova/programming/Local Server/Pro-Travel-PAI-Sumatera-Tours/system/View/View.php(246): include('/media/egova/pr...')
#2 /media/egova/programming/Local Server/Pro-Travel-PAI-Sumatera-Tours/system/Common.php(1119): CodeIgniter\View\View->render()
#3 /media/egova/programming/Local Server/Pro-Travel-PAI-Sumatera-Tours/app/Views/index-backend.php(5): view()
#4 /media/egova/programming/Local Server/Pro-Travel-PAI-Sumatera-Tours/system/View/View.php(246): include('/media/egova/pr...')
#5 /media/egova/programming/Local Server/Pro-Travel-PAI-Sumatera-Tours/system/Common.php(1119): CodeIgniter\View\View->render()
#6 /media/egova/programming/Local Server/Pro-Travel-PAI-Sumatera-Tours/app/Controllers/Rent.php(59): view()
#7 /media/egova/programming/Local Server/Pro-Travel-PAI-Sumatera-Tours/system/CodeIgniter.php(918): App\Controllers\Rent->update()
#8 /media/egova/programming/Local Server/Pro-Travel-PAI-Sumatera-Tours/system/CodeIgniter.php(404): CodeIgniter\CodeIgniter->runController()
#9 /media/egova/programming/Local Server/Pro-Travel-PAI-Sumatera-Tours/system/CodeIgniter.php(312): CodeIgniter\CodeIgniter->handleRequest()
#10 /media/egova/programming/Local Server/Pro-Travel-PAI-Sumatera-Tours/public/index.php(45): CodeIgniter\CodeIgniter->run()
#11 /media/egova/programming/Local Server/Pro-Travel-PAI-Sumatera-Tours/system/Commands/Server/rewrite.php(34): require_once('/media/egova/pr...')
#12 {main}
CRITICAL - 2020-08-03 13:23:18 --> Trying to get property 'rent_id' of non-object
#0 /media/egova/programming/Local Server/Pro-Travel-PAI-Sumatera-Tours/app/Views/layout-backend/pages/rent/v_update.php(41): CodeIgniter\Debug\Exceptions->errorHandler()
#1 /media/egova/programming/Local Server/Pro-Travel-PAI-Sumatera-Tours/system/View/View.php(246): include('/media/egova/pr...')
#2 /media/egova/programming/Local Server/Pro-Travel-PAI-Sumatera-Tours/system/Common.php(1119): CodeIgniter\View\View->render()
#3 /media/egova/programming/Local Server/Pro-Travel-PAI-Sumatera-Tours/app/Views/index-backend.php(5): view()
#4 /media/egova/programming/Local Server/Pro-Travel-PAI-Sumatera-Tours/system/View/View.php(246): include('/media/egova/pr...')
#5 /media/egova/programming/Local Server/Pro-Travel-PAI-Sumatera-Tours/system/Common.php(1119): CodeIgniter\View\View->render()
#6 /media/egova/programming/Local Server/Pro-Travel-PAI-Sumatera-Tours/app/Controllers/Rent.php(59): view()
#7 /media/egova/programming/Local Server/Pro-Travel-PAI-Sumatera-Tours/system/CodeIgniter.php(918): App\Controllers\Rent->update()
#8 /media/egova/programming/Local Server/Pro-Travel-PAI-Sumatera-Tours/system/CodeIgniter.php(404): CodeIgniter\CodeIgniter->runController()
#9 /media/egova/programming/Local Server/Pro-Travel-PAI-Sumatera-Tours/system/CodeIgniter.php(312): CodeIgniter\CodeIgniter->handleRequest()
#10 /media/egova/programming/Local Server/Pro-Travel-PAI-Sumatera-Tours/public/index.php(45): CodeIgniter\CodeIgniter->run()
#11 /media/egova/programming/Local Server/Pro-Travel-PAI-Sumatera-Tours/system/Commands/Server/rewrite.php(34): require_once('/media/egova/pr...')
#12 {main}
CRITICAL - 2020-08-03 13:23:23 --> Trying to get property 'rent_id' of non-object
#0 /media/egova/programming/Local Server/Pro-Travel-PAI-Sumatera-Tours/app/Views/layout-backend/pages/rent/v_update.php(41): CodeIgniter\Debug\Exceptions->errorHandler()
#1 /media/egova/programming/Local Server/Pro-Travel-PAI-Sumatera-Tours/system/View/View.php(246): include('/media/egova/pr...')
#2 /media/egova/programming/Local Server/Pro-Travel-PAI-Sumatera-Tours/system/Common.php(1119): CodeIgniter\View\View->render()
#3 /media/egova/programming/Local Server/Pro-Travel-PAI-Sumatera-Tours/app/Views/index-backend.php(5): view()
#4 /media/egova/programming/Local Server/Pro-Travel-PAI-Sumatera-Tours/system/View/View.php(246): include('/media/egova/pr...')
#5 /media/egova/programming/Local Server/Pro-Travel-PAI-Sumatera-Tours/system/Common.php(1119): CodeIgniter\View\View->render()
#6 /media/egova/programming/Local Server/Pro-Travel-PAI-Sumatera-Tours/app/Controllers/Rent.php(59): view()
#7 /media/egova/programming/Local Server/Pro-Travel-PAI-Sumatera-Tours/system/CodeIgniter.php(918): App\Controllers\Rent->update()
#8 /media/egova/programming/Local Server/Pro-Travel-PAI-Sumatera-Tours/system/CodeIgniter.php(404): CodeIgniter\CodeIgniter->runController()
#9 /media/egova/programming/Local Server/Pro-Travel-PAI-Sumatera-Tours/system/CodeIgniter.php(312): CodeIgniter\CodeIgniter->handleRequest()
#10 /media/egova/programming/Local Server/Pro-Travel-PAI-Sumatera-Tours/public/index.php(45): CodeIgniter\CodeIgniter->run()
#11 /media/egova/programming/Local Server/Pro-Travel-PAI-Sumatera-Tours/system/Commands/Server/rewrite.php(34): require_once('/media/egova/pr...')
#12 {main}
CRITICAL - 2020-08-03 13:26:39 --> Call to a member function getRandomName() on null
#0 /media/egova/programming/Local Server/Pro-Travel-PAI-Sumatera-Tours/system/CodeIgniter.php(918): App\Controllers\Rent->update()
#1 /media/egova/programming/Local Server/Pro-Travel-PAI-Sumatera-Tours/system/CodeIgniter.php(404): CodeIgniter\CodeIgniter->runController()
#2 /media/egova/programming/Local Server/Pro-Travel-PAI-Sumatera-Tours/system/CodeIgniter.php(312): CodeIgniter\CodeIgniter->handleRequest()
#3 /media/egova/programming/Local Server/Pro-Travel-PAI-Sumatera-Tours/public/index.php(45): CodeIgniter\CodeIgniter->run()
#4 /media/egova/programming/Local Server/Pro-Travel-PAI-Sumatera-Tours/system/Commands/Server/rewrite.php(34): require_once('/media/egova/pr...')
#5 {main}
CRITICAL - 2020-08-03 13:26:47 --> Call to a member function getRandomName() on null
#0 /media/egova/programming/Local Server/Pro-Travel-PAI-Sumatera-Tours/system/CodeIgniter.php(918): App\Controllers\Rent->update()
#1 /media/egova/programming/Local Server/Pro-Travel-PAI-Sumatera-Tours/system/CodeIgniter.php(404): CodeIgniter\CodeIgniter->runController()
#2 /media/egova/programming/Local Server/Pro-Travel-PAI-Sumatera-Tours/system/CodeIgniter.php(312): CodeIgniter\CodeIgniter->handleRequest()
#3 /media/egova/programming/Local Server/Pro-Travel-PAI-Sumatera-Tours/public/index.php(45): CodeIgniter\CodeIgniter->run()
#4 /media/egova/programming/Local Server/Pro-Travel-PAI-Sumatera-Tours/system/Commands/Server/rewrite.php(34): require_once('/media/egova/pr...')
#5 {main}
CRITICAL - 2020-08-03 13:33:37 --> Allowed fields must be specified for model: App\Models\RentModel
#0 /media/egova/programming/Local Server/Pro-Travel-PAI-Sumatera-Tours/system/Model.php(1265): CodeIgniter\Database\Exceptions\DataException::forInvalidAllowedFields()
#1 /media/egova/programming/Local Server/Pro-Travel-PAI-Sumatera-Tours/system/Model.php(870): CodeIgniter\Model->doProtectFields()
#2 /media/egova/programming/Local Server/Pro-Travel-PAI-Sumatera-Tours/app/Models/RentModel.php(29): CodeIgniter\Model->update()
#3 /media/egova/programming/Local Server/Pro-Travel-PAI-Sumatera-Tours/app/Controllers/Rent.php(59): App\Models\RentModel->updateRent()
#4 /media/egova/programming/Local Server/Pro-Travel-PAI-Sumatera-Tours/system/CodeIgniter.php(918): App\Controllers\Rent->update()
#5 /media/egova/programming/Local Server/Pro-Travel-PAI-Sumatera-Tours/system/CodeIgniter.php(404): CodeIgniter\CodeIgniter->runController()
#6 /media/egova/programming/Local Server/Pro-Travel-PAI-Sumatera-Tours/system/CodeIgniter.php(312): CodeIgniter\CodeIgniter->handleRequest()
#7 /media/egova/programming/Local Server/Pro-Travel-PAI-Sumatera-Tours/public/index.php(45): CodeIgniter\CodeIgniter->run()
#8 /media/egova/programming/Local Server/Pro-Travel-PAI-Sumatera-Tours/system/Commands/Server/rewrite.php(34): require_once('/media/egova/pr...')
#9 {main}
CRITICAL - 2020-08-03 13:35:12 --> Argument 1 passed to CodeIgniter\Database\BaseBuilder::update() must be of the type array or null, string given, called in /media/egova/programming/Local Server/Pro-Travel-PAI-Sumatera-Tours/app/Models/RentModel.php on line 29
#0 /media/egova/programming/Local Server/Pro-Travel-PAI-Sumatera-Tours/app/Models/RentModel.php(29): CodeIgniter\Database\BaseBuilder->update()
#1 /media/egova/programming/Local Server/Pro-Travel-PAI-Sumatera-Tours/app/Controllers/Rent.php(59): App\Models\RentModel->updateRent()
#2 /media/egova/programming/Local Server/Pro-Travel-PAI-Sumatera-Tours/system/CodeIgniter.php(918): App\Controllers\Rent->update()
#3 /media/egova/programming/Local Server/Pro-Travel-PAI-Sumatera-Tours/system/CodeIgniter.php(404): CodeIgniter\CodeIgniter->runController()
#4 /media/egova/programming/Local Server/Pro-Travel-PAI-Sumatera-Tours/system/CodeIgniter.php(312): CodeIgniter\CodeIgniter->handleRequest()
#5 /media/egova/programming/Local Server/Pro-Travel-PAI-Sumatera-Tours/public/index.php(45): CodeIgniter\CodeIgniter->run()
#6 /media/egova/programming/Local Server/Pro-Travel-PAI-Sumatera-Tours/system/Commands/Server/rewrite.php(34): require_once('/media/egova/pr...')
#7 {main}
CRITICAL - 2020-08-03 13:36:16 --> Allowed fields must be specified for model: App\Models\RentModel
#0 /media/egova/programming/Local Server/Pro-Travel-PAI-Sumatera-Tours/system/Model.php(1265): CodeIgniter\Database\Exceptions\DataException::forInvalidAllowedFields()
#1 /media/egova/programming/Local Server/Pro-Travel-PAI-Sumatera-Tours/system/Model.php(870): CodeIgniter\Model->doProtectFields()
#2 /media/egova/programming/Local Server/Pro-Travel-PAI-Sumatera-Tours/app/Models/RentModel.php(32): CodeIgniter\Model->update()
#3 /media/egova/programming/Local Server/Pro-Travel-PAI-Sumatera-Tours/app/Controllers/Rent.php(59): App\Models\RentModel->updateRent()
#4 /media/egova/programming/Local Server/Pro-Travel-PAI-Sumatera-Tours/system/CodeIgniter.php(918): App\Controllers\Rent->update()
#5 /media/egova/programming/Local Server/Pro-Travel-PAI-Sumatera-Tours/system/CodeIgniter.php(404): CodeIgniter\CodeIgniter->runController()
#6 /media/egova/programming/Local Server/Pro-Travel-PAI-Sumatera-Tours/system/CodeIgniter.php(312): CodeIgniter\CodeIgniter->handleRequest()
#7 /media/egova/programming/Local Server/Pro-Travel-PAI-Sumatera-Tours/public/index.php(45): CodeIgniter\CodeIgniter->run()
#8 /media/egova/programming/Local Server/Pro-Travel-PAI-Sumatera-Tours/system/Commands/Server/rewrite.php(34): require_once('/media/egova/pr...')
#9 {main}
CRITICAL - 2020-08-03 13:36:49 --> Allowed fields must be specified for model: App\Models\RentModel
#0 /media/egova/programming/Local Server/Pro-Travel-PAI-Sumatera-Tours/system/Model.php(1265): CodeIgniter\Database\Exceptions\DataException::forInvalidAllowedFields()
#1 /media/egova/programming/Local Server/Pro-Travel-PAI-Sumatera-Tours/system/Model.php(870): CodeIgniter\Model->doProtectFields()
#2 /media/egova/programming/Local Server/Pro-Travel-PAI-Sumatera-Tours/app/Models/RentModel.php(32): CodeIgniter\Model->update()
#3 /media/egova/programming/Local Server/Pro-Travel-PAI-Sumatera-Tours/app/Controllers/Rent.php(59): App\Models\RentModel->updateRent()
#4 /media/egova/programming/Local Server/Pro-Travel-PAI-Sumatera-Tours/system/CodeIgniter.php(918): App\Controllers\Rent->update()
#5 /media/egova/programming/Local Server/Pro-Travel-PAI-Sumatera-Tours/system/CodeIgniter.php(404): CodeIgniter\CodeIgniter->runController()
#6 /media/egova/programming/Local Server/Pro-Travel-PAI-Sumatera-Tours/system/CodeIgniter.php(312): CodeIgniter\CodeIgniter->handleRequest()
#7 /media/egova/programming/Local Server/Pro-Travel-PAI-Sumatera-Tours/public/index.php(45): CodeIgniter\CodeIgniter->run()
#8 /media/egova/programming/Local Server/Pro-Travel-PAI-Sumatera-Tours/system/Commands/Server/rewrite.php(34): require_once('/media/egova/pr...')
#9 {main}
CRITICAL - 2020-08-03 13:39:23 --> Illegal offset type
#0 /media/egova/programming/Local Server/Pro-Travel-PAI-Sumatera-Tours/app/Models/RentModel.php(33): CodeIgniter\Debug\Exceptions->errorHandler()
#1 /media/egova/programming/Local Server/Pro-Travel-PAI-Sumatera-Tours/app/Controllers/Rent.php(59): App\Models\RentModel->updateRent()
#2 /media/egova/programming/Local Server/Pro-Travel-PAI-Sumatera-Tours/system/CodeIgniter.php(918): App\Controllers\Rent->update()
#3 /media/egova/programming/Local Server/Pro-Travel-PAI-Sumatera-Tours/system/CodeIgniter.php(404): CodeIgniter\CodeIgniter->runController()
#4 /media/egova/programming/Local Server/Pro-Travel-PAI-Sumatera-Tours/system/CodeIgniter.php(312): CodeIgniter\CodeIgniter->handleRequest()
#5 /media/egova/programming/Local Server/Pro-Travel-PAI-Sumatera-Tours/public/index.php(45): CodeIgniter\CodeIgniter->run()
#6 /media/egova/programming/Local Server/Pro-Travel-PAI-Sumatera-Tours/system/Commands/Server/rewrite.php(34): require_once('/media/egova/pr...')
#7 {main}
CRITICAL - 2020-08-03 13:39:40 --> Allowed fields must be specified for model: App\Models\RentModel
#0 /media/egova/programming/Local Server/Pro-Travel-PAI-Sumatera-Tours/system/Model.php(1265): CodeIgniter\Database\Exceptions\DataException::forInvalidAllowedFields()
#1 /media/egova/programming/Local Server/Pro-Travel-PAI-Sumatera-Tours/system/Model.php(870): CodeIgniter\Model->doProtectFields()
#2 /media/egova/programming/Local Server/Pro-Travel-PAI-Sumatera-Tours/app/Models/RentModel.php(32): CodeIgniter\Model->update()
#3 /media/egova/programming/Local Server/Pro-Travel-PAI-Sumatera-Tours/app/Controllers/Rent.php(59): App\Models\RentModel->updateRent()
#4 /media/egova/programming/Local Server/Pro-Travel-PAI-Sumatera-Tours/system/CodeIgniter.php(918): App\Controllers\Rent->update()
#5 /media/egova/programming/Local Server/Pro-Travel-PAI-Sumatera-Tours/system/CodeIgniter.php(404): CodeIgniter\CodeIgniter->runController()
#6 /media/egova/programming/Local Server/Pro-Travel-PAI-Sumatera-Tours/system/CodeIgniter.php(312): CodeIgniter\CodeIgniter->handleRequest()
#7 /media/egova/programming/Local Server/Pro-Travel-PAI-Sumatera-Tours/public/index.php(45): CodeIgniter\CodeIgniter->run()
#8 /media/egova/programming/Local Server/Pro-Travel-PAI-Sumatera-Tours/system/Commands/Server/rewrite.php(34): require_once('/media/egova/pr...')
#9 {main}
CRITICAL - 2020-08-03 13:45:30 --> Allowed fields must be specified for model: App\Models\RentModel
#0 /media/egova/programming/Local Server/Pro-Travel-PAI-Sumatera-Tours/system/Model.php(1265): CodeIgniter\Database\Exceptions\DataException::forInvalidAllowedFields()
#1 /media/egova/programming/Local Server/Pro-Travel-PAI-Sumatera-Tours/system/Model.php(870): CodeIgniter\Model->doProtectFields()
#2 /media/egova/programming/Local Server/Pro-Travel-PAI-Sumatera-Tours/app/Models/RentModel.php(29): CodeIgniter\Model->update()
#3 /media/egova/programming/Local Server/Pro-Travel-PAI-Sumatera-Tours/app/Controllers/Rent.php(59): App\Models\RentModel->updateRent()
#4 /media/egova/programming/Local Server/Pro-Travel-PAI-Sumatera-Tours/system/CodeIgniter.php(918): App\Controllers\Rent->update()
#5 /media/egova/programming/Local Server/Pro-Travel-PAI-Sumatera-Tours/system/CodeIgniter.php(404): CodeIgniter\CodeIgniter->runController()
#6 /media/egova/programming/Local Server/Pro-Travel-PAI-Sumatera-Tours/system/CodeIgniter.php(312): CodeIgniter\CodeIgniter->handleRequest()
#7 /media/egova/programming/Local Server/Pro-Travel-PAI-Sumatera-Tours/public/index.php(45): CodeIgniter\CodeIgniter->run()
#8 /media/egova/programming/Local Server/Pro-Travel-PAI-Sumatera-Tours/system/Commands/Server/rewrite.php(34): require_once('/media/egova/pr...')
#9 {main}
CRITICAL - 2020-08-03 13:49:51 --> You must use the "set" method to update an entry.
#0 /media/egova/programming/Local Server/Pro-Travel-PAI-Sumatera-Tours/system/Database/BaseBuilder.php(2430): CodeIgniter\Database\BaseBuilder->validateUpdate()
#1 /media/egova/programming/Local Server/Pro-Travel-PAI-Sumatera-Tours/system/Model.php(889): CodeIgniter\Database\BaseBuilder->update()
#2 /media/egova/programming/Local Server/Pro-Travel-PAI-Sumatera-Tours/app/Models/RentModel.php(30): CodeIgniter\Model->update()
#3 /media/egova/programming/Local Server/Pro-Travel-PAI-Sumatera-Tours/app/Controllers/Rent.php(59): App\Models\RentModel->updateRent()
#4 /media/egova/programming/Local Server/Pro-Travel-PAI-Sumatera-Tours/system/CodeIgniter.php(918): App\Controllers\Rent->update()
#5 /media/egova/programming/Local Server/Pro-Travel-PAI-Sumatera-Tours/system/CodeIgniter.php(404): CodeIgniter\CodeIgniter->runController()
#6 /media/egova/programming/Local Server/Pro-Travel-PAI-Sumatera-Tours/system/CodeIgniter.php(312): CodeIgniter\CodeIgniter->handleRequest()
#7 /media/egova/programming/Local Server/Pro-Travel-PAI-Sumatera-Tours/public/index.php(45): CodeIgniter\CodeIgniter->run()
#8 /media/egova/programming/Local Server/Pro-Travel-PAI-Sumatera-Tours/system/Commands/Server/rewrite.php(34): require_once('/media/egova/pr...')
#9 {main}
CRITICAL - 2020-08-03 13:54:17 --> There is no data to update.
#0 /media/egova/programming/Local Server/Pro-Travel-PAI-Sumatera-Tours/system/Model.php(834): CodeIgniter\Database\Exceptions\DataException::forEmptyDataset()
#1 /media/egova/programming/Local Server/Pro-Travel-PAI-Sumatera-Tours/app/Models/RentModel.php(41): CodeIgniter\Model->update()
#2 /media/egova/programming/Local Server/Pro-Travel-PAI-Sumatera-Tours/app/Controllers/Rent.php(59): App\Models\RentModel->updateRent()
#3 /media/egova/programming/Local Server/Pro-Travel-PAI-Sumatera-Tours/system/CodeIgniter.php(918): App\Controllers\Rent->update()
#4 /media/egova/programming/Local Server/Pro-Travel-PAI-Sumatera-Tours/system/CodeIgniter.php(404): CodeIgniter\CodeIgniter->runController()
#5 /media/egova/programming/Local Server/Pro-Travel-PAI-Sumatera-Tours/system/CodeIgniter.php(312): CodeIgniter\CodeIgniter->handleRequest()
#6 /media/egova/programming/Local Server/Pro-Travel-PAI-Sumatera-Tours/public/index.php(45): CodeIgniter\CodeIgniter->run()
#7 /media/egova/programming/Local Server/Pro-Travel-PAI-Sumatera-Tours/system/Commands/Server/rewrite.php(34): require_once('/media/egova/pr...')
#8 {main}
CRITICAL - 2020-08-03 13:54:29 --> There is no data to update.
#0 /media/egova/programming/Local Server/Pro-Travel-PAI-Sumatera-Tours/system/Model.php(834): CodeIgniter\Database\Exceptions\DataException::forEmptyDataset()
#1 /media/egova/programming/Local Server/Pro-Travel-PAI-Sumatera-Tours/app/Models/RentModel.php(41): CodeIgniter\Model->update()
#2 /media/egova/programming/Local Server/Pro-Travel-PAI-Sumatera-Tours/app/Controllers/Rent.php(59): App\Models\RentModel->updateRent()
#3 /media/egova/programming/Local Server/Pro-Travel-PAI-Sumatera-Tours/system/CodeIgniter.php(918): App\Controllers\Rent->update()
#4 /media/egova/programming/Local Server/Pro-Travel-PAI-Sumatera-Tours/system/CodeIgniter.php(404): CodeIgniter\CodeIgniter->runController()
#5 /media/egova/programming/Local Server/Pro-Travel-PAI-Sumatera-Tours/system/CodeIgniter.php(312): CodeIgniter\CodeIgniter->handleRequest()
#6 /media/egova/programming/Local Server/Pro-Travel-PAI-Sumatera-Tours/public/index.php(45): CodeIgniter\CodeIgniter->run()
#7 /media/egova/programming/Local Server/Pro-Travel-PAI-Sumatera-Tours/system/Commands/Server/rewrite.php(34): require_once('/media/egova/pr...')
#8 {main}
CRITICAL - 2020-08-03 13:59:42 --> Call to a member function getPost() on null
#0 /media/egova/programming/Local Server/Pro-Travel-PAI-Sumatera-Tours/app/Controllers/Rent.php(59): App\Models\RentModel->updateRent()
#1 /media/egova/programming/Local Server/Pro-Travel-PAI-Sumatera-Tours/system/CodeIgniter.php(918): App\Controllers\Rent->update()
#2 /media/egova/programming/Local Server/Pro-Travel-PAI-Sumatera-Tours/system/CodeIgniter.php(404): CodeIgniter\CodeIgniter->runController()
#3 /media/egova/programming/Local Server/Pro-Travel-PAI-Sumatera-Tours/system/CodeIgniter.php(312): CodeIgniter\CodeIgniter->handleRequest()
#4 /media/egova/programming/Local Server/Pro-Travel-PAI-Sumatera-Tours/public/index.php(45): CodeIgniter\CodeIgniter->run()
#5 /media/egova/programming/Local Server/Pro-Travel-PAI-Sumatera-Tours/system/Commands/Server/rewrite.php(34): require_once('/media/egova/pr...')
#6 {main}
CRITICAL - 2020-08-03 14:02:03 --> You must use the "set" method to update an entry.
#0 /media/egova/programming/Local Server/Pro-Travel-PAI-Sumatera-Tours/system/Database/BaseBuilder.php(2430): CodeIgniter\Database\BaseBuilder->validateUpdate()
#1 /media/egova/programming/Local Server/Pro-Travel-PAI-Sumatera-Tours/system/Model.php(889): CodeIgniter\Database\BaseBuilder->update()
#2 /media/egova/programming/Local Server/Pro-Travel-PAI-Sumatera-Tours/app/Models/RentModel.php(41): CodeIgniter\Model->update()
#3 /media/egova/programming/Local Server/Pro-Travel-PAI-Sumatera-Tours/app/Controllers/Rent.php(59): App\Models\RentModel->updateRent()
#4 /media/egova/programming/Local Server/Pro-Travel-PAI-Sumatera-Tours/system/CodeIgniter.php(918): App\Controllers\Rent->update()
#5 /media/egova/programming/Local Server/Pro-Travel-PAI-Sumatera-Tours/system/CodeIgniter.php(404): CodeIgniter\CodeIgniter->runController()
#6 /media/egova/programming/Local Server/Pro-Travel-PAI-Sumatera-Tours/system/CodeIgniter.php(312): CodeIgniter\CodeIgniter->handleRequest()
#7 /media/egova/programming/Local Server/Pro-Travel-PAI-Sumatera-Tours/public/index.php(45): CodeIgniter\CodeIgniter->run()
#8 /media/egova/programming/Local Server/Pro-Travel-PAI-Sumatera-Tours/system/Commands/Server/rewrite.php(34): require_once('/media/egova/pr...')
#9 {main}
CRITICAL - 2020-08-03 14:05:21 --> Call to undefined method App\Models\RentModel::getRentId
#0 /media/egova/programming/Local Server/Pro-Travel-PAI-Sumatera-Tours/app/Controllers/Rent.php(33): CodeIgniter\Model->__call()
#1 /media/egova/programming/Local Server/Pro-Travel-PAI-Sumatera-Tours/system/CodeIgniter.php(918): App\Controllers\Rent->index()
#2 /media/egova/programming/Local Server/Pro-Travel-PAI-Sumatera-Tours/system/CodeIgniter.php(404): CodeIgniter\CodeIgniter->runController()
#3 /media/egova/programming/Local Server/Pro-Travel-PAI-Sumatera-Tours/system/CodeIgniter.php(312): CodeIgniter\CodeIgniter->handleRequest()
#4 /media/egova/programming/Local Server/Pro-Travel-PAI-Sumatera-Tours/public/index.php(45): CodeIgniter\CodeIgniter->run()
#5 /media/egova/programming/Local Server/Pro-Travel-PAI-Sumatera-Tours/system/Commands/Server/rewrite.php(34): require_once('/media/egova/pr...')
#6 {main}
CRITICAL - 2020-08-03 14:06:12 --> Call to undefined method App\Models\RentModel::getRentId
#0 /media/egova/programming/Local Server/Pro-Travel-PAI-Sumatera-Tours/app/Controllers/Rent.php(33): CodeIgniter\Model->__call()
#1 /media/egova/programming/Local Server/Pro-Travel-PAI-Sumatera-Tours/system/CodeIgniter.php(918): App\Controllers\Rent->index()
#2 /media/egova/programming/Local Server/Pro-Travel-PAI-Sumatera-Tours/system/CodeIgniter.php(404): CodeIgniter\CodeIgniter->runController()
#3 /media/egova/programming/Local Server/Pro-Travel-PAI-Sumatera-Tours/system/CodeIgniter.php(312): CodeIgniter\CodeIgniter->handleRequest()
#4 /media/egova/programming/Local Server/Pro-Travel-PAI-Sumatera-Tours/public/index.php(45): CodeIgniter\CodeIgniter->run()
#5 /media/egova/programming/Local Server/Pro-Travel-PAI-Sumatera-Tours/system/Commands/Server/rewrite.php(34): require_once('/media/egova/pr...')
#6 {main}
CRITICAL - 2020-08-03 14:06:13 --> Trying to get property 'rent_nama_mobil' of non-object
#0 /media/egova/programming/Local Server/Pro-Travel-PAI-Sumatera-Tours/app/Views/layout-backend/pages/rent/v_index.php(45): CodeIgniter\Debug\Exceptions->errorHandler()
#1 /media/egova/programming/Local Server/Pro-Travel-PAI-Sumatera-Tours/system/View/View.php(246): include('/media/egova/pr...')
#2 /media/egova/programming/Local Server/Pro-Travel-PAI-Sumatera-Tours/system/Common.php(1119): CodeIgniter\View\View->render()
#3 /media/egova/programming/Local Server/Pro-Travel-PAI-Sumatera-Tours/app/Views/index-backend.php(5): view()
#4 /media/egova/programming/Local Server/Pro-Travel-PAI-Sumatera-Tours/system/View/View.php(246): include('/media/egova/pr...')
#5 /media/egova/programming/Local Server/Pro-Travel-PAI-Sumatera-Tours/system/Common.php(1119): CodeIgniter\View\View->render()
#6 /media/egova/programming/Local Server/Pro-Travel-PAI-Sumatera-Tours/app/Controllers/Rent.php(28): view()
#7 /media/egova/programming/Local Server/Pro-Travel-PAI-Sumatera-Tours/system/CodeIgniter.php(918): App\Controllers\Rent->index()
#8 /media/egova/programming/Local Server/Pro-Travel-PAI-Sumatera-Tours/system/CodeIgniter.php(404): CodeIgniter\CodeIgniter->runController()
#9 /media/egova/programming/Local Server/Pro-Travel-PAI-Sumatera-Tours/system/CodeIgniter.php(312): CodeIgniter\CodeIgniter->handleRequest()
#10 /media/egova/programming/Local Server/Pro-Travel-PAI-Sumatera-Tours/public/index.php(45): CodeIgniter\CodeIgniter->run()
#11 /media/egova/programming/Local Server/Pro-Travel-PAI-Sumatera-Tours/system/Commands/Server/rewrite.php(34): require_once('/media/egova/pr...')
#12 {main}
CRITICAL - 2020-08-03 14:06:14 --> Trying to get property 'rent_nama_mobil' of non-object
#0 /media/egova/programming/Local Server/Pro-Travel-PAI-Sumatera-Tours/app/Views/layout-backend/pages/rent/v_index.php(45): CodeIgniter\Debug\Exceptions->errorHandler()
#1 /media/egova/programming/Local Server/Pro-Travel-PAI-Sumatera-Tours/system/View/View.php(246): include('/media/egova/pr...')
#2 /media/egova/programming/Local Server/Pro-Travel-PAI-Sumatera-Tours/system/Common.php(1119): CodeIgniter\View\View->render()
#3 /media/egova/programming/Local Server/Pro-Travel-PAI-Sumatera-Tours/app/Views/index-backend.php(5): view()
#4 /media/egova/programming/Local Server/Pro-Travel-PAI-Sumatera-Tours/system/View/View.php(246): include('/media/egova/pr...')
#5 /media/egova/programming/Local Server/Pro-Travel-PAI-Sumatera-Tours/system/Common.php(1119): CodeIgniter\View\View->render()
#6 /media/egova/programming/Local Server/Pro-Travel-PAI-Sumatera-Tours/app/Controllers/Rent.php(28): view()
#7 /media/egova/programming/Local Server/Pro-Travel-PAI-Sumatera-Tours/system/CodeIgniter.php(918): App\Controllers\Rent->index()
#8 /media/egova/programming/Local Server/Pro-Travel-PAI-Sumatera-Tours/system/CodeIgniter.php(404): CodeIgniter\CodeIgniter->runController()
#9 /media/egova/programming/Local Server/Pro-Travel-PAI-Sumatera-Tours/system/CodeIgniter.php(312): CodeIgniter\CodeIgniter->handleRequest()
#10 /media/egova/programming/Local Server/Pro-Travel-PAI-Sumatera-Tours/public/index.php(45): CodeIgniter\CodeIgniter->run()
#11 /media/egova/programming/Local Server/Pro-Travel-PAI-Sumatera-Tours/system/Commands/Server/rewrite.php(34): require_once('/media/egova/pr...')
#12 {main}
CRITICAL - 2020-08-03 14:06:39 --> Call to undefined method App\Models\RentModel::getRentId
#0 /media/egova/programming/Local Server/Pro-Travel-PAI-Sumatera-Tours/app/Controllers/Rent.php(33): CodeIgniter\Model->__call()
#1 /media/egova/programming/Local Server/Pro-Travel-PAI-Sumatera-Tours/system/CodeIgniter.php(918): App\Controllers\Rent->index()
#2 /media/egova/programming/Local Server/Pro-Travel-PAI-Sumatera-Tours/system/CodeIgniter.php(404): CodeIgniter\CodeIgniter->runController()
#3 /media/egova/programming/Local Server/Pro-Travel-PAI-Sumatera-Tours/system/CodeIgniter.php(312): CodeIgniter\CodeIgniter->handleRequest()
#4 /media/egova/programming/Local Server/Pro-Travel-PAI-Sumatera-Tours/public/index.php(45): CodeIgniter\CodeIgniter->run()
#5 /media/egova/programming/Local Server/Pro-Travel-PAI-Sumatera-Tours/system/Commands/Server/rewrite.php(34): require_once('/media/egova/pr...')
#6 {main}
