CRITICAL - 2020-08-04 00:49:41 --> Call to undefined method App\Models\TripModel::getTrip
#0 /media/egova/programming/Local Server/Pro-Travel-PAI-Sumatera-Tours/app/Controllers/Trip.php(25): CodeIgniter\Model->__call()
#1 /media/egova/programming/Local Server/Pro-Travel-PAI-Sumatera-Tours/system/CodeIgniter.php(918): App\Controllers\Trip->index()
#2 /media/egova/programming/Local Server/Pro-Travel-PAI-Sumatera-Tours/system/CodeIgniter.php(404): CodeIgniter\CodeIgniter->runController()
#3 /media/egova/programming/Local Server/Pro-Travel-PAI-Sumatera-Tours/system/CodeIgniter.php(312): CodeIgniter\CodeIgniter->handleRequest()
#4 /media/egova/programming/Local Server/Pro-Travel-PAI-Sumatera-Tours/public/index.php(45): CodeIgniter\CodeIgniter->run()
#5 /media/egova/programming/Local Server/Pro-Travel-PAI-Sumatera-Tours/system/Commands/Server/rewrite.php(34): require_once('/media/egova/pr...')
#6 {main}
CRITICAL - 2020-08-04 00:50:34 --> Call to undefined method App\Models\TripModel::getTrip
#0 /media/egova/programming/Local Server/Pro-Travel-PAI-Sumatera-Tours/app/Controllers/Trip.php(25): CodeIgniter\Model->__call()
#1 /media/egova/programming/Local Server/Pro-Travel-PAI-Sumatera-Tours/system/CodeIgniter.php(918): App\Controllers\Trip->index()
#2 /media/egova/programming/Local Server/Pro-Travel-PAI-Sumatera-Tours/system/CodeIgniter.php(404): CodeIgniter\CodeIgniter->runController()
#3 /media/egova/programming/Local Server/Pro-Travel-PAI-Sumatera-Tours/system/CodeIgniter.php(312): CodeIgniter\CodeIgniter->handleRequest()
#4 /media/egova/programming/Local Server/Pro-Travel-PAI-Sumatera-Tours/public/index.php(45): CodeIgniter\CodeIgniter->run()
#5 /media/egova/programming/Local Server/Pro-Travel-PAI-Sumatera-Tours/system/Commands/Server/rewrite.php(34): require_once('/media/egova/pr...')
#6 {main}
CRITICAL - 2020-08-04 00:50:35 --> Call to undefined method App\Models\TripModel::getTrip
#0 /media/egova/programming/Local Server/Pro-Travel-PAI-Sumatera-Tours/app/Controllers/Trip.php(25): CodeIgniter\Model->__call()
#1 /media/egova/programming/Local Server/Pro-Travel-PAI-Sumatera-Tours/system/CodeIgniter.php(918): App\Controllers\Trip->index()
#2 /media/egova/programming/Local Server/Pro-Travel-PAI-Sumatera-Tours/system/CodeIgniter.php(404): CodeIgniter\CodeIgniter->runController()
#3 /media/egova/programming/Local Server/Pro-Travel-PAI-Sumatera-Tours/system/CodeIgniter.php(312): CodeIgniter\CodeIgniter->handleRequest()
#4 /media/egova/programming/Local Server/Pro-Travel-PAI-Sumatera-Tours/public/index.php(45): CodeIgniter\CodeIgniter->run()
#5 /media/egova/programming/Local Server/Pro-Travel-PAI-Sumatera-Tours/system/Commands/Server/rewrite.php(34): require_once('/media/egova/pr...')
#6 {main}
CRITICAL - 2020-08-04 00:51:39 --> Undefined variable: trip
#0 /media/egova/programming/Local Server/Pro-Travel-PAI-Sumatera-Tours/app/Views/layout-backend/pages/trip/v_index.php(41): CodeIgniter\Debug\Exceptions->errorHandler()
#1 /media/egova/programming/Local Server/Pro-Travel-PAI-Sumatera-Tours/system/View/View.php(246): include('/media/egova/pr...')
#2 /media/egova/programming/Local Server/Pro-Travel-PAI-Sumatera-Tours/system/Common.php(1119): CodeIgniter\View\View->render()
#3 /media/egova/programming/Local Server/Pro-Travel-PAI-Sumatera-Tours/app/Views/index-backend.php(5): view()
#4 /media/egova/programming/Local Server/Pro-Travel-PAI-Sumatera-Tours/system/View/View.php(246): include('/media/egova/pr...')
#5 /media/egova/programming/Local Server/Pro-Travel-PAI-Sumatera-Tours/system/Common.php(1119): CodeIgniter\View\View->render()
#6 /media/egova/programming/Local Server/Pro-Travel-PAI-Sumatera-Tours/app/Controllers/Trip.php(28): view()
#7 /media/egova/programming/Local Server/Pro-Travel-PAI-Sumatera-Tours/system/CodeIgniter.php(918): App\Controllers\Trip->index()
#8 /media/egova/programming/Local Server/Pro-Travel-PAI-Sumatera-Tours/system/CodeIgniter.php(404): CodeIgniter\CodeIgniter->runController()
#9 /media/egova/programming/Local Server/Pro-Travel-PAI-Sumatera-Tours/system/CodeIgniter.php(312): CodeIgniter\CodeIgniter->handleRequest()
#10 /media/egova/programming/Local Server/Pro-Travel-PAI-Sumatera-Tours/public/index.php(45): CodeIgniter\CodeIgniter->run()
#11 /media/egova/programming/Local Server/Pro-Travel-PAI-Sumatera-Tours/system/Commands/Server/rewrite.php(34): require_once('/media/egova/pr...')
#12 {main}
CRITICAL - 2020-08-04 02:20:21 --> Call to undefined method App\Models\TripModel::insertTrip
#0 /media/egova/programming/Local Server/Pro-Travel-PAI-Sumatera-Tours/app/Controllers/Trip.php(117): CodeIgniter\Model->__call()
#1 /media/egova/programming/Local Server/Pro-Travel-PAI-Sumatera-Tours/system/CodeIgniter.php(918): App\Controllers\Trip->store()
#2 /media/egova/programming/Local Server/Pro-Travel-PAI-Sumatera-Tours/system/CodeIgniter.php(404): CodeIgniter\CodeIgniter->runController()
#3 /media/egova/programming/Local Server/Pro-Travel-PAI-Sumatera-Tours/system/CodeIgniter.php(312): CodeIgniter\CodeIgniter->handleRequest()
#4 /media/egova/programming/Local Server/Pro-Travel-PAI-Sumatera-Tours/public/index.php(45): CodeIgniter\CodeIgniter->run()
#5 /media/egova/programming/Local Server/Pro-Travel-PAI-Sumatera-Tours/system/Commands/Server/rewrite.php(34): require_once('/media/egova/pr...')
#6 {main}
CRITICAL - 2020-08-04 02:25:41 --> Undefined property: App\Controllers\Trip::$Rent
#0 /media/egova/programming/Local Server/Pro-Travel-PAI-Sumatera-Tours/app/Controllers/Trip.php(33): CodeIgniter\Debug\Exceptions->errorHandler()
#1 /media/egova/programming/Local Server/Pro-Travel-PAI-Sumatera-Tours/system/CodeIgniter.php(918): App\Controllers\Trip->index()
#2 /media/egova/programming/Local Server/Pro-Travel-PAI-Sumatera-Tours/system/CodeIgniter.php(404): CodeIgniter\CodeIgniter->runController()
#3 /media/egova/programming/Local Server/Pro-Travel-PAI-Sumatera-Tours/system/CodeIgniter.php(312): CodeIgniter\CodeIgniter->handleRequest()
#4 /media/egova/programming/Local Server/Pro-Travel-PAI-Sumatera-Tours/public/index.php(45): CodeIgniter\CodeIgniter->run()
#5 /media/egova/programming/Local Server/Pro-Travel-PAI-Sumatera-Tours/system/Commands/Server/rewrite.php(34): require_once('/media/egova/pr...')
#6 {main}
CRITICAL - 2020-08-04 02:26:13 --> Undefined variable: trip
#0 /media/egova/programming/Local Server/Pro-Travel-PAI-Sumatera-Tours/app/Views/layout-backend/pages/trip/v_detail.php(40): CodeIgniter\Debug\Exceptions->errorHandler()
#1 /media/egova/programming/Local Server/Pro-Travel-PAI-Sumatera-Tours/system/View/View.php(246): include('/media/egova/pr...')
#2 /media/egova/programming/Local Server/Pro-Travel-PAI-Sumatera-Tours/system/Common.php(1119): CodeIgniter\View\View->render()
#3 /media/egova/programming/Local Server/Pro-Travel-PAI-Sumatera-Tours/app/Views/index-backend.php(5): view()
#4 /media/egova/programming/Local Server/Pro-Travel-PAI-Sumatera-Tours/system/View/View.php(246): include('/media/egova/pr...')
#5 /media/egova/programming/Local Server/Pro-Travel-PAI-Sumatera-Tours/system/Common.php(1119): CodeIgniter\View\View->render()
#6 /media/egova/programming/Local Server/Pro-Travel-PAI-Sumatera-Tours/app/Controllers/Trip.php(36): view()
#7 /media/egova/programming/Local Server/Pro-Travel-PAI-Sumatera-Tours/system/CodeIgniter.php(918): App\Controllers\Trip->index()
#8 /media/egova/programming/Local Server/Pro-Travel-PAI-Sumatera-Tours/system/CodeIgniter.php(404): CodeIgniter\CodeIgniter->runController()
#9 /media/egova/programming/Local Server/Pro-Travel-PAI-Sumatera-Tours/system/CodeIgniter.php(312): CodeIgniter\CodeIgniter->handleRequest()
#10 /media/egova/programming/Local Server/Pro-Travel-PAI-Sumatera-Tours/public/index.php(45): CodeIgniter\CodeIgniter->run()
#11 /media/egova/programming/Local Server/Pro-Travel-PAI-Sumatera-Tours/system/Commands/Server/rewrite.php(34): require_once('/media/egova/pr...')
#12 {main}
CRITICAL - 2020-08-04 03:40:55 --> Class 'App\Database\Seeds\RegularSeeder' not found
#0 /media/egova/programming/Local Server/Pro-Travel-PAI-Sumatera-Tours/system/Commands/Database/Seed.php(124): CodeIgniter\Database\Seeder->call()
#1 /media/egova/programming/Local Server/Pro-Travel-PAI-Sumatera-Tours/system/CLI/Commands.php(100): CodeIgniter\Commands\Database\Seed->run()
#2 /media/egova/programming/Local Server/Pro-Travel-PAI-Sumatera-Tours/system/CLI/CommandRunner.php(107): CodeIgniter\CLI\Commands->run()
#3 /media/egova/programming/Local Server/Pro-Travel-PAI-Sumatera-Tours/system/CLI/CommandRunner.php(85): CodeIgniter\CLI\CommandRunner->index()
#4 /media/egova/programming/Local Server/Pro-Travel-PAI-Sumatera-Tours/system/CodeIgniter.php(914): CodeIgniter\CLI\CommandRunner->_remap()
#5 /media/egova/programming/Local Server/Pro-Travel-PAI-Sumatera-Tours/system/CodeIgniter.php(404): CodeIgniter\CodeIgniter->runController()
#6 /media/egova/programming/Local Server/Pro-Travel-PAI-Sumatera-Tours/system/CodeIgniter.php(312): CodeIgniter\CodeIgniter->handleRequest()
#7 /media/egova/programming/Local Server/Pro-Travel-PAI-Sumatera-Tours/system/CLI/Console.php(86): CodeIgniter\CodeIgniter->run()
#8 /media/egova/programming/Local Server/Pro-Travel-PAI-Sumatera-Tours/spark(57): CodeIgniter\CLI\Console->run()
#9 {main}
CRITICAL - 2020-08-04 04:47:04 --> Call to undefined method App\Models\RegularModel::getRent
#0 /media/egova/programming/Local Server/Pro-Travel-PAI-Sumatera-Tours/app/Controllers/Regular.php(25): CodeIgniter\Model->__call()
#1 /media/egova/programming/Local Server/Pro-Travel-PAI-Sumatera-Tours/system/CodeIgniter.php(918): App\Controllers\Regular->index()
#2 /media/egova/programming/Local Server/Pro-Travel-PAI-Sumatera-Tours/system/CodeIgniter.php(404): CodeIgniter\CodeIgniter->runController()
#3 /media/egova/programming/Local Server/Pro-Travel-PAI-Sumatera-Tours/system/CodeIgniter.php(312): CodeIgniter\CodeIgniter->handleRequest()
#4 /media/egova/programming/Local Server/Pro-Travel-PAI-Sumatera-Tours/public/index.php(45): CodeIgniter\CodeIgniter->run()
#5 /media/egova/programming/Local Server/Pro-Travel-PAI-Sumatera-Tours/system/Commands/Server/rewrite.php(34): require_once('/media/egova/pr...')
#6 {main}
CRITICAL - 2020-08-04 04:50:00 --> Undefined property: stdClass::$regulars_id
#0 /media/egova/programming/Local Server/Pro-Travel-PAI-Sumatera-Tours/app/Views/layout-backend/pages/regular/v_index.php(48): CodeIgniter\Debug\Exceptions->errorHandler()
#1 /media/egova/programming/Local Server/Pro-Travel-PAI-Sumatera-Tours/system/View/View.php(246): include('/media/egova/pr...')
#2 /media/egova/programming/Local Server/Pro-Travel-PAI-Sumatera-Tours/system/Common.php(1119): CodeIgniter\View\View->render()
#3 /media/egova/programming/Local Server/Pro-Travel-PAI-Sumatera-Tours/app/Views/index-backend.php(5): view()
#4 /media/egova/programming/Local Server/Pro-Travel-PAI-Sumatera-Tours/system/View/View.php(246): include('/media/egova/pr...')
#5 /media/egova/programming/Local Server/Pro-Travel-PAI-Sumatera-Tours/system/Common.php(1119): CodeIgniter\View\View->render()
#6 /media/egova/programming/Local Server/Pro-Travel-PAI-Sumatera-Tours/app/Controllers/Regular.php(28): view()
#7 /media/egova/programming/Local Server/Pro-Travel-PAI-Sumatera-Tours/system/CodeIgniter.php(918): App\Controllers\Regular->index()
#8 /media/egova/programming/Local Server/Pro-Travel-PAI-Sumatera-Tours/system/CodeIgniter.php(404): CodeIgniter\CodeIgniter->runController()
#9 /media/egova/programming/Local Server/Pro-Travel-PAI-Sumatera-Tours/system/CodeIgniter.php(312): CodeIgniter\CodeIgniter->handleRequest()
#10 /media/egova/programming/Local Server/Pro-Travel-PAI-Sumatera-Tours/public/index.php(45): CodeIgniter\CodeIgniter->run()
#11 /media/egova/programming/Local Server/Pro-Travel-PAI-Sumatera-Tours/system/Commands/Server/rewrite.php(34): require_once('/media/egova/pr...')
#12 {main}
CRITICAL - 2020-08-04 06:20:27 --> Undefined variable: strips
#0 /media/egova/programming/Local Server/Pro-Travel-PAI-Sumatera-Tours/app/Views/layout-backend/pages/regular/v_tambah.php(93): CodeIgniter\Debug\Exceptions->errorHandler()
#1 /media/egova/programming/Local Server/Pro-Travel-PAI-Sumatera-Tours/system/View/View.php(246): include('/media/egova/pr...')
#2 /media/egova/programming/Local Server/Pro-Travel-PAI-Sumatera-Tours/system/Common.php(1119): CodeIgniter\View\View->render()
#3 /media/egova/programming/Local Server/Pro-Travel-PAI-Sumatera-Tours/app/Views/index-backend.php(5): view()
#4 /media/egova/programming/Local Server/Pro-Travel-PAI-Sumatera-Tours/system/View/View.php(246): include('/media/egova/pr...')
#5 /media/egova/programming/Local Server/Pro-Travel-PAI-Sumatera-Tours/system/Common.php(1119): CodeIgniter\View\View->render()
#6 /media/egova/programming/Local Server/Pro-Travel-PAI-Sumatera-Tours/app/Controllers/Regular.php(105): view()
#7 /media/egova/programming/Local Server/Pro-Travel-PAI-Sumatera-Tours/system/CodeIgniter.php(918): App\Controllers\Regular->create()
#8 /media/egova/programming/Local Server/Pro-Travel-PAI-Sumatera-Tours/system/CodeIgniter.php(404): CodeIgniter\CodeIgniter->runController()
#9 /media/egova/programming/Local Server/Pro-Travel-PAI-Sumatera-Tours/system/CodeIgniter.php(312): CodeIgniter\CodeIgniter->handleRequest()
#10 /media/egova/programming/Local Server/Pro-Travel-PAI-Sumatera-Tours/public/index.php(45): CodeIgniter\CodeIgniter->run()
#11 /media/egova/programming/Local Server/Pro-Travel-PAI-Sumatera-Tours/system/Commands/Server/rewrite.php(34): require_once('/media/egova/pr...')
#12 {main}
CRITICAL - 2020-08-04 07:18:44 --> Trying to get property 'rent_id' of non-object
#0 /media/egova/programming/Local Server/Pro-Travel-PAI-Sumatera-Tours/app/Views/layout-backend/pages/rent/v_detail.php(40): CodeIgniter\Debug\Exceptions->errorHandler()
#1 /media/egova/programming/Local Server/Pro-Travel-PAI-Sumatera-Tours/system/View/View.php(246): include('/media/egova/pr...')
#2 /media/egova/programming/Local Server/Pro-Travel-PAI-Sumatera-Tours/system/Common.php(1119): CodeIgniter\View\View->render()
#3 /media/egova/programming/Local Server/Pro-Travel-PAI-Sumatera-Tours/app/Views/index-backend.php(5): view()
#4 /media/egova/programming/Local Server/Pro-Travel-PAI-Sumatera-Tours/system/View/View.php(246): include('/media/egova/pr...')
#5 /media/egova/programming/Local Server/Pro-Travel-PAI-Sumatera-Tours/system/Common.php(1119): CodeIgniter\View\View->render()
#6 /media/egova/programming/Local Server/Pro-Travel-PAI-Sumatera-Tours/app/Controllers/Rent.php(36): view()
#7 /media/egova/programming/Local Server/Pro-Travel-PAI-Sumatera-Tours/system/CodeIgniter.php(918): App\Controllers\Rent->index()
#8 /media/egova/programming/Local Server/Pro-Travel-PAI-Sumatera-Tours/system/CodeIgniter.php(404): CodeIgniter\CodeIgniter->runController()
#9 /media/egova/programming/Local Server/Pro-Travel-PAI-Sumatera-Tours/system/CodeIgniter.php(312): CodeIgniter\CodeIgniter->handleRequest()
#10 /media/egova/programming/Local Server/Pro-Travel-PAI-Sumatera-Tours/public/index.php(45): CodeIgniter\CodeIgniter->run()
#11 /media/egova/programming/Local Server/Pro-Travel-PAI-Sumatera-Tours/system/Commands/Server/rewrite.php(34): require_once('/media/egova/pr...')
#12 {main}
CRITICAL - 2020-08-04 08:41:52 --> Trying to get property 'rent_id' of non-object
#0 /media/egova/programming/Local Server/Pro-Travel-PAI-Sumatera-Tours/app/Views/layout-backend/pages/rent/v_detail.php(40): CodeIgniter\Debug\Exceptions->errorHandler()
#1 /media/egova/programming/Local Server/Pro-Travel-PAI-Sumatera-Tours/system/View/View.php(246): include('/media/egova/pr...')
#2 /media/egova/programming/Local Server/Pro-Travel-PAI-Sumatera-Tours/system/Common.php(1119): CodeIgniter\View\View->render()
#3 /media/egova/programming/Local Server/Pro-Travel-PAI-Sumatera-Tours/app/Views/index-backend.php(5): view()
#4 /media/egova/programming/Local Server/Pro-Travel-PAI-Sumatera-Tours/system/View/View.php(246): include('/media/egova/pr...')
#5 /media/egova/programming/Local Server/Pro-Travel-PAI-Sumatera-Tours/system/Common.php(1119): CodeIgniter\View\View->render()
#6 /media/egova/programming/Local Server/Pro-Travel-PAI-Sumatera-Tours/app/Controllers/Rent.php(36): view()
#7 /media/egova/programming/Local Server/Pro-Travel-PAI-Sumatera-Tours/system/CodeIgniter.php(918): App\Controllers\Rent->index()
#8 /media/egova/programming/Local Server/Pro-Travel-PAI-Sumatera-Tours/system/CodeIgniter.php(404): CodeIgniter\CodeIgniter->runController()
#9 /media/egova/programming/Local Server/Pro-Travel-PAI-Sumatera-Tours/system/CodeIgniter.php(312): CodeIgniter\CodeIgniter->handleRequest()
#10 /media/egova/programming/Local Server/Pro-Travel-PAI-Sumatera-Tours/public/index.php(45): CodeIgniter\CodeIgniter->run()
#11 /media/egova/programming/Local Server/Pro-Travel-PAI-Sumatera-Tours/system/Commands/Server/rewrite.php(34): require_once('/media/egova/pr...')
#12 {main}
CRITICAL - 2020-08-04 09:32:22 --> Undefined variable: rents
#0 /media/egova/programming/Local Server/Pro-Travel-PAI-Sumatera-Tours/app/Views/layout-backend/pages/regular/v_detail.php(40): CodeIgniter\Debug\Exceptions->errorHandler()
#1 /media/egova/programming/Local Server/Pro-Travel-PAI-Sumatera-Tours/system/View/View.php(246): include('/media/egova/pr...')
#2 /media/egova/programming/Local Server/Pro-Travel-PAI-Sumatera-Tours/system/Common.php(1119): CodeIgniter\View\View->render()
#3 /media/egova/programming/Local Server/Pro-Travel-PAI-Sumatera-Tours/app/Views/index-backend.php(5): view()
#4 /media/egova/programming/Local Server/Pro-Travel-PAI-Sumatera-Tours/system/View/View.php(246): include('/media/egova/pr...')
#5 /media/egova/programming/Local Server/Pro-Travel-PAI-Sumatera-Tours/system/Common.php(1119): CodeIgniter\View\View->render()
#6 /media/egova/programming/Local Server/Pro-Travel-PAI-Sumatera-Tours/app/Controllers/Regular.php(38): view()
#7 /media/egova/programming/Local Server/Pro-Travel-PAI-Sumatera-Tours/system/CodeIgniter.php(918): App\Controllers\Regular->index()
#8 /media/egova/programming/Local Server/Pro-Travel-PAI-Sumatera-Tours/system/CodeIgniter.php(404): CodeIgniter\CodeIgniter->runController()
#9 /media/egova/programming/Local Server/Pro-Travel-PAI-Sumatera-Tours/system/CodeIgniter.php(312): CodeIgniter\CodeIgniter->handleRequest()
#10 /media/egova/programming/Local Server/Pro-Travel-PAI-Sumatera-Tours/public/index.php(45): CodeIgniter\CodeIgniter->run()
#11 /media/egova/programming/Local Server/Pro-Travel-PAI-Sumatera-Tours/system/Commands/Server/rewrite.php(34): require_once('/media/egova/pr...')
#12 {main}
CRITICAL - 2020-08-04 09:32:31 --> Undefined variable: rents
#0 /media/egova/programming/Local Server/Pro-Travel-PAI-Sumatera-Tours/app/Views/layout-backend/pages/regular/v_detail.php(40): CodeIgniter\Debug\Exceptions->errorHandler()
#1 /media/egova/programming/Local Server/Pro-Travel-PAI-Sumatera-Tours/system/View/View.php(246): include('/media/egova/pr...')
#2 /media/egova/programming/Local Server/Pro-Travel-PAI-Sumatera-Tours/system/Common.php(1119): CodeIgniter\View\View->render()
#3 /media/egova/programming/Local Server/Pro-Travel-PAI-Sumatera-Tours/app/Views/index-backend.php(5): view()
#4 /media/egova/programming/Local Server/Pro-Travel-PAI-Sumatera-Tours/system/View/View.php(246): include('/media/egova/pr...')
#5 /media/egova/programming/Local Server/Pro-Travel-PAI-Sumatera-Tours/system/Common.php(1119): CodeIgniter\View\View->render()
#6 /media/egova/programming/Local Server/Pro-Travel-PAI-Sumatera-Tours/app/Controllers/Regular.php(38): view()
#7 /media/egova/programming/Local Server/Pro-Travel-PAI-Sumatera-Tours/system/CodeIgniter.php(918): App\Controllers\Regular->index()
#8 /media/egova/programming/Local Server/Pro-Travel-PAI-Sumatera-Tours/system/CodeIgniter.php(404): CodeIgniter\CodeIgniter->runController()
#9 /media/egova/programming/Local Server/Pro-Travel-PAI-Sumatera-Tours/system/CodeIgniter.php(312): CodeIgniter\CodeIgniter->handleRequest()
#10 /media/egova/programming/Local Server/Pro-Travel-PAI-Sumatera-Tours/public/index.php(45): CodeIgniter\CodeIgniter->run()
#11 /media/egova/programming/Local Server/Pro-Travel-PAI-Sumatera-Tours/system/Commands/Server/rewrite.php(34): require_once('/media/egova/pr...')
#12 {main}
CRITICAL - 2020-08-04 09:33:22 --> Undefined variable: regular
#0 /media/egova/programming/Local Server/Pro-Travel-PAI-Sumatera-Tours/app/Views/layout-backend/pages/regular/v_detail.php(36): CodeIgniter\Debug\Exceptions->errorHandler()
#1 /media/egova/programming/Local Server/Pro-Travel-PAI-Sumatera-Tours/system/View/View.php(246): include('/media/egova/pr...')
#2 /media/egova/programming/Local Server/Pro-Travel-PAI-Sumatera-Tours/system/Common.php(1119): CodeIgniter\View\View->render()
#3 /media/egova/programming/Local Server/Pro-Travel-PAI-Sumatera-Tours/app/Views/index-backend.php(5): view()
#4 /media/egova/programming/Local Server/Pro-Travel-PAI-Sumatera-Tours/system/View/View.php(246): include('/media/egova/pr...')
#5 /media/egova/programming/Local Server/Pro-Travel-PAI-Sumatera-Tours/system/Common.php(1119): CodeIgniter\View\View->render()
#6 /media/egova/programming/Local Server/Pro-Travel-PAI-Sumatera-Tours/app/Controllers/Regular.php(38): view()
#7 /media/egova/programming/Local Server/Pro-Travel-PAI-Sumatera-Tours/system/CodeIgniter.php(918): App\Controllers\Regular->index()
#8 /media/egova/programming/Local Server/Pro-Travel-PAI-Sumatera-Tours/system/CodeIgniter.php(404): CodeIgniter\CodeIgniter->runController()
#9 /media/egova/programming/Local Server/Pro-Travel-PAI-Sumatera-Tours/system/CodeIgniter.php(312): CodeIgniter\CodeIgniter->handleRequest()
#10 /media/egova/programming/Local Server/Pro-Travel-PAI-Sumatera-Tours/public/index.php(45): CodeIgniter\CodeIgniter->run()
#11 /media/egova/programming/Local Server/Pro-Travel-PAI-Sumatera-Tours/system/Commands/Server/rewrite.php(34): require_once('/media/egova/pr...')
#12 {main}
CRITICAL - 2020-08-04 09:46:46 --> Trying to get property 'rent_foto' of non-object
#0 /media/egova/programming/Local Server/Pro-Travel-PAI-Sumatera-Tours/app/Views/index-frontend.php(246): CodeIgniter\Debug\Exceptions->errorHandler()
#1 /media/egova/programming/Local Server/Pro-Travel-PAI-Sumatera-Tours/system/View/View.php(246): include('/media/egova/pr...')
#2 /media/egova/programming/Local Server/Pro-Travel-PAI-Sumatera-Tours/system/Common.php(1119): CodeIgniter\View\View->render()
#3 /media/egova/programming/Local Server/Pro-Travel-PAI-Sumatera-Tours/app/Controllers/Home.php(21): view()
#4 /media/egova/programming/Local Server/Pro-Travel-PAI-Sumatera-Tours/system/CodeIgniter.php(918): App\Controllers\Home->index()
#5 /media/egova/programming/Local Server/Pro-Travel-PAI-Sumatera-Tours/system/CodeIgniter.php(404): CodeIgniter\CodeIgniter->runController()
#6 /media/egova/programming/Local Server/Pro-Travel-PAI-Sumatera-Tours/system/CodeIgniter.php(312): CodeIgniter\CodeIgniter->handleRequest()
#7 /media/egova/programming/Local Server/Pro-Travel-PAI-Sumatera-Tours/public/index.php(45): CodeIgniter\CodeIgniter->run()
#8 /media/egova/programming/Local Server/Pro-Travel-PAI-Sumatera-Tours/system/Commands/Server/rewrite.php(34): require_once('/media/egova/pr...')
#9 {main}
CRITICAL - 2020-08-04 21:37:17 --> Undefined property: stdClass::$regular_foto
#0 /media/egova/programming/Local Server/Pro-Travel-PAI-Sumatera-Tours/app/Views/index-frontend.php(266): CodeIgniter\Debug\Exceptions->errorHandler()
#1 /media/egova/programming/Local Server/Pro-Travel-PAI-Sumatera-Tours/system/View/View.php(246): include('/media/egova/pr...')
#2 /media/egova/programming/Local Server/Pro-Travel-PAI-Sumatera-Tours/system/Common.php(1119): CodeIgniter\View\View->render()
#3 /media/egova/programming/Local Server/Pro-Travel-PAI-Sumatera-Tours/app/Controllers/Home.php(24): view()
#4 /media/egova/programming/Local Server/Pro-Travel-PAI-Sumatera-Tours/system/CodeIgniter.php(918): App\Controllers\Home->index()
#5 /media/egova/programming/Local Server/Pro-Travel-PAI-Sumatera-Tours/system/CodeIgniter.php(404): CodeIgniter\CodeIgniter->runController()
#6 /media/egova/programming/Local Server/Pro-Travel-PAI-Sumatera-Tours/system/CodeIgniter.php(312): CodeIgniter\CodeIgniter->handleRequest()
#7 /media/egova/programming/Local Server/Pro-Travel-PAI-Sumatera-Tours/public/index.php(45): CodeIgniter\CodeIgniter->run()
#8 /media/egova/programming/Local Server/Pro-Travel-PAI-Sumatera-Tours/system/Commands/Server/rewrite.php(34): require_once('/media/egova/pr...')
#9 {main}
CRITICAL - 2020-08-04 21:37:49 --> Undefined property: stdClass::$regular_foto
#0 /media/egova/programming/Local Server/Pro-Travel-PAI-Sumatera-Tours/app/Views/index-frontend.php(266): CodeIgniter\Debug\Exceptions->errorHandler()
#1 /media/egova/programming/Local Server/Pro-Travel-PAI-Sumatera-Tours/system/View/View.php(246): include('/media/egova/pr...')
#2 /media/egova/programming/Local Server/Pro-Travel-PAI-Sumatera-Tours/system/Common.php(1119): CodeIgniter\View\View->render()
#3 /media/egova/programming/Local Server/Pro-Travel-PAI-Sumatera-Tours/app/Controllers/Home.php(24): view()
#4 /media/egova/programming/Local Server/Pro-Travel-PAI-Sumatera-Tours/system/CodeIgniter.php(918): App\Controllers\Home->index()
#5 /media/egova/programming/Local Server/Pro-Travel-PAI-Sumatera-Tours/system/CodeIgniter.php(404): CodeIgniter\CodeIgniter->runController()
#6 /media/egova/programming/Local Server/Pro-Travel-PAI-Sumatera-Tours/system/CodeIgniter.php(312): CodeIgniter\CodeIgniter->handleRequest()
#7 /media/egova/programming/Local Server/Pro-Travel-PAI-Sumatera-Tours/public/index.php(45): CodeIgniter\CodeIgniter->run()
#8 /media/egova/programming/Local Server/Pro-Travel-PAI-Sumatera-Tours/system/Commands/Server/rewrite.php(34): require_once('/media/egova/pr...')
#9 {main}
CRITICAL - 2020-08-04 21:38:32 --> Undefined property: stdClass::$regular_kode
#0 /media/egova/programming/Local Server/Pro-Travel-PAI-Sumatera-Tours/app/Views/index-frontend.php(268): CodeIgniter\Debug\Exceptions->errorHandler()
#1 /media/egova/programming/Local Server/Pro-Travel-PAI-Sumatera-Tours/system/View/View.php(246): include('/media/egova/pr...')
#2 /media/egova/programming/Local Server/Pro-Travel-PAI-Sumatera-Tours/system/Common.php(1119): CodeIgniter\View\View->render()
#3 /media/egova/programming/Local Server/Pro-Travel-PAI-Sumatera-Tours/app/Controllers/Home.php(24): view()
#4 /media/egova/programming/Local Server/Pro-Travel-PAI-Sumatera-Tours/system/CodeIgniter.php(918): App\Controllers\Home->index()
#5 /media/egova/programming/Local Server/Pro-Travel-PAI-Sumatera-Tours/system/CodeIgniter.php(404): CodeIgniter\CodeIgniter->runController()
#6 /media/egova/programming/Local Server/Pro-Travel-PAI-Sumatera-Tours/system/CodeIgniter.php(312): CodeIgniter\CodeIgniter->handleRequest()
#7 /media/egova/programming/Local Server/Pro-Travel-PAI-Sumatera-Tours/public/index.php(45): CodeIgniter\CodeIgniter->run()
#8 /media/egova/programming/Local Server/Pro-Travel-PAI-Sumatera-Tours/system/Commands/Server/rewrite.php(34): require_once('/media/egova/pr...')
#9 {main}
CRITICAL - 2020-08-04 21:39:23 --> Undefined property: stdClass::$regular_foto
#0 /media/egova/programming/Local Server/Pro-Travel-PAI-Sumatera-Tours/app/Views/index-frontend.php(266): CodeIgniter\Debug\Exceptions->errorHandler()
#1 /media/egova/programming/Local Server/Pro-Travel-PAI-Sumatera-Tours/system/View/View.php(246): include('/media/egova/pr...')
#2 /media/egova/programming/Local Server/Pro-Travel-PAI-Sumatera-Tours/system/Common.php(1119): CodeIgniter\View\View->render()
#3 /media/egova/programming/Local Server/Pro-Travel-PAI-Sumatera-Tours/app/Controllers/Home.php(24): view()
#4 /media/egova/programming/Local Server/Pro-Travel-PAI-Sumatera-Tours/system/CodeIgniter.php(918): App\Controllers\Home->index()
#5 /media/egova/programming/Local Server/Pro-Travel-PAI-Sumatera-Tours/system/CodeIgniter.php(404): CodeIgniter\CodeIgniter->runController()
#6 /media/egova/programming/Local Server/Pro-Travel-PAI-Sumatera-Tours/system/CodeIgniter.php(312): CodeIgniter\CodeIgniter->handleRequest()
#7 /media/egova/programming/Local Server/Pro-Travel-PAI-Sumatera-Tours/public/index.php(45): CodeIgniter\CodeIgniter->run()
#8 /media/egova/programming/Local Server/Pro-Travel-PAI-Sumatera-Tours/system/Commands/Server/rewrite.php(34): require_once('/media/egova/pr...')
#9 {main}
CRITICAL - 2020-08-04 21:39:56 --> Wrong parameter count for var_dump()
#0 [internal function]: CodeIgniter\Debug\Exceptions->errorHandler()
#1 /media/egova/programming/Local Server/Pro-Travel-PAI-Sumatera-Tours/app/Views/index-frontend.php(263): var_dump()
#2 /media/egova/programming/Local Server/Pro-Travel-PAI-Sumatera-Tours/system/View/View.php(246): include('/media/egova/pr...')
#3 /media/egova/programming/Local Server/Pro-Travel-PAI-Sumatera-Tours/system/Common.php(1119): CodeIgniter\View\View->render()
#4 /media/egova/programming/Local Server/Pro-Travel-PAI-Sumatera-Tours/app/Controllers/Home.php(24): view()
#5 /media/egova/programming/Local Server/Pro-Travel-PAI-Sumatera-Tours/system/CodeIgniter.php(918): App\Controllers\Home->index()
#6 /media/egova/programming/Local Server/Pro-Travel-PAI-Sumatera-Tours/system/CodeIgniter.php(404): CodeIgniter\CodeIgniter->runController()
#7 /media/egova/programming/Local Server/Pro-Travel-PAI-Sumatera-Tours/system/CodeIgniter.php(312): CodeIgniter\CodeIgniter->handleRequest()
#8 /media/egova/programming/Local Server/Pro-Travel-PAI-Sumatera-Tours/public/index.php(45): CodeIgniter\CodeIgniter->run()
#9 /media/egova/programming/Local Server/Pro-Travel-PAI-Sumatera-Tours/system/Commands/Server/rewrite.php(34): require_once('/media/egova/pr...')
#10 {main}
CRITICAL - 2020-08-04 21:40:06 --> Undefined property: stdClass::$regular_foto
#0 /media/egova/programming/Local Server/Pro-Travel-PAI-Sumatera-Tours/app/Views/index-frontend.php(266): CodeIgniter\Debug\Exceptions->errorHandler()
#1 /media/egova/programming/Local Server/Pro-Travel-PAI-Sumatera-Tours/system/View/View.php(246): include('/media/egova/pr...')
#2 /media/egova/programming/Local Server/Pro-Travel-PAI-Sumatera-Tours/system/Common.php(1119): CodeIgniter\View\View->render()
#3 /media/egova/programming/Local Server/Pro-Travel-PAI-Sumatera-Tours/app/Controllers/Home.php(24): view()
#4 /media/egova/programming/Local Server/Pro-Travel-PAI-Sumatera-Tours/system/CodeIgniter.php(918): App\Controllers\Home->index()
#5 /media/egova/programming/Local Server/Pro-Travel-PAI-Sumatera-Tours/system/CodeIgniter.php(404): CodeIgniter\CodeIgniter->runController()
#6 /media/egova/programming/Local Server/Pro-Travel-PAI-Sumatera-Tours/system/CodeIgniter.php(312): CodeIgniter\CodeIgniter->handleRequest()
#7 /media/egova/programming/Local Server/Pro-Travel-PAI-Sumatera-Tours/public/index.php(45): CodeIgniter\CodeIgniter->run()
#8 /media/egova/programming/Local Server/Pro-Travel-PAI-Sumatera-Tours/system/Commands/Server/rewrite.php(34): require_once('/media/egova/pr...')
#9 {main}
CRITICAL - 2020-08-04 21:43:51 --> Undefined property: stdClass::$regular_foto
#0 /media/egova/programming/Local Server/Pro-Travel-PAI-Sumatera-Tours/app/Views/index-frontend.php(266): CodeIgniter\Debug\Exceptions->errorHandler()
#1 /media/egova/programming/Local Server/Pro-Travel-PAI-Sumatera-Tours/system/View/View.php(246): include('/media/egova/pr...')
#2 /media/egova/programming/Local Server/Pro-Travel-PAI-Sumatera-Tours/system/Common.php(1119): CodeIgniter\View\View->render()
#3 /media/egova/programming/Local Server/Pro-Travel-PAI-Sumatera-Tours/app/Controllers/Home.php(24): view()
#4 /media/egova/programming/Local Server/Pro-Travel-PAI-Sumatera-Tours/system/CodeIgniter.php(918): App\Controllers\Home->index()
#5 /media/egova/programming/Local Server/Pro-Travel-PAI-Sumatera-Tours/system/CodeIgniter.php(404): CodeIgniter\CodeIgniter->runController()
#6 /media/egova/programming/Local Server/Pro-Travel-PAI-Sumatera-Tours/system/CodeIgniter.php(312): CodeIgniter\CodeIgniter->handleRequest()
#7 /media/egova/programming/Local Server/Pro-Travel-PAI-Sumatera-Tours/public/index.php(45): CodeIgniter\CodeIgniter->run()
#8 /media/egova/programming/Local Server/Pro-Travel-PAI-Sumatera-Tours/system/Commands/Server/rewrite.php(34): require_once('/media/egova/pr...')
#9 {main}
CRITICAL - 2020-08-04 21:44:06 --> Undefined property: stdClass::$regular_foto
#0 /media/egova/programming/Local Server/Pro-Travel-PAI-Sumatera-Tours/app/Views/index-frontend.php(266): CodeIgniter\Debug\Exceptions->errorHandler()
#1 /media/egova/programming/Local Server/Pro-Travel-PAI-Sumatera-Tours/system/View/View.php(246): include('/media/egova/pr...')
#2 /media/egova/programming/Local Server/Pro-Travel-PAI-Sumatera-Tours/system/Common.php(1119): CodeIgniter\View\View->render()
#3 /media/egova/programming/Local Server/Pro-Travel-PAI-Sumatera-Tours/app/Controllers/Home.php(24): view()
#4 /media/egova/programming/Local Server/Pro-Travel-PAI-Sumatera-Tours/system/CodeIgniter.php(918): App\Controllers\Home->index()
#5 /media/egova/programming/Local Server/Pro-Travel-PAI-Sumatera-Tours/system/CodeIgniter.php(404): CodeIgniter\CodeIgniter->runController()
#6 /media/egova/programming/Local Server/Pro-Travel-PAI-Sumatera-Tours/system/CodeIgniter.php(312): CodeIgniter\CodeIgniter->handleRequest()
#7 /media/egova/programming/Local Server/Pro-Travel-PAI-Sumatera-Tours/public/index.php(45): CodeIgniter\CodeIgniter->run()
#8 /media/egova/programming/Local Server/Pro-Travel-PAI-Sumatera-Tours/system/Commands/Server/rewrite.php(34): require_once('/media/egova/pr...')
#9 {main}
CRITICAL - 2020-08-04 21:44:25 --> Undefined property: stdClass::$regular_foto
#0 /media/egova/programming/Local Server/Pro-Travel-PAI-Sumatera-Tours/app/Views/index-frontend.php(266): CodeIgniter\Debug\Exceptions->errorHandler()
#1 /media/egova/programming/Local Server/Pro-Travel-PAI-Sumatera-Tours/system/View/View.php(246): include('/media/egova/pr...')
#2 /media/egova/programming/Local Server/Pro-Travel-PAI-Sumatera-Tours/system/Common.php(1119): CodeIgniter\View\View->render()
#3 /media/egova/programming/Local Server/Pro-Travel-PAI-Sumatera-Tours/app/Controllers/Home.php(24): view()
#4 /media/egova/programming/Local Server/Pro-Travel-PAI-Sumatera-Tours/system/CodeIgniter.php(918): App\Controllers\Home->index()
#5 /media/egova/programming/Local Server/Pro-Travel-PAI-Sumatera-Tours/system/CodeIgniter.php(404): CodeIgniter\CodeIgniter->runController()
#6 /media/egova/programming/Local Server/Pro-Travel-PAI-Sumatera-Tours/system/CodeIgniter.php(312): CodeIgniter\CodeIgniter->handleRequest()
#7 /media/egova/programming/Local Server/Pro-Travel-PAI-Sumatera-Tours/public/index.php(45): CodeIgniter\CodeIgniter->run()
#8 /media/egova/programming/Local Server/Pro-Travel-PAI-Sumatera-Tours/system/Commands/Server/rewrite.php(34): require_once('/media/egova/pr...')
#9 {main}
CRITICAL - 2020-08-04 21:44:36 --> Undefined property: stdClass::$regular_foto
#0 /media/egova/programming/Local Server/Pro-Travel-PAI-Sumatera-Tours/app/Views/index-frontend.php(267): CodeIgniter\Debug\Exceptions->errorHandler()
#1 /media/egova/programming/Local Server/Pro-Travel-PAI-Sumatera-Tours/system/View/View.php(246): include('/media/egova/pr...')
#2 /media/egova/programming/Local Server/Pro-Travel-PAI-Sumatera-Tours/system/Common.php(1119): CodeIgniter\View\View->render()
#3 /media/egova/programming/Local Server/Pro-Travel-PAI-Sumatera-Tours/app/Controllers/Home.php(24): view()
#4 /media/egova/programming/Local Server/Pro-Travel-PAI-Sumatera-Tours/system/CodeIgniter.php(918): App\Controllers\Home->index()
#5 /media/egova/programming/Local Server/Pro-Travel-PAI-Sumatera-Tours/system/CodeIgniter.php(404): CodeIgniter\CodeIgniter->runController()
#6 /media/egova/programming/Local Server/Pro-Travel-PAI-Sumatera-Tours/system/CodeIgniter.php(312): CodeIgniter\CodeIgniter->handleRequest()
#7 /media/egova/programming/Local Server/Pro-Travel-PAI-Sumatera-Tours/public/index.php(45): CodeIgniter\CodeIgniter->run()
#8 /media/egova/programming/Local Server/Pro-Travel-PAI-Sumatera-Tours/system/Commands/Server/rewrite.php(34): require_once('/media/egova/pr...')
#9 {main}
CRITICAL - 2020-08-04 21:44:59 --> Undefined property: stdClass::$regular_foto
#0 /media/egova/programming/Local Server/Pro-Travel-PAI-Sumatera-Tours/app/Views/index-frontend.php(266): CodeIgniter\Debug\Exceptions->errorHandler()
#1 /media/egova/programming/Local Server/Pro-Travel-PAI-Sumatera-Tours/system/View/View.php(246): include('/media/egova/pr...')
#2 /media/egova/programming/Local Server/Pro-Travel-PAI-Sumatera-Tours/system/Common.php(1119): CodeIgniter\View\View->render()
#3 /media/egova/programming/Local Server/Pro-Travel-PAI-Sumatera-Tours/app/Controllers/Home.php(24): view()
#4 /media/egova/programming/Local Server/Pro-Travel-PAI-Sumatera-Tours/system/CodeIgniter.php(918): App\Controllers\Home->index()
#5 /media/egova/programming/Local Server/Pro-Travel-PAI-Sumatera-Tours/system/CodeIgniter.php(404): CodeIgniter\CodeIgniter->runController()
#6 /media/egova/programming/Local Server/Pro-Travel-PAI-Sumatera-Tours/system/CodeIgniter.php(312): CodeIgniter\CodeIgniter->handleRequest()
#7 /media/egova/programming/Local Server/Pro-Travel-PAI-Sumatera-Tours/public/index.php(45): CodeIgniter\CodeIgniter->run()
#8 /media/egova/programming/Local Server/Pro-Travel-PAI-Sumatera-Tours/system/Commands/Server/rewrite.php(34): require_once('/media/egova/pr...')
#9 {main}
CRITICAL - 2020-08-04 21:45:17 --> Undefined property: stdClass::$regular_foto
#0 /media/egova/programming/Local Server/Pro-Travel-PAI-Sumatera-Tours/app/Views/index-frontend.php(267): CodeIgniter\Debug\Exceptions->errorHandler()
#1 /media/egova/programming/Local Server/Pro-Travel-PAI-Sumatera-Tours/system/View/View.php(246): include('/media/egova/pr...')
#2 /media/egova/programming/Local Server/Pro-Travel-PAI-Sumatera-Tours/system/Common.php(1119): CodeIgniter\View\View->render()
#3 /media/egova/programming/Local Server/Pro-Travel-PAI-Sumatera-Tours/app/Controllers/Home.php(24): view()
#4 /media/egova/programming/Local Server/Pro-Travel-PAI-Sumatera-Tours/system/CodeIgniter.php(918): App\Controllers\Home->index()
#5 /media/egova/programming/Local Server/Pro-Travel-PAI-Sumatera-Tours/system/CodeIgniter.php(404): CodeIgniter\CodeIgniter->runController()
#6 /media/egova/programming/Local Server/Pro-Travel-PAI-Sumatera-Tours/system/CodeIgniter.php(312): CodeIgniter\CodeIgniter->handleRequest()
#7 /media/egova/programming/Local Server/Pro-Travel-PAI-Sumatera-Tours/public/index.php(45): CodeIgniter\CodeIgniter->run()
#8 /media/egova/programming/Local Server/Pro-Travel-PAI-Sumatera-Tours/system/Commands/Server/rewrite.php(34): require_once('/media/egova/pr...')
#9 {main}
CRITICAL - 2020-08-04 21:46:50 --> Undefined property: stdClass::$regular_nama_paket
#0 /media/egova/programming/Local Server/Pro-Travel-PAI-Sumatera-Tours/app/Views/index-frontend.php(271): CodeIgniter\Debug\Exceptions->errorHandler()
#1 /media/egova/programming/Local Server/Pro-Travel-PAI-Sumatera-Tours/system/View/View.php(246): include('/media/egova/pr...')
#2 /media/egova/programming/Local Server/Pro-Travel-PAI-Sumatera-Tours/system/Common.php(1119): CodeIgniter\View\View->render()
#3 /media/egova/programming/Local Server/Pro-Travel-PAI-Sumatera-Tours/app/Controllers/Home.php(24): view()
#4 /media/egova/programming/Local Server/Pro-Travel-PAI-Sumatera-Tours/system/CodeIgniter.php(918): App\Controllers\Home->index()
#5 /media/egova/programming/Local Server/Pro-Travel-PAI-Sumatera-Tours/system/CodeIgniter.php(404): CodeIgniter\CodeIgniter->runController()
#6 /media/egova/programming/Local Server/Pro-Travel-PAI-Sumatera-Tours/system/CodeIgniter.php(312): CodeIgniter\CodeIgniter->handleRequest()
#7 /media/egova/programming/Local Server/Pro-Travel-PAI-Sumatera-Tours/public/index.php(45): CodeIgniter\CodeIgniter->run()
#8 /media/egova/programming/Local Server/Pro-Travel-PAI-Sumatera-Tours/system/Commands/Server/rewrite.php(34): require_once('/media/egova/pr...')
#9 {main}
CRITICAL - 2020-08-04 21:48:40 --> Undefined property: stdClass::$regular_nama_paket
#0 /media/egova/programming/Local Server/Pro-Travel-PAI-Sumatera-Tours/app/Views/index-frontend.php(269): CodeIgniter\Debug\Exceptions->errorHandler()
#1 /media/egova/programming/Local Server/Pro-Travel-PAI-Sumatera-Tours/system/View/View.php(246): include('/media/egova/pr...')
#2 /media/egova/programming/Local Server/Pro-Travel-PAI-Sumatera-Tours/system/Common.php(1119): CodeIgniter\View\View->render()
#3 /media/egova/programming/Local Server/Pro-Travel-PAI-Sumatera-Tours/app/Controllers/Home.php(24): view()
#4 /media/egova/programming/Local Server/Pro-Travel-PAI-Sumatera-Tours/system/CodeIgniter.php(918): App\Controllers\Home->index()
#5 /media/egova/programming/Local Server/Pro-Travel-PAI-Sumatera-Tours/system/CodeIgniter.php(404): CodeIgniter\CodeIgniter->runController()
#6 /media/egova/programming/Local Server/Pro-Travel-PAI-Sumatera-Tours/system/CodeIgniter.php(312): CodeIgniter\CodeIgniter->handleRequest()
#7 /media/egova/programming/Local Server/Pro-Travel-PAI-Sumatera-Tours/public/index.php(45): CodeIgniter\CodeIgniter->run()
#8 /media/egova/programming/Local Server/Pro-Travel-PAI-Sumatera-Tours/system/Commands/Server/rewrite.php(34): require_once('/media/egova/pr...')
#9 {main}
CRITICAL - 2020-08-04 21:56:27 --> Undefined property: stdClass::$relugar_paket_nama
#0 /media/egova/programming/Local Server/Pro-Travel-PAI-Sumatera-Tours/app/Views/index-frontend.php(269): CodeIgniter\Debug\Exceptions->errorHandler()
#1 /media/egova/programming/Local Server/Pro-Travel-PAI-Sumatera-Tours/system/View/View.php(246): include('/media/egova/pr...')
#2 /media/egova/programming/Local Server/Pro-Travel-PAI-Sumatera-Tours/system/Common.php(1119): CodeIgniter\View\View->render()
#3 /media/egova/programming/Local Server/Pro-Travel-PAI-Sumatera-Tours/app/Controllers/Home.php(24): view()
#4 /media/egova/programming/Local Server/Pro-Travel-PAI-Sumatera-Tours/system/CodeIgniter.php(918): App\Controllers\Home->index()
#5 /media/egova/programming/Local Server/Pro-Travel-PAI-Sumatera-Tours/system/CodeIgniter.php(404): CodeIgniter\CodeIgniter->runController()
#6 /media/egova/programming/Local Server/Pro-Travel-PAI-Sumatera-Tours/system/CodeIgniter.php(312): CodeIgniter\CodeIgniter->handleRequest()
#7 /media/egova/programming/Local Server/Pro-Travel-PAI-Sumatera-Tours/public/index.php(45): CodeIgniter\CodeIgniter->run()
#8 /media/egova/programming/Local Server/Pro-Travel-PAI-Sumatera-Tours/system/Commands/Server/rewrite.php(34): require_once('/media/egova/pr...')
#9 {main}
