CRITICAL - 2020-08-11 01:25:22 --> Undefined property: stdClass::$special_nama_mobil
#0 /media/egova/programming/Local Server/Pro-Travel-PAI-Sumatera-Tours/app/Views/index-frontend.php(23): CodeIgniter\Debug\Exceptions->errorHandler()
#1 /media/egova/programming/Local Server/Pro-Travel-PAI-Sumatera-Tours/system/View/View.php(246): include('/media/egova/pr...')
#2 /media/egova/programming/Local Server/Pro-Travel-PAI-Sumatera-Tours/system/Common.php(1119): CodeIgniter\View\View->render()
#3 /media/egova/programming/Local Server/Pro-Travel-PAI-Sumatera-Tours/app/Controllers/Home.php(42): view()
#4 /media/egova/programming/Local Server/Pro-Travel-PAI-Sumatera-Tours/system/CodeIgniter.php(918): App\Controllers\Home->index()
#5 /media/egova/programming/Local Server/Pro-Travel-PAI-Sumatera-Tours/system/CodeIgniter.php(404): CodeIgniter\CodeIgniter->runController()
#6 /media/egova/programming/Local Server/Pro-Travel-PAI-Sumatera-Tours/system/CodeIgniter.php(312): CodeIgniter\CodeIgniter->handleRequest()
#7 /media/egova/programming/Local Server/Pro-Travel-PAI-Sumatera-Tours/public/index.php(45): CodeIgniter\CodeIgniter->run()
#8 /media/egova/programming/Local Server/Pro-Travel-PAI-Sumatera-Tours/system/Commands/Server/rewrite.php(34): require_once('/media/egova/pr...')
#9 {main}
CRITICAL - 2020-08-11 01:28:43 --> Undefined property: stdClass::$rent_nama_mobil
#0 /media/egova/programming/Local Server/Pro-Travel-PAI-Sumatera-Tours/app/Views/index-frontend.php(25): CodeIgniter\Debug\Exceptions->errorHandler()
#1 /media/egova/programming/Local Server/Pro-Travel-PAI-Sumatera-Tours/system/View/View.php(246): include('/media/egova/pr...')
#2 /media/egova/programming/Local Server/Pro-Travel-PAI-Sumatera-Tours/system/Common.php(1119): CodeIgniter\View\View->render()
#3 /media/egova/programming/Local Server/Pro-Travel-PAI-Sumatera-Tours/app/Controllers/Home.php(42): view()
#4 /media/egova/programming/Local Server/Pro-Travel-PAI-Sumatera-Tours/system/CodeIgniter.php(918): App\Controllers\Home->index()
#5 /media/egova/programming/Local Server/Pro-Travel-PAI-Sumatera-Tours/system/CodeIgniter.php(404): CodeIgniter\CodeIgniter->runController()
#6 /media/egova/programming/Local Server/Pro-Travel-PAI-Sumatera-Tours/system/CodeIgniter.php(312): CodeIgniter\CodeIgniter->handleRequest()
#7 /media/egova/programming/Local Server/Pro-Travel-PAI-Sumatera-Tours/public/index.php(45): CodeIgniter\CodeIgniter->run()
#8 /media/egova/programming/Local Server/Pro-Travel-PAI-Sumatera-Tours/system/Commands/Server/rewrite.php(34): require_once('/media/egova/pr...')
#9 {main}
CRITICAL - 2020-08-11 02:19:18 --> Call to undefined method App\Models\NewsModel::getNews
#0 /media/egova/programming/Local Server/Pro-Travel-PAI-Sumatera-Tours/app/Controllers/News.php(73): CodeIgniter\Model->__call()
#1 /media/egova/programming/Local Server/Pro-Travel-PAI-Sumatera-Tours/system/CodeIgniter.php(918): App\Controllers\News->update()
#2 /media/egova/programming/Local Server/Pro-Travel-PAI-Sumatera-Tours/system/CodeIgniter.php(404): CodeIgniter\CodeIgniter->runController()
#3 /media/egova/programming/Local Server/Pro-Travel-PAI-Sumatera-Tours/system/CodeIgniter.php(312): CodeIgniter\CodeIgniter->handleRequest()
#4 /media/egova/programming/Local Server/Pro-Travel-PAI-Sumatera-Tours/public/index.php(45): CodeIgniter\CodeIgniter->run()
#5 /media/egova/programming/Local Server/Pro-Travel-PAI-Sumatera-Tours/system/Commands/Server/rewrite.php(34): require_once('/media/egova/pr...')
#6 {main}
CRITICAL - 2020-08-11 02:46:15 --> The original file is not a valid file.
#0 /media/egova/programming/Local Server/Pro-Travel-PAI-Sumatera-Tours/system/HTTP/Files/UploadedFile.php(172): CodeIgniter\HTTP\Exceptions\HTTPException::forInvalidFile()
#1 /media/egova/programming/Local Server/Pro-Travel-PAI-Sumatera-Tours/app/Controllers/Gallery.php(100): CodeIgniter\HTTP\Files\UploadedFile->move()
#2 /media/egova/programming/Local Server/Pro-Travel-PAI-Sumatera-Tours/system/CodeIgniter.php(918): App\Controllers\Gallery->store()
#3 /media/egova/programming/Local Server/Pro-Travel-PAI-Sumatera-Tours/system/CodeIgniter.php(404): CodeIgniter\CodeIgniter->runController()
#4 /media/egova/programming/Local Server/Pro-Travel-PAI-Sumatera-Tours/system/CodeIgniter.php(312): CodeIgniter\CodeIgniter->handleRequest()
#5 /media/egova/programming/Local Server/Pro-Travel-PAI-Sumatera-Tours/public/index.php(45): CodeIgniter\CodeIgniter->run()
#6 /media/egova/programming/Local Server/Pro-Travel-PAI-Sumatera-Tours/system/Commands/Server/rewrite.php(34): require_once('/media/egova/pr...')
#7 {main}
CRITICAL - 2020-08-11 02:47:47 --> The original file is not a valid file.
#0 /media/egova/programming/Local Server/Pro-Travel-PAI-Sumatera-Tours/system/HTTP/Files/UploadedFile.php(172): CodeIgniter\HTTP\Exceptions\HTTPException::forInvalidFile()
#1 /media/egova/programming/Local Server/Pro-Travel-PAI-Sumatera-Tours/app/Controllers/Gallery.php(100): CodeIgniter\HTTP\Files\UploadedFile->move()
#2 /media/egova/programming/Local Server/Pro-Travel-PAI-Sumatera-Tours/system/CodeIgniter.php(918): App\Controllers\Gallery->store()
#3 /media/egova/programming/Local Server/Pro-Travel-PAI-Sumatera-Tours/system/CodeIgniter.php(404): CodeIgniter\CodeIgniter->runController()
#4 /media/egova/programming/Local Server/Pro-Travel-PAI-Sumatera-Tours/system/CodeIgniter.php(312): CodeIgniter\CodeIgniter->handleRequest()
#5 /media/egova/programming/Local Server/Pro-Travel-PAI-Sumatera-Tours/public/index.php(45): CodeIgniter\CodeIgniter->run()
#6 /media/egova/programming/Local Server/Pro-Travel-PAI-Sumatera-Tours/system/Commands/Server/rewrite.php(34): require_once('/media/egova/pr...')
#7 {main}
CRITICAL - 2020-08-11 03:06:32 --> The original file is not a valid file.
#0 /media/egova/programming/Local Server/Pro-Travel-PAI-Sumatera-Tours/system/HTTP/Files/UploadedFile.php(172): CodeIgniter\HTTP\Exceptions\HTTPException::forInvalidFile()
#1 /media/egova/programming/Local Server/Pro-Travel-PAI-Sumatera-Tours/app/Controllers/Trip.php(102): CodeIgniter\HTTP\Files\UploadedFile->move()
#2 /media/egova/programming/Local Server/Pro-Travel-PAI-Sumatera-Tours/system/CodeIgniter.php(918): App\Controllers\Trip->store()
#3 /media/egova/programming/Local Server/Pro-Travel-PAI-Sumatera-Tours/system/CodeIgniter.php(404): CodeIgniter\CodeIgniter->runController()
#4 /media/egova/programming/Local Server/Pro-Travel-PAI-Sumatera-Tours/system/CodeIgniter.php(312): CodeIgniter\CodeIgniter->handleRequest()
#5 /media/egova/programming/Local Server/Pro-Travel-PAI-Sumatera-Tours/public/index.php(45): CodeIgniter\CodeIgniter->run()
#6 /media/egova/programming/Local Server/Pro-Travel-PAI-Sumatera-Tours/system/Commands/Server/rewrite.php(34): require_once('/media/egova/pr...')
#7 {main}
CRITICAL - 2020-08-11 08:54:08 --> Trying to get property 'rent_foto' of non-object
#0 /media/egova/programming/Local Server/Pro-Travel-PAI-Sumatera-Tours/app/Views/layout-frontend/pages/detailRental.php(23): CodeIgniter\Debug\Exceptions->errorHandler()
#1 /media/egova/programming/Local Server/Pro-Travel-PAI-Sumatera-Tours/system/View/View.php(246): include('/media/egova/pr...')
#2 /media/egova/programming/Local Server/Pro-Travel-PAI-Sumatera-Tours/system/Common.php(1119): CodeIgniter\View\View->render()
#3 /media/egova/programming/Local Server/Pro-Travel-PAI-Sumatera-Tours/app/Controllers/Home.php(96): view()
#4 /media/egova/programming/Local Server/Pro-Travel-PAI-Sumatera-Tours/system/CodeIgniter.php(918): App\Controllers\Home->rental()
#5 /media/egova/programming/Local Server/Pro-Travel-PAI-Sumatera-Tours/system/CodeIgniter.php(404): CodeIgniter\CodeIgniter->runController()
#6 /media/egova/programming/Local Server/Pro-Travel-PAI-Sumatera-Tours/system/CodeIgniter.php(312): CodeIgniter\CodeIgniter->handleRequest()
#7 /media/egova/programming/Local Server/Pro-Travel-PAI-Sumatera-Tours/public/index.php(45): CodeIgniter\CodeIgniter->run()
#8 /media/egova/programming/Local Server/Pro-Travel-PAI-Sumatera-Tours/system/Commands/Server/rewrite.php(34): require_once('/media/egova/pr...')
#9 {main}
CRITICAL - 2020-08-11 08:54:30 --> Trying to get property 'rent_foto' of non-object
#0 /media/egova/programming/Local Server/Pro-Travel-PAI-Sumatera-Tours/app/Views/layout-frontend/pages/detailRental.php(22): CodeIgniter\Debug\Exceptions->errorHandler()
#1 /media/egova/programming/Local Server/Pro-Travel-PAI-Sumatera-Tours/system/View/View.php(246): include('/media/egova/pr...')
#2 /media/egova/programming/Local Server/Pro-Travel-PAI-Sumatera-Tours/system/Common.php(1119): CodeIgniter\View\View->render()
#3 /media/egova/programming/Local Server/Pro-Travel-PAI-Sumatera-Tours/app/Controllers/Home.php(96): view()
#4 /media/egova/programming/Local Server/Pro-Travel-PAI-Sumatera-Tours/system/CodeIgniter.php(918): App\Controllers\Home->rental()
#5 /media/egova/programming/Local Server/Pro-Travel-PAI-Sumatera-Tours/system/CodeIgniter.php(404): CodeIgniter\CodeIgniter->runController()
#6 /media/egova/programming/Local Server/Pro-Travel-PAI-Sumatera-Tours/system/CodeIgniter.php(312): CodeIgniter\CodeIgniter->handleRequest()
#7 /media/egova/programming/Local Server/Pro-Travel-PAI-Sumatera-Tours/public/index.php(45): CodeIgniter\CodeIgniter->run()
#8 /media/egova/programming/Local Server/Pro-Travel-PAI-Sumatera-Tours/system/Commands/Server/rewrite.php(34): require_once('/media/egova/pr...')
#9 {main}
CRITICAL - 2020-08-11 20:21:42 --> Trying to get property 'rent_foto' of non-object
#0 /media/egova/programming/Local Server/Pro-Travel-PAI-Sumatera-Tours/app/Views/layout-frontend/pages/detailRegular.php(20): CodeIgniter\Debug\Exceptions->errorHandler()
#1 /media/egova/programming/Local Server/Pro-Travel-PAI-Sumatera-Tours/system/View/View.php(246): include('/media/egova/pr...')
#2 /media/egova/programming/Local Server/Pro-Travel-PAI-Sumatera-Tours/system/Common.php(1119): CodeIgniter\View\View->render()
#3 /media/egova/programming/Local Server/Pro-Travel-PAI-Sumatera-Tours/app/Controllers/Home.php(82): view()
#4 /media/egova/programming/Local Server/Pro-Travel-PAI-Sumatera-Tours/system/CodeIgniter.php(918): App\Controllers\Home->regular()
#5 /media/egova/programming/Local Server/Pro-Travel-PAI-Sumatera-Tours/system/CodeIgniter.php(404): CodeIgniter\CodeIgniter->runController()
#6 /media/egova/programming/Local Server/Pro-Travel-PAI-Sumatera-Tours/system/CodeIgniter.php(312): CodeIgniter\CodeIgniter->handleRequest()
#7 /media/egova/programming/Local Server/Pro-Travel-PAI-Sumatera-Tours/public/index.php(45): CodeIgniter\CodeIgniter->run()
#8 /media/egova/programming/Local Server/Pro-Travel-PAI-Sumatera-Tours/system/Commands/Server/rewrite.php(34): require_once('/media/egova/pr...')
#9 {main}
CRITICAL - 2020-08-11 20:22:42 --> Undefined property: stdClass::$regular_foto
#0 /media/egova/programming/Local Server/Pro-Travel-PAI-Sumatera-Tours/app/Views/layout-frontend/pages/detailRegular.php(20): CodeIgniter\Debug\Exceptions->errorHandler()
#1 /media/egova/programming/Local Server/Pro-Travel-PAI-Sumatera-Tours/system/View/View.php(246): include('/media/egova/pr...')
#2 /media/egova/programming/Local Server/Pro-Travel-PAI-Sumatera-Tours/system/Common.php(1119): CodeIgniter\View\View->render()
#3 /media/egova/programming/Local Server/Pro-Travel-PAI-Sumatera-Tours/app/Controllers/Home.php(82): view()
#4 /media/egova/programming/Local Server/Pro-Travel-PAI-Sumatera-Tours/system/CodeIgniter.php(918): App\Controllers\Home->regular()
#5 /media/egova/programming/Local Server/Pro-Travel-PAI-Sumatera-Tours/system/CodeIgniter.php(404): CodeIgniter\CodeIgniter->runController()
#6 /media/egova/programming/Local Server/Pro-Travel-PAI-Sumatera-Tours/system/CodeIgniter.php(312): CodeIgniter\CodeIgniter->handleRequest()
#7 /media/egova/programming/Local Server/Pro-Travel-PAI-Sumatera-Tours/public/index.php(45): CodeIgniter\CodeIgniter->run()
#8 /media/egova/programming/Local Server/Pro-Travel-PAI-Sumatera-Tours/system/Commands/Server/rewrite.php(34): require_once('/media/egova/pr...')
#9 {main}
CRITICAL - 2020-08-11 20:29:12 --> Undefined variable: row
#0 /media/egova/programming/Local Server/Pro-Travel-PAI-Sumatera-Tours/app/Views/layout-frontend/pages/detailRegular.php(40): CodeIgniter\Debug\Exceptions->errorHandler()
#1 /media/egova/programming/Local Server/Pro-Travel-PAI-Sumatera-Tours/system/View/View.php(246): include('/media/egova/pr...')
#2 /media/egova/programming/Local Server/Pro-Travel-PAI-Sumatera-Tours/system/Common.php(1119): CodeIgniter\View\View->render()
#3 /media/egova/programming/Local Server/Pro-Travel-PAI-Sumatera-Tours/app/Controllers/Home.php(82): view()
#4 /media/egova/programming/Local Server/Pro-Travel-PAI-Sumatera-Tours/system/CodeIgniter.php(918): App\Controllers\Home->regular()
#5 /media/egova/programming/Local Server/Pro-Travel-PAI-Sumatera-Tours/system/CodeIgniter.php(404): CodeIgniter\CodeIgniter->runController()
#6 /media/egova/programming/Local Server/Pro-Travel-PAI-Sumatera-Tours/system/CodeIgniter.php(312): CodeIgniter\CodeIgniter->handleRequest()
#7 /media/egova/programming/Local Server/Pro-Travel-PAI-Sumatera-Tours/public/index.php(45): CodeIgniter\CodeIgniter->run()
#8 /media/egova/programming/Local Server/Pro-Travel-PAI-Sumatera-Tours/system/Commands/Server/rewrite.php(34): require_once('/media/egova/pr...')
#9 {main}
CRITICAL - 2020-08-11 20:30:11 --> Undefined variable: row
#0 /media/egova/programming/Local Server/Pro-Travel-PAI-Sumatera-Tours/app/Views/layout-frontend/pages/detailRegular.php(40): CodeIgniter\Debug\Exceptions->errorHandler()
#1 /media/egova/programming/Local Server/Pro-Travel-PAI-Sumatera-Tours/system/View/View.php(246): include('/media/egova/pr...')
#2 /media/egova/programming/Local Server/Pro-Travel-PAI-Sumatera-Tours/system/Common.php(1119): CodeIgniter\View\View->render()
#3 /media/egova/programming/Local Server/Pro-Travel-PAI-Sumatera-Tours/app/Controllers/Home.php(82): view()
#4 /media/egova/programming/Local Server/Pro-Travel-PAI-Sumatera-Tours/system/CodeIgniter.php(918): App\Controllers\Home->regular()
#5 /media/egova/programming/Local Server/Pro-Travel-PAI-Sumatera-Tours/system/CodeIgniter.php(404): CodeIgniter\CodeIgniter->runController()
#6 /media/egova/programming/Local Server/Pro-Travel-PAI-Sumatera-Tours/system/CodeIgniter.php(312): CodeIgniter\CodeIgniter->handleRequest()
#7 /media/egova/programming/Local Server/Pro-Travel-PAI-Sumatera-Tours/public/index.php(45): CodeIgniter\CodeIgniter->run()
#8 /media/egova/programming/Local Server/Pro-Travel-PAI-Sumatera-Tours/system/Commands/Server/rewrite.php(34): require_once('/media/egova/pr...')
#9 {main}
CRITICAL - 2020-08-11 20:36:07 --> Undefined property: CodeIgniter\View\View::$db
#0 /media/egova/programming/Local Server/Pro-Travel-PAI-Sumatera-Tours/app/Views/layout-frontend/pages/detailRegular.php(44): CodeIgniter\Debug\Exceptions->errorHandler()
#1 /media/egova/programming/Local Server/Pro-Travel-PAI-Sumatera-Tours/system/View/View.php(246): include('/media/egova/pr...')
#2 /media/egova/programming/Local Server/Pro-Travel-PAI-Sumatera-Tours/system/Common.php(1119): CodeIgniter\View\View->render()
#3 /media/egova/programming/Local Server/Pro-Travel-PAI-Sumatera-Tours/app/Controllers/Home.php(82): view()
#4 /media/egova/programming/Local Server/Pro-Travel-PAI-Sumatera-Tours/system/CodeIgniter.php(918): App\Controllers\Home->regular()
#5 /media/egova/programming/Local Server/Pro-Travel-PAI-Sumatera-Tours/system/CodeIgniter.php(404): CodeIgniter\CodeIgniter->runController()
#6 /media/egova/programming/Local Server/Pro-Travel-PAI-Sumatera-Tours/system/CodeIgniter.php(312): CodeIgniter\CodeIgniter->handleRequest()
#7 /media/egova/programming/Local Server/Pro-Travel-PAI-Sumatera-Tours/public/index.php(45): CodeIgniter\CodeIgniter->run()
#8 /media/egova/programming/Local Server/Pro-Travel-PAI-Sumatera-Tours/system/Commands/Server/rewrite.php(34): require_once('/media/egova/pr...')
#9 {main}
CRITICAL - 2020-08-11 20:44:36 --> Array to string conversion
#0 /media/egova/programming/Local Server/Pro-Travel-PAI-Sumatera-Tours/app/Views/layout-frontend/pages/detailRegular.php(43): CodeIgniter\Debug\Exceptions->errorHandler()
#1 /media/egova/programming/Local Server/Pro-Travel-PAI-Sumatera-Tours/system/View/View.php(246): include('/media/egova/pr...')
#2 /media/egova/programming/Local Server/Pro-Travel-PAI-Sumatera-Tours/system/Common.php(1119): CodeIgniter\View\View->render()
#3 /media/egova/programming/Local Server/Pro-Travel-PAI-Sumatera-Tours/app/Controllers/Home.php(82): view()
#4 /media/egova/programming/Local Server/Pro-Travel-PAI-Sumatera-Tours/system/CodeIgniter.php(918): App\Controllers\Home->regular()
#5 /media/egova/programming/Local Server/Pro-Travel-PAI-Sumatera-Tours/system/CodeIgniter.php(404): CodeIgniter\CodeIgniter->runController()
#6 /media/egova/programming/Local Server/Pro-Travel-PAI-Sumatera-Tours/system/CodeIgniter.php(312): CodeIgniter\CodeIgniter->handleRequest()
#7 /media/egova/programming/Local Server/Pro-Travel-PAI-Sumatera-Tours/public/index.php(45): CodeIgniter\CodeIgniter->run()
#8 /media/egova/programming/Local Server/Pro-Travel-PAI-Sumatera-Tours/system/Commands/Server/rewrite.php(34): require_once('/media/egova/pr...')
#9 {main}
CRITICAL - 2020-08-11 20:53:54 --> Undefined property: CodeIgniter\View\View::$db
#0 /media/egova/programming/Local Server/Pro-Travel-PAI-Sumatera-Tours/app/Views/layout-frontend/pages/detailRegular.php(45): CodeIgniter\Debug\Exceptions->errorHandler()
#1 /media/egova/programming/Local Server/Pro-Travel-PAI-Sumatera-Tours/system/View/View.php(246): include('/media/egova/pr...')
#2 /media/egova/programming/Local Server/Pro-Travel-PAI-Sumatera-Tours/system/Common.php(1119): CodeIgniter\View\View->render()
#3 /media/egova/programming/Local Server/Pro-Travel-PAI-Sumatera-Tours/app/Controllers/Home.php(82): view()
#4 /media/egova/programming/Local Server/Pro-Travel-PAI-Sumatera-Tours/system/CodeIgniter.php(918): App\Controllers\Home->regular()
#5 /media/egova/programming/Local Server/Pro-Travel-PAI-Sumatera-Tours/system/CodeIgniter.php(404): CodeIgniter\CodeIgniter->runController()
#6 /media/egova/programming/Local Server/Pro-Travel-PAI-Sumatera-Tours/system/CodeIgniter.php(312): CodeIgniter\CodeIgniter->handleRequest()
#7 /media/egova/programming/Local Server/Pro-Travel-PAI-Sumatera-Tours/public/index.php(45): CodeIgniter\CodeIgniter->run()
#8 /media/egova/programming/Local Server/Pro-Travel-PAI-Sumatera-Tours/system/Commands/Server/rewrite.php(34): require_once('/media/egova/pr...')
#9 {main}
CRITICAL - 2020-08-11 20:54:25 --> Undefined property: CodeIgniter\View\View::$db
#0 /media/egova/programming/Local Server/Pro-Travel-PAI-Sumatera-Tours/app/Views/layout-frontend/pages/detailRegular.php(45): CodeIgniter\Debug\Exceptions->errorHandler()
#1 /media/egova/programming/Local Server/Pro-Travel-PAI-Sumatera-Tours/system/View/View.php(246): include('/media/egova/pr...')
#2 /media/egova/programming/Local Server/Pro-Travel-PAI-Sumatera-Tours/system/Common.php(1119): CodeIgniter\View\View->render()
#3 /media/egova/programming/Local Server/Pro-Travel-PAI-Sumatera-Tours/app/Controllers/Home.php(82): view()
#4 /media/egova/programming/Local Server/Pro-Travel-PAI-Sumatera-Tours/system/CodeIgniter.php(918): App\Controllers\Home->regular()
#5 /media/egova/programming/Local Server/Pro-Travel-PAI-Sumatera-Tours/system/CodeIgniter.php(404): CodeIgniter\CodeIgniter->runController()
#6 /media/egova/programming/Local Server/Pro-Travel-PAI-Sumatera-Tours/system/CodeIgniter.php(312): CodeIgniter\CodeIgniter->handleRequest()
#7 /media/egova/programming/Local Server/Pro-Travel-PAI-Sumatera-Tours/public/index.php(45): CodeIgniter\CodeIgniter->run()
#8 /media/egova/programming/Local Server/Pro-Travel-PAI-Sumatera-Tours/system/Commands/Server/rewrite.php(34): require_once('/media/egova/pr...')
#9 {main}
CRITICAL - 2020-08-11 20:54:40 --> Undefined property: CodeIgniter\View\View::$db
#0 /media/egova/programming/Local Server/Pro-Travel-PAI-Sumatera-Tours/app/Views/layout-frontend/pages/detailRegular.php(45): CodeIgniter\Debug\Exceptions->errorHandler()
#1 /media/egova/programming/Local Server/Pro-Travel-PAI-Sumatera-Tours/system/View/View.php(246): include('/media/egova/pr...')
#2 /media/egova/programming/Local Server/Pro-Travel-PAI-Sumatera-Tours/system/Common.php(1119): CodeIgniter\View\View->render()
#3 /media/egova/programming/Local Server/Pro-Travel-PAI-Sumatera-Tours/app/Controllers/Home.php(82): view()
#4 /media/egova/programming/Local Server/Pro-Travel-PAI-Sumatera-Tours/system/CodeIgniter.php(918): App\Controllers\Home->regular()
#5 /media/egova/programming/Local Server/Pro-Travel-PAI-Sumatera-Tours/system/CodeIgniter.php(404): CodeIgniter\CodeIgniter->runController()
#6 /media/egova/programming/Local Server/Pro-Travel-PAI-Sumatera-Tours/system/CodeIgniter.php(312): CodeIgniter\CodeIgniter->handleRequest()
#7 /media/egova/programming/Local Server/Pro-Travel-PAI-Sumatera-Tours/public/index.php(45): CodeIgniter\CodeIgniter->run()
#8 /media/egova/programming/Local Server/Pro-Travel-PAI-Sumatera-Tours/system/Commands/Server/rewrite.php(34): require_once('/media/egova/pr...')
#9 {main}
CRITICAL - 2020-08-11 20:55:28 --> Undefined property: CodeIgniter\View\View::$db
#0 /media/egova/programming/Local Server/Pro-Travel-PAI-Sumatera-Tours/app/Views/layout-frontend/pages/detailRegular.php(45): CodeIgniter\Debug\Exceptions->errorHandler()
#1 /media/egova/programming/Local Server/Pro-Travel-PAI-Sumatera-Tours/system/View/View.php(246): include('/media/egova/pr...')
#2 /media/egova/programming/Local Server/Pro-Travel-PAI-Sumatera-Tours/system/Common.php(1119): CodeIgniter\View\View->render()
#3 /media/egova/programming/Local Server/Pro-Travel-PAI-Sumatera-Tours/app/Controllers/Home.php(82): view()
#4 /media/egova/programming/Local Server/Pro-Travel-PAI-Sumatera-Tours/system/CodeIgniter.php(918): App\Controllers\Home->regular()
#5 /media/egova/programming/Local Server/Pro-Travel-PAI-Sumatera-Tours/system/CodeIgniter.php(404): CodeIgniter\CodeIgniter->runController()
#6 /media/egova/programming/Local Server/Pro-Travel-PAI-Sumatera-Tours/system/CodeIgniter.php(312): CodeIgniter\CodeIgniter->handleRequest()
#7 /media/egova/programming/Local Server/Pro-Travel-PAI-Sumatera-Tours/public/index.php(45): CodeIgniter\CodeIgniter->run()
#8 /media/egova/programming/Local Server/Pro-Travel-PAI-Sumatera-Tours/system/Commands/Server/rewrite.php(34): require_once('/media/egova/pr...')
#9 {main}
CRITICAL - 2020-08-11 20:55:58 --> Undefined property: CodeIgniter\View\View::$load
#0 /media/egova/programming/Local Server/Pro-Travel-PAI-Sumatera-Tours/app/Views/layout-frontend/pages/detailRegular.php(45): CodeIgniter\Debug\Exceptions->errorHandler()
#1 /media/egova/programming/Local Server/Pro-Travel-PAI-Sumatera-Tours/system/View/View.php(246): include('/media/egova/pr...')
#2 /media/egova/programming/Local Server/Pro-Travel-PAI-Sumatera-Tours/system/Common.php(1119): CodeIgniter\View\View->render()
#3 /media/egova/programming/Local Server/Pro-Travel-PAI-Sumatera-Tours/app/Controllers/Home.php(82): view()
#4 /media/egova/programming/Local Server/Pro-Travel-PAI-Sumatera-Tours/system/CodeIgniter.php(918): App\Controllers\Home->regular()
#5 /media/egova/programming/Local Server/Pro-Travel-PAI-Sumatera-Tours/system/CodeIgniter.php(404): CodeIgniter\CodeIgniter->runController()
#6 /media/egova/programming/Local Server/Pro-Travel-PAI-Sumatera-Tours/system/CodeIgniter.php(312): CodeIgniter\CodeIgniter->handleRequest()
#7 /media/egova/programming/Local Server/Pro-Travel-PAI-Sumatera-Tours/public/index.php(45): CodeIgniter\CodeIgniter->run()
#8 /media/egova/programming/Local Server/Pro-Travel-PAI-Sumatera-Tours/system/Commands/Server/rewrite.php(34): require_once('/media/egova/pr...')
#9 {main}
CRITICAL - 2020-08-11 21:01:26 --> Call to undefined method CodeIgniter\View\View::query()
#0 /media/egova/programming/Local Server/Pro-Travel-PAI-Sumatera-Tours/system/View/View.php(246): include()
#1 /media/egova/programming/Local Server/Pro-Travel-PAI-Sumatera-Tours/system/Common.php(1119): CodeIgniter\View\View->render()
#2 /media/egova/programming/Local Server/Pro-Travel-PAI-Sumatera-Tours/app/Controllers/Home.php(82): view()
#3 /media/egova/programming/Local Server/Pro-Travel-PAI-Sumatera-Tours/system/CodeIgniter.php(918): App\Controllers\Home->regular()
#4 /media/egova/programming/Local Server/Pro-Travel-PAI-Sumatera-Tours/system/CodeIgniter.php(404): CodeIgniter\CodeIgniter->runController()
#5 /media/egova/programming/Local Server/Pro-Travel-PAI-Sumatera-Tours/system/CodeIgniter.php(312): CodeIgniter\CodeIgniter->handleRequest()
#6 /media/egova/programming/Local Server/Pro-Travel-PAI-Sumatera-Tours/public/index.php(45): CodeIgniter\CodeIgniter->run()
#7 /media/egova/programming/Local Server/Pro-Travel-PAI-Sumatera-Tours/system/Commands/Server/rewrite.php(34): require_once('/media/egova/pr...')
#8 {main}
CRITICAL - 2020-08-11 21:02:54 --> Undefined variable: trip
#0 /media/egova/programming/Local Server/Pro-Travel-PAI-Sumatera-Tours/app/Views/layout-frontend/pages/detailRegular.php(41): CodeIgniter\Debug\Exceptions->errorHandler()
#1 /media/egova/programming/Local Server/Pro-Travel-PAI-Sumatera-Tours/system/View/View.php(246): include('/media/egova/pr...')
#2 /media/egova/programming/Local Server/Pro-Travel-PAI-Sumatera-Tours/system/Common.php(1119): CodeIgniter\View\View->render()
#3 /media/egova/programming/Local Server/Pro-Travel-PAI-Sumatera-Tours/app/Controllers/Home.php(82): view()
#4 /media/egova/programming/Local Server/Pro-Travel-PAI-Sumatera-Tours/system/CodeIgniter.php(918): App\Controllers\Home->regular()
#5 /media/egova/programming/Local Server/Pro-Travel-PAI-Sumatera-Tours/system/CodeIgniter.php(404): CodeIgniter\CodeIgniter->runController()
#6 /media/egova/programming/Local Server/Pro-Travel-PAI-Sumatera-Tours/system/CodeIgniter.php(312): CodeIgniter\CodeIgniter->handleRequest()
#7 /media/egova/programming/Local Server/Pro-Travel-PAI-Sumatera-Tours/public/index.php(45): CodeIgniter\CodeIgniter->run()
#8 /media/egova/programming/Local Server/Pro-Travel-PAI-Sumatera-Tours/system/Commands/Server/rewrite.php(34): require_once('/media/egova/pr...')
#9 {main}
CRITICAL - 2020-08-11 21:09:44 --> Trying to get property 'relugar_foto' of non-object
#0 /media/egova/programming/Local Server/Pro-Travel-PAI-Sumatera-Tours/app/Views/layout-frontend/pages/detailRegular.php(20): CodeIgniter\Debug\Exceptions->errorHandler()
#1 /media/egova/programming/Local Server/Pro-Travel-PAI-Sumatera-Tours/system/View/View.php(246): include('/media/egova/pr...')
#2 /media/egova/programming/Local Server/Pro-Travel-PAI-Sumatera-Tours/system/Common.php(1119): CodeIgniter\View\View->render()
#3 /media/egova/programming/Local Server/Pro-Travel-PAI-Sumatera-Tours/app/Controllers/Home.php(82): view()
#4 /media/egova/programming/Local Server/Pro-Travel-PAI-Sumatera-Tours/system/CodeIgniter.php(918): App\Controllers\Home->regular()
#5 /media/egova/programming/Local Server/Pro-Travel-PAI-Sumatera-Tours/system/CodeIgniter.php(404): CodeIgniter\CodeIgniter->runController()
#6 /media/egova/programming/Local Server/Pro-Travel-PAI-Sumatera-Tours/system/CodeIgniter.php(312): CodeIgniter\CodeIgniter->handleRequest()
#7 /media/egova/programming/Local Server/Pro-Travel-PAI-Sumatera-Tours/public/index.php(45): CodeIgniter\CodeIgniter->run()
#8 /media/egova/programming/Local Server/Pro-Travel-PAI-Sumatera-Tours/system/Commands/Server/rewrite.php(34): require_once('/media/egova/pr...')
#9 {main}
CRITICAL - 2020-08-11 21:53:24 --> Undefined property: App\Controllers\Home::$Trip
#0 /media/egova/programming/Local Server/Pro-Travel-PAI-Sumatera-Tours/app/Controllers/Home.php(84): CodeIgniter\Debug\Exceptions->errorHandler()
#1 /media/egova/programming/Local Server/Pro-Travel-PAI-Sumatera-Tours/system/CodeIgniter.php(918): App\Controllers\Home->regular()
#2 /media/egova/programming/Local Server/Pro-Travel-PAI-Sumatera-Tours/system/CodeIgniter.php(404): CodeIgniter\CodeIgniter->runController()
#3 /media/egova/programming/Local Server/Pro-Travel-PAI-Sumatera-Tours/system/CodeIgniter.php(312): CodeIgniter\CodeIgniter->handleRequest()
#4 /media/egova/programming/Local Server/Pro-Travel-PAI-Sumatera-Tours/public/index.php(45): CodeIgniter\CodeIgniter->run()
#5 /media/egova/programming/Local Server/Pro-Travel-PAI-Sumatera-Tours/system/Commands/Server/rewrite.php(34): require_once('/media/egova/pr...')
#6 {main}
