CRITICAL - 2020-08-14 00:05:14 --> Trying to get property 'cara_order' of non-object
#0 /media/egova/programming/htdocs/Pro-Profil-Dist-Rak/app/Views/layout-backend/pages/cara/v_update.php(42): CodeIgniter\Debug\Exceptions->errorHandler()
#1 /media/egova/programming/htdocs/Pro-Profil-Dist-Rak/system/View/View.php(246): include('/media/egova/pr...')
#2 /media/egova/programming/htdocs/Pro-Profil-Dist-Rak/system/Common.php(1119): CodeIgniter\View\View->render()
#3 /media/egova/programming/htdocs/Pro-Profil-Dist-Rak/app/Views/index-backend.php(5): view()
#4 /media/egova/programming/htdocs/Pro-Profil-Dist-Rak/system/View/View.php(246): include('/media/egova/pr...')
#5 /media/egova/programming/htdocs/Pro-Profil-Dist-Rak/system/Common.php(1119): CodeIgniter\View\View->render()
#6 /media/egova/programming/htdocs/Pro-Profil-Dist-Rak/app/Controllers/Cara.php(58): view()
#7 /media/egova/programming/htdocs/Pro-Profil-Dist-Rak/system/CodeIgniter.php(918): App\Controllers\Cara->update()
#8 /media/egova/programming/htdocs/Pro-Profil-Dist-Rak/system/CodeIgniter.php(404): CodeIgniter\CodeIgniter->runController()
#9 /media/egova/programming/htdocs/Pro-Profil-Dist-Rak/system/CodeIgniter.php(312): CodeIgniter\CodeIgniter->handleRequest()
#10 /media/egova/programming/htdocs/Pro-Profil-Dist-Rak/public/index.php(45): CodeIgniter\CodeIgniter->run()
#11 /media/egova/programming/htdocs/Pro-Profil-Dist-Rak/system/Commands/Server/rewrite.php(34): require_once('/media/egova/pr...')
#12 {main}
CRITICAL - 2020-08-14 00:06:11 --> Trying to get property 'profil_nama' of non-object
#0 /media/egova/programming/htdocs/Pro-Profil-Dist-Rak/app/Views/layout-frontend/_partials/head.php(8): CodeIgniter\Debug\Exceptions->errorHandler()
#1 /media/egova/programming/htdocs/Pro-Profil-Dist-Rak/system/View/View.php(246): include('/media/egova/pr...')
#2 /media/egova/programming/htdocs/Pro-Profil-Dist-Rak/system/Common.php(1119): CodeIgniter\View\View->render()
#3 /media/egova/programming/htdocs/Pro-Profil-Dist-Rak/app/Views/index-frontend.php(1): view()
#4 /media/egova/programming/htdocs/Pro-Profil-Dist-Rak/system/View/View.php(246): include('/media/egova/pr...')
#5 /media/egova/programming/htdocs/Pro-Profil-Dist-Rak/system/Common.php(1119): CodeIgniter\View\View->render()
#6 /media/egova/programming/htdocs/Pro-Profil-Dist-Rak/app/Controllers/Home.php(43): view()
#7 /media/egova/programming/htdocs/Pro-Profil-Dist-Rak/system/CodeIgniter.php(918): App\Controllers\Home->index()
#8 /media/egova/programming/htdocs/Pro-Profil-Dist-Rak/system/CodeIgniter.php(404): CodeIgniter\CodeIgniter->runController()
#9 /media/egova/programming/htdocs/Pro-Profil-Dist-Rak/system/CodeIgniter.php(312): CodeIgniter\CodeIgniter->handleRequest()
#10 /media/egova/programming/htdocs/Pro-Profil-Dist-Rak/public/index.php(45): CodeIgniter\CodeIgniter->run()
#11 /media/egova/programming/htdocs/Pro-Profil-Dist-Rak/system/Commands/Server/rewrite.php(34): require_once('/media/egova/pr...')
#12 {main}
CRITICAL - 2020-08-14 00:06:13 --> Trying to get property 'profil_nama' of non-object
#0 /media/egova/programming/htdocs/Pro-Profil-Dist-Rak/app/Views/layout-backend/pages/profil/v_index.php(43): CodeIgniter\Debug\Exceptions->errorHandler()
#1 /media/egova/programming/htdocs/Pro-Profil-Dist-Rak/system/View/View.php(246): include('/media/egova/pr...')
#2 /media/egova/programming/htdocs/Pro-Profil-Dist-Rak/system/Common.php(1119): CodeIgniter\View\View->render()
#3 /media/egova/programming/htdocs/Pro-Profil-Dist-Rak/app/Views/index-backend.php(5): view()
#4 /media/egova/programming/htdocs/Pro-Profil-Dist-Rak/system/View/View.php(246): include('/media/egova/pr...')
#5 /media/egova/programming/htdocs/Pro-Profil-Dist-Rak/system/Common.php(1119): CodeIgniter\View\View->render()
#6 /media/egova/programming/htdocs/Pro-Profil-Dist-Rak/app/Controllers/Profil.php(27): view()
#7 /media/egova/programming/htdocs/Pro-Profil-Dist-Rak/system/CodeIgniter.php(918): App\Controllers\Profil->index()
#8 /media/egova/programming/htdocs/Pro-Profil-Dist-Rak/system/CodeIgniter.php(404): CodeIgniter\CodeIgniter->runController()
#9 /media/egova/programming/htdocs/Pro-Profil-Dist-Rak/system/CodeIgniter.php(312): CodeIgniter\CodeIgniter->handleRequest()
#10 /media/egova/programming/htdocs/Pro-Profil-Dist-Rak/public/index.php(45): CodeIgniter\CodeIgniter->run()
#11 /media/egova/programming/htdocs/Pro-Profil-Dist-Rak/system/Commands/Server/rewrite.php(34): require_once('/media/egova/pr...')
#12 {main}
CRITICAL - 2020-08-14 00:44:59 --> Trying to get property 'contact_no_wa' of non-object
#0 /media/egova/programming/htdocs/Pro-Profil-Dist-Rak/app/Views/layout-frontend/pages/home.php(30): CodeIgniter\Debug\Exceptions->errorHandler()
#1 /media/egova/programming/htdocs/Pro-Profil-Dist-Rak/system/View/View.php(246): include('/media/egova/pr...')
#2 /media/egova/programming/htdocs/Pro-Profil-Dist-Rak/system/Common.php(1119): CodeIgniter\View\View->render()
#3 /media/egova/programming/htdocs/Pro-Profil-Dist-Rak/app/Views/index-frontend.php(9): view()
#4 /media/egova/programming/htdocs/Pro-Profil-Dist-Rak/system/View/View.php(246): include('/media/egova/pr...')
#5 /media/egova/programming/htdocs/Pro-Profil-Dist-Rak/system/Common.php(1119): CodeIgniter\View\View->render()
#6 /media/egova/programming/htdocs/Pro-Profil-Dist-Rak/app/Controllers/Home.php(43): view()
#7 /media/egova/programming/htdocs/Pro-Profil-Dist-Rak/system/CodeIgniter.php(918): App\Controllers\Home->index()
#8 /media/egova/programming/htdocs/Pro-Profil-Dist-Rak/system/CodeIgniter.php(404): CodeIgniter\CodeIgniter->runController()
#9 /media/egova/programming/htdocs/Pro-Profil-Dist-Rak/system/CodeIgniter.php(312): CodeIgniter\CodeIgniter->handleRequest()
#10 /media/egova/programming/htdocs/Pro-Profil-Dist-Rak/public/index.php(45): CodeIgniter\CodeIgniter->run()
#11 /media/egova/programming/htdocs/Pro-Profil-Dist-Rak/system/Commands/Server/rewrite.php(34): require_once('/media/egova/pr...')
#12 {main}
CRITICAL - 2020-08-14 02:21:50 --> Undefined variable: menu
#0 /media/egova/programming/htdocs/Pro-Profil-Dist-Rak/app/Views/layout-frontend/_partials/banner.php(14): CodeIgniter\Debug\Exceptions->errorHandler()
#1 /media/egova/programming/htdocs/Pro-Profil-Dist-Rak/system/View/View.php(246): include('/media/egova/pr...')
#2 /media/egova/programming/htdocs/Pro-Profil-Dist-Rak/system/Common.php(1119): CodeIgniter\View\View->render()
#3 /media/egova/programming/htdocs/Pro-Profil-Dist-Rak/app/Views/index-frontend.php(7): view()
#4 /media/egova/programming/htdocs/Pro-Profil-Dist-Rak/system/View/View.php(246): include('/media/egova/pr...')
#5 /media/egova/programming/htdocs/Pro-Profil-Dist-Rak/system/Common.php(1119): CodeIgniter\View\View->render()
#6 /media/egova/programming/htdocs/Pro-Profil-Dist-Rak/app/Controllers/Home.php(43): view()
#7 /media/egova/programming/htdocs/Pro-Profil-Dist-Rak/system/CodeIgniter.php(918): App\Controllers\Home->index()
#8 /media/egova/programming/htdocs/Pro-Profil-Dist-Rak/system/CodeIgniter.php(404): CodeIgniter\CodeIgniter->runController()
#9 /media/egova/programming/htdocs/Pro-Profil-Dist-Rak/system/CodeIgniter.php(312): CodeIgniter\CodeIgniter->handleRequest()
#10 /media/egova/programming/htdocs/Pro-Profil-Dist-Rak/public/index.php(45): CodeIgniter\CodeIgniter->run()
#11 /media/egova/programming/htdocs/Pro-Profil-Dist-Rak/system/Commands/Server/rewrite.php(34): require_once('/media/egova/pr...')
#12 {main}
CRITICAL - 2020-08-14 02:41:48 --> Invalid file: layout-frontend/pages/contact.php
#0 /media/egova/programming/htdocs/Pro-Profil-Dist-Rak/system/View/View.php(228): CodeIgniter\Exceptions\FrameworkException::forInvalidFile()
#1 /media/egova/programming/htdocs/Pro-Profil-Dist-Rak/system/Common.php(1119): CodeIgniter\View\View->render()
#2 /media/egova/programming/htdocs/Pro-Profil-Dist-Rak/app/Controllers/Home.php(71): view()
#3 /media/egova/programming/htdocs/Pro-Profil-Dist-Rak/system/CodeIgniter.php(918): App\Controllers\Home->contact()
#4 /media/egova/programming/htdocs/Pro-Profil-Dist-Rak/system/CodeIgniter.php(404): CodeIgniter\CodeIgniter->runController()
#5 /media/egova/programming/htdocs/Pro-Profil-Dist-Rak/system/CodeIgniter.php(312): CodeIgniter\CodeIgniter->handleRequest()
#6 /media/egova/programming/htdocs/Pro-Profil-Dist-Rak/public/index.php(45): CodeIgniter\CodeIgniter->run()
#7 /media/egova/programming/htdocs/Pro-Profil-Dist-Rak/system/Commands/Server/rewrite.php(34): require_once('/media/egova/pr...')
#8 {main}
CRITICAL - 2020-08-14 02:48:08 --> Undefined property: stdClass::$contact_no_hp
#0 /media/egova/programming/htdocs/Pro-Profil-Dist-Rak/app/Views/layout-frontend/pages/contact.php(39): CodeIgniter\Debug\Exceptions->errorHandler()
#1 /media/egova/programming/htdocs/Pro-Profil-Dist-Rak/system/View/View.php(246): include('/media/egova/pr...')
#2 /media/egova/programming/htdocs/Pro-Profil-Dist-Rak/system/Common.php(1119): CodeIgniter\View\View->render()
#3 /media/egova/programming/htdocs/Pro-Profil-Dist-Rak/app/Views/index-frontend.php(9): view()
#4 /media/egova/programming/htdocs/Pro-Profil-Dist-Rak/system/View/View.php(246): include('/media/egova/pr...')
#5 /media/egova/programming/htdocs/Pro-Profil-Dist-Rak/system/Common.php(1119): CodeIgniter\View\View->render()
#6 /media/egova/programming/htdocs/Pro-Profil-Dist-Rak/app/Controllers/Home.php(76): view()
#7 /media/egova/programming/htdocs/Pro-Profil-Dist-Rak/system/CodeIgniter.php(918): App\Controllers\Home->contact()
#8 /media/egova/programming/htdocs/Pro-Profil-Dist-Rak/system/CodeIgniter.php(404): CodeIgniter\CodeIgniter->runController()
#9 /media/egova/programming/htdocs/Pro-Profil-Dist-Rak/system/CodeIgniter.php(312): CodeIgniter\CodeIgniter->handleRequest()
#10 /media/egova/programming/htdocs/Pro-Profil-Dist-Rak/public/index.php(45): CodeIgniter\CodeIgniter->run()
#11 /media/egova/programming/htdocs/Pro-Profil-Dist-Rak/system/Commands/Server/rewrite.php(34): require_once('/media/egova/pr...')
#12 {main}
CRITICAL - 2020-08-14 02:51:16 --> Undefined property: stdClass::$contact_no_hp
#0 /media/egova/programming/htdocs/Pro-Profil-Dist-Rak/app/Views/layout-frontend/pages/contact.php(45): CodeIgniter\Debug\Exceptions->errorHandler()
#1 /media/egova/programming/htdocs/Pro-Profil-Dist-Rak/system/View/View.php(246): include('/media/egova/pr...')
#2 /media/egova/programming/htdocs/Pro-Profil-Dist-Rak/system/Common.php(1119): CodeIgniter\View\View->render()
#3 /media/egova/programming/htdocs/Pro-Profil-Dist-Rak/app/Views/index-frontend.php(9): view()
#4 /media/egova/programming/htdocs/Pro-Profil-Dist-Rak/system/View/View.php(246): include('/media/egova/pr...')
#5 /media/egova/programming/htdocs/Pro-Profil-Dist-Rak/system/Common.php(1119): CodeIgniter\View\View->render()
#6 /media/egova/programming/htdocs/Pro-Profil-Dist-Rak/app/Controllers/Home.php(76): view()
#7 /media/egova/programming/htdocs/Pro-Profil-Dist-Rak/system/CodeIgniter.php(918): App\Controllers\Home->contact()
#8 /media/egova/programming/htdocs/Pro-Profil-Dist-Rak/system/CodeIgniter.php(404): CodeIgniter\CodeIgniter->runController()
#9 /media/egova/programming/htdocs/Pro-Profil-Dist-Rak/system/CodeIgniter.php(312): CodeIgniter\CodeIgniter->handleRequest()
#10 /media/egova/programming/htdocs/Pro-Profil-Dist-Rak/public/index.php(45): CodeIgniter\CodeIgniter->run()
#11 /media/egova/programming/htdocs/Pro-Profil-Dist-Rak/system/Commands/Server/rewrite.php(34): require_once('/media/egova/pr...')
#12 {main}
CRITICAL - 2020-08-14 03:04:05 --> Invalid file: layout-frontend/pages/gallery.php
#0 /media/egova/programming/htdocs/Pro-Profil-Dist-Rak/system/View/View.php(228): CodeIgniter\Exceptions\FrameworkException::forInvalidFile()
#1 /media/egova/programming/htdocs/Pro-Profil-Dist-Rak/system/Common.php(1119): CodeIgniter\View\View->render()
#2 /media/egova/programming/htdocs/Pro-Profil-Dist-Rak/app/Controllers/Home.php(87): view()
#3 /media/egova/programming/htdocs/Pro-Profil-Dist-Rak/system/CodeIgniter.php(918): App\Controllers\Home->gallery()
#4 /media/egova/programming/htdocs/Pro-Profil-Dist-Rak/system/CodeIgniter.php(404): CodeIgniter\CodeIgniter->runController()
#5 /media/egova/programming/htdocs/Pro-Profil-Dist-Rak/system/CodeIgniter.php(312): CodeIgniter\CodeIgniter->handleRequest()
#6 /media/egova/programming/htdocs/Pro-Profil-Dist-Rak/public/index.php(45): CodeIgniter\CodeIgniter->run()
#7 /media/egova/programming/htdocs/Pro-Profil-Dist-Rak/system/Commands/Server/rewrite.php(34): require_once('/media/egova/pr...')
#8 {main}
CRITICAL - 2020-08-14 03:06:33 --> Undefined variable: profil
#0 /media/egova/programming/htdocs/Pro-Profil-Dist-Rak/app/Views/layout-frontend/pages/gallery.php(3): CodeIgniter\Debug\Exceptions->errorHandler()
#1 /media/egova/programming/htdocs/Pro-Profil-Dist-Rak/system/View/View.php(246): include('/media/egova/pr...')
#2 /media/egova/programming/htdocs/Pro-Profil-Dist-Rak/system/Common.php(1119): CodeIgniter\View\View->render()
#3 /media/egova/programming/htdocs/Pro-Profil-Dist-Rak/app/Controllers/Home.php(87): view()
#4 /media/egova/programming/htdocs/Pro-Profil-Dist-Rak/system/CodeIgniter.php(918): App\Controllers\Home->gallery()
#5 /media/egova/programming/htdocs/Pro-Profil-Dist-Rak/system/CodeIgniter.php(404): CodeIgniter\CodeIgniter->runController()
#6 /media/egova/programming/htdocs/Pro-Profil-Dist-Rak/system/CodeIgniter.php(312): CodeIgniter\CodeIgniter->handleRequest()
#7 /media/egova/programming/htdocs/Pro-Profil-Dist-Rak/public/index.php(45): CodeIgniter\CodeIgniter->run()
#8 /media/egova/programming/htdocs/Pro-Profil-Dist-Rak/system/Commands/Server/rewrite.php(34): require_once('/media/egova/pr...')
#9 {main}
CRITICAL - 2020-08-14 03:10:04 --> Undefined property: stdClass::$gallery_desc
#0 /media/egova/programming/htdocs/Pro-Profil-Dist-Rak/app/Views/layout-frontend/pages/gallery.php(19): CodeIgniter\Debug\Exceptions->errorHandler()
#1 /media/egova/programming/htdocs/Pro-Profil-Dist-Rak/system/View/View.php(246): include('/media/egova/pr...')
#2 /media/egova/programming/htdocs/Pro-Profil-Dist-Rak/system/Common.php(1119): CodeIgniter\View\View->render()
#3 /media/egova/programming/htdocs/Pro-Profil-Dist-Rak/app/Views/index-frontend.php(9): view()
#4 /media/egova/programming/htdocs/Pro-Profil-Dist-Rak/system/View/View.php(246): include('/media/egova/pr...')
#5 /media/egova/programming/htdocs/Pro-Profil-Dist-Rak/system/Common.php(1119): CodeIgniter\View\View->render()
#6 /media/egova/programming/htdocs/Pro-Profil-Dist-Rak/app/Controllers/Home.php(76): view()
#7 /media/egova/programming/htdocs/Pro-Profil-Dist-Rak/system/CodeIgniter.php(918): App\Controllers\Home->gallery()
#8 /media/egova/programming/htdocs/Pro-Profil-Dist-Rak/system/CodeIgniter.php(404): CodeIgniter\CodeIgniter->runController()
#9 /media/egova/programming/htdocs/Pro-Profil-Dist-Rak/system/CodeIgniter.php(312): CodeIgniter\CodeIgniter->handleRequest()
#10 /media/egova/programming/htdocs/Pro-Profil-Dist-Rak/public/index.php(45): CodeIgniter\CodeIgniter->run()
#11 /media/egova/programming/htdocs/Pro-Profil-Dist-Rak/system/Commands/Server/rewrite.php(34): require_once('/media/egova/pr...')
#12 {main}
CRITICAL - 2020-08-14 09:55:11 --> Undefined property: stdClass::$product_id
#0 /media/egova/programming/htdocs/Pro-Profil-Dist-Rak/app/Views/layout-frontend/pages/home.php(34): CodeIgniter\Debug\Exceptions->errorHandler()
#1 /media/egova/programming/htdocs/Pro-Profil-Dist-Rak/system/View/View.php(246): include('/media/egova/pr...')
#2 /media/egova/programming/htdocs/Pro-Profil-Dist-Rak/system/Common.php(1119): CodeIgniter\View\View->render()
#3 /media/egova/programming/htdocs/Pro-Profil-Dist-Rak/app/Views/index-frontend.php(9): view()
#4 /media/egova/programming/htdocs/Pro-Profil-Dist-Rak/system/View/View.php(246): include('/media/egova/pr...')
#5 /media/egova/programming/htdocs/Pro-Profil-Dist-Rak/system/Common.php(1119): CodeIgniter\View\View->render()
#6 /media/egova/programming/htdocs/Pro-Profil-Dist-Rak/app/Controllers/Home.php(44): view()
#7 /media/egova/programming/htdocs/Pro-Profil-Dist-Rak/system/CodeIgniter.php(918): App\Controllers\Home->index()
#8 /media/egova/programming/htdocs/Pro-Profil-Dist-Rak/system/CodeIgniter.php(404): CodeIgniter\CodeIgniter->runController()
#9 /media/egova/programming/htdocs/Pro-Profil-Dist-Rak/system/CodeIgniter.php(312): CodeIgniter\CodeIgniter->handleRequest()
#10 /media/egova/programming/htdocs/Pro-Profil-Dist-Rak/public/index.php(45): CodeIgniter\CodeIgniter->run()
#11 /media/egova/programming/htdocs/Pro-Profil-Dist-Rak/system/Commands/Server/rewrite.php(34): require_once('/media/egova/pr...')
#12 {main}
CRITICAL - 2020-08-14 10:01:31 --> Undefined variable: row
#0 /media/egova/programming/htdocs/Pro-Profil-Dist-Rak/app/Views/layout-frontend/pages/detail.php(14): CodeIgniter\Debug\Exceptions->errorHandler()
#1 /media/egova/programming/htdocs/Pro-Profil-Dist-Rak/system/View/View.php(246): include('/media/egova/pr...')
#2 /media/egova/programming/htdocs/Pro-Profil-Dist-Rak/system/Common.php(1119): CodeIgniter\View\View->render()
#3 /media/egova/programming/htdocs/Pro-Profil-Dist-Rak/app/Views/index-frontend.php(9): view()
#4 /media/egova/programming/htdocs/Pro-Profil-Dist-Rak/system/View/View.php(246): include('/media/egova/pr...')
#5 /media/egova/programming/htdocs/Pro-Profil-Dist-Rak/system/Common.php(1119): CodeIgniter\View\View->render()
#6 /media/egova/programming/htdocs/Pro-Profil-Dist-Rak/app/Controllers/Home.php(124): view()
#7 /media/egova/programming/htdocs/Pro-Profil-Dist-Rak/system/CodeIgniter.php(918): App\Controllers\Home->detail()
#8 /media/egova/programming/htdocs/Pro-Profil-Dist-Rak/system/CodeIgniter.php(404): CodeIgniter\CodeIgniter->runController()
#9 /media/egova/programming/htdocs/Pro-Profil-Dist-Rak/system/CodeIgniter.php(312): CodeIgniter\CodeIgniter->handleRequest()
#10 /media/egova/programming/htdocs/Pro-Profil-Dist-Rak/public/index.php(45): CodeIgniter\CodeIgniter->run()
#11 /media/egova/programming/htdocs/Pro-Profil-Dist-Rak/system/Commands/Server/rewrite.php(34): require_once('/media/egova/pr...')
#12 {main}
CRITICAL - 2020-08-14 10:04:04 --> Undefined variable: row
#0 /media/egova/programming/htdocs/Pro-Profil-Dist-Rak/app/Views/layout-frontend/pages/detail.php(25): CodeIgniter\Debug\Exceptions->errorHandler()
#1 /media/egova/programming/htdocs/Pro-Profil-Dist-Rak/system/View/View.php(246): include('/media/egova/pr...')
#2 /media/egova/programming/htdocs/Pro-Profil-Dist-Rak/system/Common.php(1119): CodeIgniter\View\View->render()
#3 /media/egova/programming/htdocs/Pro-Profil-Dist-Rak/app/Views/index-frontend.php(9): view()
#4 /media/egova/programming/htdocs/Pro-Profil-Dist-Rak/system/View/View.php(246): include('/media/egova/pr...')
#5 /media/egova/programming/htdocs/Pro-Profil-Dist-Rak/system/Common.php(1119): CodeIgniter\View\View->render()
#6 /media/egova/programming/htdocs/Pro-Profil-Dist-Rak/app/Controllers/Home.php(124): view()
#7 /media/egova/programming/htdocs/Pro-Profil-Dist-Rak/system/CodeIgniter.php(918): App\Controllers\Home->detail()
#8 /media/egova/programming/htdocs/Pro-Profil-Dist-Rak/system/CodeIgniter.php(404): CodeIgniter\CodeIgniter->runController()
#9 /media/egova/programming/htdocs/Pro-Profil-Dist-Rak/system/CodeIgniter.php(312): CodeIgniter\CodeIgniter->handleRequest()
#10 /media/egova/programming/htdocs/Pro-Profil-Dist-Rak/public/index.php(45): CodeIgniter\CodeIgniter->run()
#11 /media/egova/programming/htdocs/Pro-Profil-Dist-Rak/system/Commands/Server/rewrite.php(34): require_once('/media/egova/pr...')
#12 {main}
CRITICAL - 2020-08-14 20:44:15 --> Unable to connect to the database.
#0 /home/dygaocom/public_html/web/system/Database/BaseConnection.php(646): CodeIgniter\Database\BaseConnection->initialize()
#1 /home/dygaocom/public_html/web/system/Database/BaseBuilder.php(2019): CodeIgniter\Database\BaseConnection->query('SELECT *\nFROM `...', Array, false)
#2 /home/dygaocom/public_html/web/app/Models/ProfilModel.php(21): CodeIgniter\Database\BaseBuilder->getWhere(Array)
#3 /home/dygaocom/public_html/web/app/Controllers/Home.php(36): App\Models\ProfilModel->get(1)
#4 /home/dygaocom/public_html/web/system/CodeIgniter.php(918): App\Controllers\Home->index()
#5 /home/dygaocom/public_html/web/system/CodeIgniter.php(404): CodeIgniter\CodeIgniter->runController(Object(App\Controllers\Home))
#6 /home/dygaocom/public_html/web/system/CodeIgniter.php(312): CodeIgniter\CodeIgniter->handleRequest(NULL, Object(Config\Cache), false)
#7 /home/dygaocom/public_html/xxx/index.php(45): CodeIgniter\CodeIgniter->run()
#8 {main}
CRITICAL - 2020-08-14 21:28:28 --> Cannot use [] for reading
#0 [internal function]: CodeIgniter\Debug\Exceptions->shutdownHandler()
#1 {main}
CRITICAL - 2020-08-14 21:28:30 --> Cannot use [] for reading
#0 [internal function]: CodeIgniter\Debug\Exceptions->shutdownHandler()
#1 {main}
CRITICAL - 2020-08-14 21:28:32 --> Cannot use [] for reading
#0 [internal function]: CodeIgniter\Debug\Exceptions->shutdownHandler()
#1 {main}
CRITICAL - 2020-08-14 21:29:27 --> syntax error, unexpected ')', expecting ']'
#0 /home/dygaocom/public_html/web/system/Common.php(1119): CodeIgniter\View\View->render('layout-backend/...', Array, true)
#1 /home/dygaocom/public_html/web/app/Views/index-backend.php(4): view('layout-backend/...')
#2 /home/dygaocom/public_html/web/system/View/View.php(246): include('/home/dygaocom/...')
#3 /home/dygaocom/public_html/web/system/Common.php(1119): CodeIgniter\View\View->render('index-backend.p...', Array, true)
#4 /home/dygaocom/public_html/web/app/Controllers/Contact.php(27): view('index-backend.p...', Array)
#5 /home/dygaocom/public_html/web/system/CodeIgniter.php(918): App\Controllers\Contact->index()
#6 /home/dygaocom/public_html/web/system/CodeIgniter.php(404): CodeIgniter\CodeIgniter->runController(Object(App\Controllers\Contact))
#7 /home/dygaocom/public_html/web/system/CodeIgniter.php(312): CodeIgniter\CodeIgniter->handleRequest(NULL, Object(Config\Cache), false)
#8 /home/dygaocom/public_html/xxx/index.php(45): CodeIgniter\CodeIgniter->run()
#9 {main}
