CRITICAL - 2020-08-12 04:51:53 --> Trying to get property 'contact_facebook' of non-object
#0 /media/egova/programming/Local Server/Pro-Profil-Dist-Rak/app/Views/layout-backend/pages/contact/v_index.php(43): CodeIgniter\Debug\Exceptions->errorHandler()
#1 /media/egova/programming/Local Server/Pro-Profil-Dist-Rak/system/View/View.php(246): include('/media/egova/pr...')
#2 /media/egova/programming/Local Server/Pro-Profil-Dist-Rak/system/Common.php(1119): CodeIgniter\View\View->render()
#3 /media/egova/programming/Local Server/Pro-Profil-Dist-Rak/app/Views/index-backend.php(5): view()
#4 /media/egova/programming/Local Server/Pro-Profil-Dist-Rak/system/View/View.php(246): include('/media/egova/pr...')
#5 /media/egova/programming/Local Server/Pro-Profil-Dist-Rak/system/Common.php(1119): CodeIgniter\View\View->render()
#6 /media/egova/programming/Local Server/Pro-Profil-Dist-Rak/app/Controllers/Contact.php(27): view()
#7 /media/egova/programming/Local Server/Pro-Profil-Dist-Rak/system/CodeIgniter.php(918): App\Controllers\Contact->index()
#8 /media/egova/programming/Local Server/Pro-Profil-Dist-Rak/system/CodeIgniter.php(404): CodeIgniter\CodeIgniter->runController()
#9 /media/egova/programming/Local Server/Pro-Profil-Dist-Rak/system/CodeIgniter.php(312): CodeIgniter\CodeIgniter->handleRequest()
#10 /media/egova/programming/Local Server/Pro-Profil-Dist-Rak/public/index.php(45): CodeIgniter\CodeIgniter->run()
#11 /media/egova/programming/Local Server/Pro-Profil-Dist-Rak/system/Commands/Server/rewrite.php(34): require_once('/media/egova/pr...')
#12 {main}
CRITICAL - 2020-08-12 04:52:25 --> Undefined property: stdClass::$contact_youtube
#0 /media/egova/programming/Local Server/Pro-Profil-Dist-Rak/app/Views/layout-backend/pages/contact/v_index.php(59): CodeIgniter\Debug\Exceptions->errorHandler()
#1 /media/egova/programming/Local Server/Pro-Profil-Dist-Rak/system/View/View.php(246): include('/media/egova/pr...')
#2 /media/egova/programming/Local Server/Pro-Profil-Dist-Rak/system/Common.php(1119): CodeIgniter\View\View->render()
#3 /media/egova/programming/Local Server/Pro-Profil-Dist-Rak/app/Views/index-backend.php(5): view()
#4 /media/egova/programming/Local Server/Pro-Profil-Dist-Rak/system/View/View.php(246): include('/media/egova/pr...')
#5 /media/egova/programming/Local Server/Pro-Profil-Dist-Rak/system/Common.php(1119): CodeIgniter\View\View->render()
#6 /media/egova/programming/Local Server/Pro-Profil-Dist-Rak/app/Controllers/Contact.php(27): view()
#7 /media/egova/programming/Local Server/Pro-Profil-Dist-Rak/system/CodeIgniter.php(918): App\Controllers\Contact->index()
#8 /media/egova/programming/Local Server/Pro-Profil-Dist-Rak/system/CodeIgniter.php(404): CodeIgniter\CodeIgniter->runController()
#9 /media/egova/programming/Local Server/Pro-Profil-Dist-Rak/system/CodeIgniter.php(312): CodeIgniter\CodeIgniter->handleRequest()
#10 /media/egova/programming/Local Server/Pro-Profil-Dist-Rak/public/index.php(45): CodeIgniter\CodeIgniter->run()
#11 /media/egova/programming/Local Server/Pro-Profil-Dist-Rak/system/Commands/Server/rewrite.php(34): require_once('/media/egova/pr...')
#12 {main}
CRITICAL - 2020-08-12 04:52:57 --> Undefined property: stdClass::$contact_rek_bri
#0 /media/egova/programming/Local Server/Pro-Profil-Dist-Rak/app/Views/layout-backend/pages/contact/v_index.php(83): CodeIgniter\Debug\Exceptions->errorHandler()
#1 /media/egova/programming/Local Server/Pro-Profil-Dist-Rak/system/View/View.php(246): include('/media/egova/pr...')
#2 /media/egova/programming/Local Server/Pro-Profil-Dist-Rak/system/Common.php(1119): CodeIgniter\View\View->render()
#3 /media/egova/programming/Local Server/Pro-Profil-Dist-Rak/app/Views/index-backend.php(5): view()
#4 /media/egova/programming/Local Server/Pro-Profil-Dist-Rak/system/View/View.php(246): include('/media/egova/pr...')
#5 /media/egova/programming/Local Server/Pro-Profil-Dist-Rak/system/Common.php(1119): CodeIgniter\View\View->render()
#6 /media/egova/programming/Local Server/Pro-Profil-Dist-Rak/app/Controllers/Contact.php(27): view()
#7 /media/egova/programming/Local Server/Pro-Profil-Dist-Rak/system/CodeIgniter.php(918): App\Controllers\Contact->index()
#8 /media/egova/programming/Local Server/Pro-Profil-Dist-Rak/system/CodeIgniter.php(404): CodeIgniter\CodeIgniter->runController()
#9 /media/egova/programming/Local Server/Pro-Profil-Dist-Rak/system/CodeIgniter.php(312): CodeIgniter\CodeIgniter->handleRequest()
#10 /media/egova/programming/Local Server/Pro-Profil-Dist-Rak/public/index.php(45): CodeIgniter\CodeIgniter->run()
#11 /media/egova/programming/Local Server/Pro-Profil-Dist-Rak/system/Commands/Server/rewrite.php(34): require_once('/media/egova/pr...')
#12 {main}
CRITICAL - 2020-08-12 04:55:18 --> Undefined property: stdClass::$contact_youtube
#0 /media/egova/programming/Local Server/Pro-Profil-Dist-Rak/app/Views/layout-backend/pages/contact/v_update.php(50): CodeIgniter\Debug\Exceptions->errorHandler()
#1 /media/egova/programming/Local Server/Pro-Profil-Dist-Rak/system/View/View.php(246): include('/media/egova/pr...')
#2 /media/egova/programming/Local Server/Pro-Profil-Dist-Rak/system/Common.php(1119): CodeIgniter\View\View->render()
#3 /media/egova/programming/Local Server/Pro-Profil-Dist-Rak/app/Views/index-backend.php(5): view()
#4 /media/egova/programming/Local Server/Pro-Profil-Dist-Rak/system/View/View.php(246): include('/media/egova/pr...')
#5 /media/egova/programming/Local Server/Pro-Profil-Dist-Rak/system/Common.php(1119): CodeIgniter\View\View->render()
#6 /media/egova/programming/Local Server/Pro-Profil-Dist-Rak/app/Controllers/Contact.php(64): view()
#7 /media/egova/programming/Local Server/Pro-Profil-Dist-Rak/system/CodeIgniter.php(918): App\Controllers\Contact->update()
#8 /media/egova/programming/Local Server/Pro-Profil-Dist-Rak/system/CodeIgniter.php(404): CodeIgniter\CodeIgniter->runController()
#9 /media/egova/programming/Local Server/Pro-Profil-Dist-Rak/system/CodeIgniter.php(312): CodeIgniter\CodeIgniter->handleRequest()
#10 /media/egova/programming/Local Server/Pro-Profil-Dist-Rak/public/index.php(45): CodeIgniter\CodeIgniter->run()
#11 /media/egova/programming/Local Server/Pro-Profil-Dist-Rak/system/Commands/Server/rewrite.php(34): require_once('/media/egova/pr...')
#12 {main}
CRITICAL - 2020-08-12 04:55:34 --> Undefined property: stdClass::$contact_rek_bri
#0 /media/egova/programming/Local Server/Pro-Profil-Dist-Rak/app/Views/layout-backend/pages/contact/v_update.php(64): CodeIgniter\Debug\Exceptions->errorHandler()
#1 /media/egova/programming/Local Server/Pro-Profil-Dist-Rak/system/View/View.php(246): include('/media/egova/pr...')
#2 /media/egova/programming/Local Server/Pro-Profil-Dist-Rak/system/Common.php(1119): CodeIgniter\View\View->render()
#3 /media/egova/programming/Local Server/Pro-Profil-Dist-Rak/app/Views/index-backend.php(5): view()
#4 /media/egova/programming/Local Server/Pro-Profil-Dist-Rak/system/View/View.php(246): include('/media/egova/pr...')
#5 /media/egova/programming/Local Server/Pro-Profil-Dist-Rak/system/Common.php(1119): CodeIgniter\View\View->render()
#6 /media/egova/programming/Local Server/Pro-Profil-Dist-Rak/app/Controllers/Contact.php(64): view()
#7 /media/egova/programming/Local Server/Pro-Profil-Dist-Rak/system/CodeIgniter.php(918): App\Controllers\Contact->update()
#8 /media/egova/programming/Local Server/Pro-Profil-Dist-Rak/system/CodeIgniter.php(404): CodeIgniter\CodeIgniter->runController()
#9 /media/egova/programming/Local Server/Pro-Profil-Dist-Rak/system/CodeIgniter.php(312): CodeIgniter\CodeIgniter->handleRequest()
#10 /media/egova/programming/Local Server/Pro-Profil-Dist-Rak/public/index.php(45): CodeIgniter\CodeIgniter->run()
#11 /media/egova/programming/Local Server/Pro-Profil-Dist-Rak/system/Commands/Server/rewrite.php(34): require_once('/media/egova/pr...')
#12 {main}
CRITICAL - 2020-08-12 04:59:45 --> Trying to get property 'profil_nama' of non-object
#0 /media/egova/programming/Local Server/Pro-Profil-Dist-Rak/app/Views/layout-backend/pages/profil/v_index.php(43): CodeIgniter\Debug\Exceptions->errorHandler()
#1 /media/egova/programming/Local Server/Pro-Profil-Dist-Rak/system/View/View.php(246): include('/media/egova/pr...')
#2 /media/egova/programming/Local Server/Pro-Profil-Dist-Rak/system/Common.php(1119): CodeIgniter\View\View->render()
#3 /media/egova/programming/Local Server/Pro-Profil-Dist-Rak/app/Views/index-backend.php(5): view()
#4 /media/egova/programming/Local Server/Pro-Profil-Dist-Rak/system/View/View.php(246): include('/media/egova/pr...')
#5 /media/egova/programming/Local Server/Pro-Profil-Dist-Rak/system/Common.php(1119): CodeIgniter\View\View->render()
#6 /media/egova/programming/Local Server/Pro-Profil-Dist-Rak/app/Controllers/Profil.php(27): view()
#7 /media/egova/programming/Local Server/Pro-Profil-Dist-Rak/system/CodeIgniter.php(918): App\Controllers\Profil->index()
#8 /media/egova/programming/Local Server/Pro-Profil-Dist-Rak/system/CodeIgniter.php(404): CodeIgniter\CodeIgniter->runController()
#9 /media/egova/programming/Local Server/Pro-Profil-Dist-Rak/system/CodeIgniter.php(312): CodeIgniter\CodeIgniter->handleRequest()
#10 /media/egova/programming/Local Server/Pro-Profil-Dist-Rak/public/index.php(45): CodeIgniter\CodeIgniter->run()
#11 /media/egova/programming/Local Server/Pro-Profil-Dist-Rak/system/Commands/Server/rewrite.php(34): require_once('/media/egova/pr...')
#12 {main}
CRITICAL - 2020-08-12 23:00:35 --> Class 'App\Models\RentModel' not found
#0 /media/egova/programming/htdocs/Pro-Profil-Dist-Rak/system/CodeIgniter.php(890): App\Controllers\Home->__construct()
#1 /media/egova/programming/htdocs/Pro-Profil-Dist-Rak/system/CodeIgniter.php(399): CodeIgniter\CodeIgniter->createController()
#2 /media/egova/programming/htdocs/Pro-Profil-Dist-Rak/system/CodeIgniter.php(312): CodeIgniter\CodeIgniter->handleRequest(NULL, Object(Config\Cache), false)
#3 /media/egova/programming/htdocs/Pro-Profil-Dist-Rak/public/index.php(45): CodeIgniter\CodeIgniter->run()
#4 {main}
CRITICAL - 2020-08-12 23:00:41 --> chmod(): Operation not permitted
#0 [internal function]: CodeIgniter\Debug\Exceptions->errorHandler(2, 'chmod(): Operat...', '/media/egova/pr...', 198, Array)
#1 /media/egova/programming/htdocs/Pro-Profil-Dist-Rak/system/Session/Handlers/FileHandler.php(198): chmod('/media/egova/pr...', 384)
#2 [internal function]: CodeIgniter\Session\Handlers\FileHandler->read('16b6b6b41b73833...')
#3 /media/egova/programming/htdocs/Pro-Profil-Dist-Rak/system/Session/Session.php(1005): session_start()
#4 /media/egova/programming/htdocs/Pro-Profil-Dist-Rak/system/Session/Session.php(240): CodeIgniter\Session\Session->startSession()
#5 /media/egova/programming/htdocs/Pro-Profil-Dist-Rak/system/Config/Services.php(788): CodeIgniter\Session\Session->start()
#6 /media/egova/programming/htdocs/Pro-Profil-Dist-Rak/system/Config/BaseService.php(123): CodeIgniter\Config\Services::session(Object(Config\App), false)
#7 /media/egova/programming/htdocs/Pro-Profil-Dist-Rak/system/Config/Services.php(769): CodeIgniter\Config\BaseService::getSharedInstance('session', NULL)
#8 /media/egova/programming/htdocs/Pro-Profil-Dist-Rak/system/Common.php(957): CodeIgniter\Config\Services::session()
#9 /media/egova/programming/htdocs/Pro-Profil-Dist-Rak/app/ThirdParty/myth-auth/src/Controllers/AuthController.php(26): service('session')
#10 /media/egova/programming/htdocs/Pro-Profil-Dist-Rak/system/CodeIgniter.php(890): Myth\Auth\Controllers\AuthController->__construct()
#11 /media/egova/programming/htdocs/Pro-Profil-Dist-Rak/system/CodeIgniter.php(399): CodeIgniter\CodeIgniter->createController()
#12 /media/egova/programming/htdocs/Pro-Profil-Dist-Rak/system/CodeIgniter.php(312): CodeIgniter\CodeIgniter->handleRequest(NULL, Object(Config\Cache), false)
#13 /media/egova/programming/htdocs/Pro-Profil-Dist-Rak/public/index.php(45): CodeIgniter\CodeIgniter->run()
#14 {main}
CRITICAL - 2020-08-12 23:03:27 --> Class 'App\Models\RentModel' not found
#0 /media/egova/programming/htdocs/Pro-Profil-Dist-Rak/system/CodeIgniter.php(890): App\Controllers\Home->__construct()
#1 /media/egova/programming/htdocs/Pro-Profil-Dist-Rak/system/CodeIgniter.php(399): CodeIgniter\CodeIgniter->createController()
#2 /media/egova/programming/htdocs/Pro-Profil-Dist-Rak/system/CodeIgniter.php(312): CodeIgniter\CodeIgniter->handleRequest()
#3 /media/egova/programming/htdocs/Pro-Profil-Dist-Rak/public/index.php(45): CodeIgniter\CodeIgniter->run()
#4 /media/egova/programming/htdocs/Pro-Profil-Dist-Rak/system/Commands/Server/rewrite.php(34): require_once('/media/egova/pr...')
#5 {main}
CRITICAL - 2020-08-12 23:33:07 --> Undefined property: stdClass::$profil_candra
#0 /media/egova/programming/htdocs/Pro-Profil-Dist-Rak/app/Views/layout-backend/pages/profil/v_update.php(52): CodeIgniter\Debug\Exceptions->errorHandler()
#1 /media/egova/programming/htdocs/Pro-Profil-Dist-Rak/system/View/View.php(246): include('/media/egova/pr...')
#2 /media/egova/programming/htdocs/Pro-Profil-Dist-Rak/system/Common.php(1119): CodeIgniter\View\View->render()
#3 /media/egova/programming/htdocs/Pro-Profil-Dist-Rak/app/Views/index-backend.php(5): view()
#4 /media/egova/programming/htdocs/Pro-Profil-Dist-Rak/system/View/View.php(246): include('/media/egova/pr...')
#5 /media/egova/programming/htdocs/Pro-Profil-Dist-Rak/system/Common.php(1119): CodeIgniter\View\View->render()
#6 /media/egova/programming/htdocs/Pro-Profil-Dist-Rak/app/Controllers/Profil.php(62): view()
#7 /media/egova/programming/htdocs/Pro-Profil-Dist-Rak/system/CodeIgniter.php(918): App\Controllers\Profil->update()
#8 /media/egova/programming/htdocs/Pro-Profil-Dist-Rak/system/CodeIgniter.php(404): CodeIgniter\CodeIgniter->runController()
#9 /media/egova/programming/htdocs/Pro-Profil-Dist-Rak/system/CodeIgniter.php(312): CodeIgniter\CodeIgniter->handleRequest()
#10 /media/egova/programming/htdocs/Pro-Profil-Dist-Rak/public/index.php(45): CodeIgniter\CodeIgniter->run()
#11 /media/egova/programming/htdocs/Pro-Profil-Dist-Rak/system/Commands/Server/rewrite.php(34): require_once('/media/egova/pr...')
#12 {main}
CRITICAL - 2020-08-12 23:34:30 --> Undefined property: stdClass::$profil_candra
#0 /media/egova/programming/htdocs/Pro-Profil-Dist-Rak/app/Views/layout-backend/pages/profil/v_update.php(52): CodeIgniter\Debug\Exceptions->errorHandler()
#1 /media/egova/programming/htdocs/Pro-Profil-Dist-Rak/system/View/View.php(246): include('/media/egova/pr...')
#2 /media/egova/programming/htdocs/Pro-Profil-Dist-Rak/system/Common.php(1119): CodeIgniter\View\View->render()
#3 /media/egova/programming/htdocs/Pro-Profil-Dist-Rak/app/Views/index-backend.php(5): view()
#4 /media/egova/programming/htdocs/Pro-Profil-Dist-Rak/system/View/View.php(246): include('/media/egova/pr...')
#5 /media/egova/programming/htdocs/Pro-Profil-Dist-Rak/system/Common.php(1119): CodeIgniter\View\View->render()
#6 /media/egova/programming/htdocs/Pro-Profil-Dist-Rak/app/Controllers/Profil.php(62): view()
#7 /media/egova/programming/htdocs/Pro-Profil-Dist-Rak/system/CodeIgniter.php(918): App\Controllers\Profil->update()
#8 /media/egova/programming/htdocs/Pro-Profil-Dist-Rak/system/CodeIgniter.php(404): CodeIgniter\CodeIgniter->runController()
#9 /media/egova/programming/htdocs/Pro-Profil-Dist-Rak/system/CodeIgniter.php(312): CodeIgniter\CodeIgniter->handleRequest()
#10 /media/egova/programming/htdocs/Pro-Profil-Dist-Rak/public/index.php(45): CodeIgniter\CodeIgniter->run()
#11 /media/egova/programming/htdocs/Pro-Profil-Dist-Rak/system/Commands/Server/rewrite.php(34): require_once('/media/egova/pr...')
#12 {main}
CRITICAL - 2020-08-12 23:55:37 --> Class 'App\Models\RentModel' not found
#0 /media/egova/programming/htdocs/Pro-Profil-Dist-Rak/system/CodeIgniter.php(890): App\Controllers\Rent->__construct()
#1 /media/egova/programming/htdocs/Pro-Profil-Dist-Rak/system/CodeIgniter.php(399): CodeIgniter\CodeIgniter->createController()
#2 /media/egova/programming/htdocs/Pro-Profil-Dist-Rak/system/CodeIgniter.php(312): CodeIgniter\CodeIgniter->handleRequest()
#3 /media/egova/programming/htdocs/Pro-Profil-Dist-Rak/public/index.php(45): CodeIgniter\CodeIgniter->run()
#4 /media/egova/programming/htdocs/Pro-Profil-Dist-Rak/system/Commands/Server/rewrite.php(34): require_once('/media/egova/pr...')
#5 {main}
